{"uid":"a1187904b853b87d","name":"Click Call Me on the 1st step of the web funnel form (product is not selected)","fullName":"com.itechart.tests.AciertoCallMeTest.acietroCallMeFirstPage","historyId":"1f41a5ca11f3bf6b4dcf527fb93433a4","time":{"start":1674823202289,"stop":1674823225254,"duration":22965},"status":"failed","statusMessage":"Element not found {By.xpath: //*[contains(@class,'windowViewMode') and contains(@class,'active')]//*[text() = 'Caso']/ancestor::*[contains(@class, 'slds-hint-parent')]//*[contains(@class, 'test-id__field-value')]}\nExpected: text \"00013063\"\nScreenshot: file:/home/runner/work/AciertoTests/AciertoTests/build/reports/tests/1674823224868.9.png\nPage source: file:/home/runner/work/AciertoTests/AciertoTests/build/reports/tests/1674823224868.9.html\nTimeout: 7 s.\nCaused by: NoSuchElementException: no such element: Unable to locate element: {\"method\":\"xpath\",\"selector\":\"//*[contains(@class,'windowViewMode') and contains(@class,'active')]//*[text() = 'Caso']/ancestor::*[contains(@class, 'slds-hint-parent')]//*[contains(@class, 'test-id__field-value')]\"}","statusTrace":"Element not found {By.xpath: //*[contains(@class,'windowViewMode') and contains(@class,'active')]//*[text() = 'Caso']/ancestor::*[contains(@class, 'slds-hint-parent')]//*[contains(@class, 'test-id__field-value')]}\nExpected: text \"00013063\"\nScreenshot: file:/home/runner/work/AciertoTests/AciertoTests/build/reports/tests/1674823224868.9.png\nPage source: file:/home/runner/work/AciertoTests/AciertoTests/build/reports/tests/1674823224868.9.html\nTimeout: 7 s.\nCaused by: NoSuchElementException: no such element: Unable to locate element: {\"method\":\"xpath\",\"selector\":\"//*[contains(@class,'windowViewMode') and contains(@class,'active')]//*[text() = 'Caso']/ancestor::*[contains(@class, 'slds-hint-parent')]//*[contains(@class, 'test-id__field-value')]\"}\n\tat com.codeborne.selenide.impl.WebElementSource.createElementNotFoundError(WebElementSource.java:87)\n\tat com.codeborne.selenide.impl.ElementFinder.createElementNotFoundError(ElementFinder.java:138)\n\tat com.codeborne.selenide.impl.WebElementSource.checkConditionAndReturnElement(WebElementSource.java:129)\n\tat com.codeborne.selenide.impl.WebElementSource.checkCondition(WebElementSource.java:98)\n\tat com.codeborne.selenide.commands.Should.execute(Should.java:30)\n\tat com.codeborne.selenide.commands.Should.execute(Should.java:14)\n\tat com.codeborne.selenide.commands.Commands.execute(Commands.java:157)\n\tat com.codeborne.selenide.impl.SelenideElementProxy.dispatchAndRetry(SelenideElementProxy.java:130)\n\tat com.codeborne.selenide.impl.SelenideElementProxy.invoke(SelenideElementProxy.java:82)\n\tat com.sun.proxy.$Proxy30.shouldHave(Unknown Source)\n\tat io.github.dzmitryrak.utils.ElementHelper.validate(ElementHelper.java:202)\n\tat io.github.dzmitryrak.utils.ElementHelper.validate(ElementHelper.java:215)\n\tat io.github.dzmitryrak.pages.DetailsPage.validate(DetailsPage.java:73)\n\tat com.itechart.tests.AciertoCallMeTest.acietroCallMeFirstPage(AciertoCallMeTest.java:41)\n\tat java.base/jdk.internal.reflect.NativeMethodAccessorImpl.invoke0(Native Method)\n\tat java.base/jdk.internal.reflect.NativeMethodAccessorImpl.invoke(NativeMethodAccessorImpl.java:62)\n\tat java.base/jdk.internal.reflect.DelegatingMethodAccessorImpl.invoke(DelegatingMethodAccessorImpl.java:43)\n\tat java.base/java.lang.reflect.Method.invoke(Method.java:566)\n\tat org.testng.internal.invokers.MethodInvocationHelper.invokeMethod(MethodInvocationHelper.java:139)\n\tat org.testng.internal.invokers.TestInvoker.invokeMethod(TestInvoker.java:677)\n\tat org.testng.internal.invokers.TestInvoker.retryFailed(TestInvoker.java:263)\n\tat org.testng.internal.invokers.MethodRunner.runInSequence(MethodRunner.java:62)\n\tat org.testng.internal.invokers.TestInvoker$MethodInvocationAgent.invoke(TestInvoker.java:962)\n\tat org.testng.internal.invokers.TestInvoker.invokeTestMethods(TestInvoker.java:194)\n\tat org.testng.internal.invokers.TestMethodWorker.invokeTestMethods(TestMethodWorker.java:148)\n\tat org.testng.internal.invokers.TestMethodWorker.run(TestMethodWorker.java:128)\n\tat java.base/java.util.ArrayList.forEach(ArrayList.java:1541)\n\tat org.testng.TestRunner.privateRun(TestRunner.java:806)\n\tat org.testng.TestRunner.run(TestRunner.java:601)\n\tat org.testng.SuiteRunner.runTest(SuiteRunner.java:433)\n\tat org.testng.SuiteRunner$SuiteWorker.run(SuiteRunner.java:471)\n\tat org.testng.internal.thread.ThreadUtil.lambda$execute$0(ThreadUtil.java:58)\n\tat java.base/java.util.concurrent.FutureTask.run(FutureTask.java:264)\n\tat java.base/java.util.concurrent.ThreadPoolExecutor.runWorker(ThreadPoolExecutor.java:1128)\n\tat java.base/java.util.concurrent.ThreadPoolExecutor$Worker.run(ThreadPoolExecutor.java:628)\n\tat java.base/java.lang.Thread.run(Thread.java:829)\nCaused by: org.openqa.selenium.NoSuchElementException: no such element: Unable to locate element: {\"method\":\"xpath\",\"selector\":\"//*[contains(@class,'windowViewMode') and contains(@class,'active')]//*[text() = 'Caso']/ancestor::*[contains(@class, 'slds-hint-parent')]//*[contains(@class, 'test-id__field-value')]\"}\n  (Session info: headless chrome=109.0.5414.74)\nFor documentation on this error, please visit: https://selenium.dev/exceptions/#no_such_element\nBuild info: version: '4.6.0', revision: '79f1c02ae20'\nSystem info: os.name: 'Linux', os.arch: 'amd64', os.version: '5.15.0-1031-azure', java.version: '11.0.17'\nDriver info: org.openqa.selenium.chrome.ChromeDriver\nCommand: [404de94400ca8f0ec124b133ed24b071, findElement {using=xpath, value=//*[contains(@class,'windowViewMode') and contains(@class,'active')]//*[text() = 'Caso']/ancestor::*[contains(@class, 'slds-hint-parent')]//*[contains(@class, 'test-id__field-value')]}]\nCapabilities {acceptInsecureCerts: true, browserName: chrome, browserVersion: 109.0.5414.74, chrome: {chromedriverVersion: 109.0.5414.74 (e7c5703604da..., userDataDir: /tmp/.com.google.Chrome.QJUKql}, goog:chromeOptions: {debuggerAddress: localhost:39057}, networkConnectionEnabled: false, pageLoadStrategy: normal, platformName: LINUX, proxy: Proxy(), se:cdp: ws://localhost:39057/devtoo..., se:cdpVersion: 109.0.5414.74, setWindowRect: true, strictFileInteractability: false, timeouts: {implicit: 0, pageLoad: 300000, script: 30000}, unhandledPromptBehavior: accept, webauthn:extension:credBlob: true, webauthn:extension:largeBlob: true, webauthn:virtualAuthenticators: true}\nSession ID: 404de94400ca8f0ec124b133ed24b071\n\tat jdk.internal.reflect.GeneratedConstructorAccessor25.newInstance(Unknown Source)\n\tat java.base/jdk.internal.reflect.DelegatingConstructorAccessorImpl.newInstance(DelegatingConstructorAccessorImpl.java:45)\n\tat java.base/java.lang.reflect.Constructor.newInstance(Constructor.java:490)\n\tat org.openqa.selenium.remote.codec.w3c.W3CHttpResponseCodec.createException(W3CHttpResponseCodec.java:200)\n\tat org.openqa.selenium.remote.codec.w3c.W3CHttpResponseCodec.decode(W3CHttpResponseCodec.java:133)\n\tat org.openqa.selenium.remote.codec.w3c.W3CHttpResponseCodec.decode(W3CHttpResponseCodec.java:53)\n\tat org.openqa.selenium.remote.HttpCommandExecutor.execute(HttpCommandExecutor.java:184)\n\tat org.openqa.selenium.remote.service.DriverCommandExecutor.invokeExecute(DriverCommandExecutor.java:167)\n\tat org.openqa.selenium.remote.service.DriverCommandExecutor.execute(DriverCommandExecutor.java:142)\n\tat org.openqa.selenium.remote.RemoteWebDriver.execute(RemoteWebDriver.java:541)\n\tat org.openqa.selenium.remote.ElementLocation$ElementFinder$2.findElement(ElementLocation.java:162)\n\tat org.openqa.selenium.remote.ElementLocation.findElement(ElementLocation.java:60)\n\tat org.openqa.selenium.remote.RemoteWebDriver.findElement(RemoteWebDriver.java:365)\n\tat org.openqa.selenium.remote.RemoteWebDriver.findElement(RemoteWebDriver.java:357)\n\tat com.codeborne.selenide.impl.WebElementSelector.findElement(WebElementSelector.java:70)\n\tat com.codeborne.selenide.impl.WebElementSelector.findElement(WebElementSelector.java:44)\n\tat com.codeborne.selenide.impl.WebElementSelector.findElement(WebElementSelector.java:33)\n\tat com.codeborne.selenide.impl.ElementFinder.getWebElement(ElementFinder.java:118)\n\tat com.codeborne.selenide.impl.WebElementSource.checkConditionAndReturnElement(WebElementSource.java:110)\n\t... 33 more\n","flaky":false,"newFailed":false,"newBroken":false,"newPassed":false,"retriesCount":2,"retriesStatusChange":true,"beforeStages":[{"name":"Open browser","time":{"start":1674823202020,"stop":1674823202287,"duration":267},"description":"Open browser","status":"passed","steps":[],"attachments":[],"parameters":[],"stepsCount":0,"attachmentsCount":0,"shouldDisplayMessage":false,"hasContent":false}],"testStage":{"status":"failed","statusMessage":"Element not found {By.xpath: //*[contains(@class,'windowViewMode') and contains(@class,'active')]//*[text() = 'Caso']/ancestor::*[contains(@class, 'slds-hint-parent')]//*[contains(@class, 'test-id__field-value')]}\nExpected: text \"00013063\"\nScreenshot: file:/home/runner/work/AciertoTests/AciertoTests/build/reports/tests/1674823224868.9.png\nPage source: file:/home/runner/work/AciertoTests/AciertoTests/build/reports/tests/1674823224868.9.html\nTimeout: 7 s.\nCaused by: NoSuchElementException: no such element: Unable to locate element: {\"method\":\"xpath\",\"selector\":\"//*[contains(@class,'windowViewMode') and contains(@class,'active')]//*[text() = 'Caso']/ancestor::*[contains(@class, 'slds-hint-parent')]//*[contains(@class, 'test-id__field-value')]\"}","statusTrace":"Element not found {By.xpath: //*[contains(@class,'windowViewMode') and contains(@class,'active')]//*[text() = 'Caso']/ancestor::*[contains(@class, 'slds-hint-parent')]//*[contains(@class, 'test-id__field-value')]}\nExpected: text \"00013063\"\nScreenshot: file:/home/runner/work/AciertoTests/AciertoTests/build/reports/tests/1674823224868.9.png\nPage source: file:/home/runner/work/AciertoTests/AciertoTests/build/reports/tests/1674823224868.9.html\nTimeout: 7 s.\nCaused by: NoSuchElementException: no such element: Unable to locate element: {\"method\":\"xpath\",\"selector\":\"//*[contains(@class,'windowViewMode') and contains(@class,'active')]//*[text() = 'Caso']/ancestor::*[contains(@class, 'slds-hint-parent')]//*[contains(@class, 'test-id__field-value')]\"}\n\tat com.codeborne.selenide.impl.WebElementSource.createElementNotFoundError(WebElementSource.java:87)\n\tat com.codeborne.selenide.impl.ElementFinder.createElementNotFoundError(ElementFinder.java:138)\n\tat com.codeborne.selenide.impl.WebElementSource.checkConditionAndReturnElement(WebElementSource.java:129)\n\tat com.codeborne.selenide.impl.WebElementSource.checkCondition(WebElementSource.java:98)\n\tat com.codeborne.selenide.commands.Should.execute(Should.java:30)\n\tat com.codeborne.selenide.commands.Should.execute(Should.java:14)\n\tat com.codeborne.selenide.commands.Commands.execute(Commands.java:157)\n\tat com.codeborne.selenide.impl.SelenideElementProxy.dispatchAndRetry(SelenideElementProxy.java:130)\n\tat com.codeborne.selenide.impl.SelenideElementProxy.invoke(SelenideElementProxy.java:82)\n\tat com.sun.proxy.$Proxy30.shouldHave(Unknown Source)\n\tat io.github.dzmitryrak.utils.ElementHelper.validate(ElementHelper.java:202)\n\tat io.github.dzmitryrak.utils.ElementHelper.validate(ElementHelper.java:215)\n\tat io.github.dzmitryrak.pages.DetailsPage.validate(DetailsPage.java:73)\n\tat com.itechart.tests.AciertoCallMeTest.acietroCallMeFirstPage(AciertoCallMeTest.java:41)\n\tat java.base/jdk.internal.reflect.NativeMethodAccessorImpl.invoke0(Native Method)\n\tat java.base/jdk.internal.reflect.NativeMethodAccessorImpl.invoke(NativeMethodAccessorImpl.java:62)\n\tat java.base/jdk.internal.reflect.DelegatingMethodAccessorImpl.invoke(DelegatingMethodAccessorImpl.java:43)\n\tat java.base/java.lang.reflect.Method.invoke(Method.java:566)\n\tat org.testng.internal.invokers.MethodInvocationHelper.invokeMethod(MethodInvocationHelper.java:139)\n\tat org.testng.internal.invokers.TestInvoker.invokeMethod(TestInvoker.java:677)\n\tat org.testng.internal.invokers.TestInvoker.retryFailed(TestInvoker.java:263)\n\tat org.testng.internal.invokers.MethodRunner.runInSequence(MethodRunner.java:62)\n\tat org.testng.internal.invokers.TestInvoker$MethodInvocationAgent.invoke(TestInvoker.java:962)\n\tat org.testng.internal.invokers.TestInvoker.invokeTestMethods(TestInvoker.java:194)\n\tat org.testng.internal.invokers.TestMethodWorker.invokeTestMethods(TestMethodWorker.java:148)\n\tat org.testng.internal.invokers.TestMethodWorker.run(TestMethodWorker.java:128)\n\tat java.base/java.util.ArrayList.forEach(ArrayList.java:1541)\n\tat org.testng.TestRunner.privateRun(TestRunner.java:806)\n\tat org.testng.TestRunner.run(TestRunner.java:601)\n\tat org.testng.SuiteRunner.runTest(SuiteRunner.java:433)\n\tat org.testng.SuiteRunner$SuiteWorker.run(SuiteRunner.java:471)\n\tat org.testng.internal.thread.ThreadUtil.lambda$execute$0(ThreadUtil.java:58)\n\tat java.base/java.util.concurrent.FutureTask.run(FutureTask.java:264)\n\tat java.base/java.util.concurrent.ThreadPoolExecutor.runWorker(ThreadPoolExecutor.java:1128)\n\tat java.base/java.util.concurrent.ThreadPoolExecutor$Worker.run(ThreadPoolExecutor.java:628)\n\tat java.base/java.lang.Thread.run(Thread.java:829)\nCaused by: org.openqa.selenium.NoSuchElementException: no such element: Unable to locate element: {\"method\":\"xpath\",\"selector\":\"//*[contains(@class,'windowViewMode') and contains(@class,'active')]//*[text() = 'Caso']/ancestor::*[contains(@class, 'slds-hint-parent')]//*[contains(@class, 'test-id__field-value')]\"}\n  (Session info: headless chrome=109.0.5414.74)\nFor documentation on this error, please visit: https://selenium.dev/exceptions/#no_such_element\nBuild info: version: '4.6.0', revision: '79f1c02ae20'\nSystem info: os.name: 'Linux', os.arch: 'amd64', os.version: '5.15.0-1031-azure', java.version: '11.0.17'\nDriver info: org.openqa.selenium.chrome.ChromeDriver\nCommand: [404de94400ca8f0ec124b133ed24b071, findElement {using=xpath, value=//*[contains(@class,'windowViewMode') and contains(@class,'active')]//*[text() = 'Caso']/ancestor::*[contains(@class, 'slds-hint-parent')]//*[contains(@class, 'test-id__field-value')]}]\nCapabilities {acceptInsecureCerts: true, browserName: chrome, browserVersion: 109.0.5414.74, chrome: {chromedriverVersion: 109.0.5414.74 (e7c5703604da..., userDataDir: /tmp/.com.google.Chrome.QJUKql}, goog:chromeOptions: {debuggerAddress: localhost:39057}, networkConnectionEnabled: false, pageLoadStrategy: normal, platformName: LINUX, proxy: Proxy(), se:cdp: ws://localhost:39057/devtoo..., se:cdpVersion: 109.0.5414.74, setWindowRect: true, strictFileInteractability: false, timeouts: {implicit: 0, pageLoad: 300000, script: 30000}, unhandledPromptBehavior: accept, webauthn:extension:credBlob: true, webauthn:extension:largeBlob: true, webauthn:virtualAuthenticators: true}\nSession ID: 404de94400ca8f0ec124b133ed24b071\n\tat jdk.internal.reflect.GeneratedConstructorAccessor25.newInstance(Unknown Source)\n\tat java.base/jdk.internal.reflect.DelegatingConstructorAccessorImpl.newInstance(DelegatingConstructorAccessorImpl.java:45)\n\tat java.base/java.lang.reflect.Constructor.newInstance(Constructor.java:490)\n\tat org.openqa.selenium.remote.codec.w3c.W3CHttpResponseCodec.createException(W3CHttpResponseCodec.java:200)\n\tat org.openqa.selenium.remote.codec.w3c.W3CHttpResponseCodec.decode(W3CHttpResponseCodec.java:133)\n\tat org.openqa.selenium.remote.codec.w3c.W3CHttpResponseCodec.decode(W3CHttpResponseCodec.java:53)\n\tat org.openqa.selenium.remote.HttpCommandExecutor.execute(HttpCommandExecutor.java:184)\n\tat org.openqa.selenium.remote.service.DriverCommandExecutor.invokeExecute(DriverCommandExecutor.java:167)\n\tat org.openqa.selenium.remote.service.DriverCommandExecutor.execute(DriverCommandExecutor.java:142)\n\tat org.openqa.selenium.remote.RemoteWebDriver.execute(RemoteWebDriver.java:541)\n\tat org.openqa.selenium.remote.ElementLocation$ElementFinder$2.findElement(ElementLocation.java:162)\n\tat org.openqa.selenium.remote.ElementLocation.findElement(ElementLocation.java:60)\n\tat org.openqa.selenium.remote.RemoteWebDriver.findElement(RemoteWebDriver.java:365)\n\tat org.openqa.selenium.remote.RemoteWebDriver.findElement(RemoteWebDriver.java:357)\n\tat com.codeborne.selenide.impl.WebElementSelector.findElement(WebElementSelector.java:70)\n\tat com.codeborne.selenide.impl.WebElementSelector.findElement(WebElementSelector.java:44)\n\tat com.codeborne.selenide.impl.WebElementSelector.findElement(WebElementSelector.java:33)\n\tat com.codeborne.selenide.impl.ElementFinder.getWebElement(ElementFinder.java:118)\n\tat com.codeborne.selenide.impl.WebElementSource.checkConditionAndReturnElement(WebElementSource.java:110)\n\t... 33 more\n","steps":[{"name":"Open Acierto Main Page","time":{"start":1674823202289,"stop":1674823203866,"duration":1577},"status":"passed","steps":[],"attachments":[],"parameters":[],"stepsCount":0,"attachmentsCount":0,"shouldDisplayMessage":false,"hasContent":false},{"name":"callMeOnThisPhoneButtonClick","time":{"start":1674823203866,"stop":1674823204443,"duration":577},"status":"passed","steps":[],"attachments":[],"parameters":[{"name":"indexButton","value":"1"}],"stepsCount":0,"attachmentsCount":0,"shouldDisplayMessage":false,"hasContent":true},{"name":"isFunnelCallModalDisplayed","time":{"start":1674823204443,"stop":1674823204468,"duration":25},"status":"passed","steps":[],"attachments":[],"parameters":[],"stepsCount":0,"attachmentsCount":0,"shouldDisplayMessage":false,"hasContent":false},{"name":"enterPhoneFunnelCall","time":{"start":1674823204468,"stop":1674823204637,"duration":169},"status":"passed","steps":[{"name":"Filling the field phone with data 924700721","time":{"start":1674823204468,"stop":1674823204584,"duration":116},"status":"passed","steps":[],"attachments":[],"parameters":[{"name":"locator","value":"phone"},{"name":"data","value":"924700721"}],"stepsCount":0,"attachmentsCount":0,"shouldDisplayMessage":false,"hasContent":true}],"attachments":[],"parameters":[{"name":"phone","value":"924700721"}],"stepsCount":1,"attachmentsCount":0,"shouldDisplayMessage":false,"hasContent":true},{"name":"callMeOnThisPhoneButtonClick","time":{"start":1674823204637,"stop":1674823204726,"duration":89},"status":"passed","steps":[],"attachments":[],"parameters":[{"name":"indexButton","value":"2"}],"stepsCount":0,"attachmentsCount":0,"shouldDisplayMessage":false,"hasContent":true},{"name":"Click on [Close] button on Grateful modal","time":{"start":1674823204726,"stop":1674823205641,"duration":915},"status":"passed","steps":[],"attachments":[],"parameters":[],"stepsCount":0,"attachmentsCount":0,"shouldDisplayMessage":false,"hasContent":false},{"name":"Closing window acierto to avoid displaying pop up 'Leave the page'","time":{"start":1674823205642,"stop":1674823205696,"duration":54},"status":"passed","steps":[],"attachments":[],"parameters":[],"stepsCount":0,"attachmentsCount":0,"shouldDisplayMessage":false,"hasContent":false},{"name":"Open Login Page","time":{"start":1674823205696,"stop":1674823207163,"duration":1467},"status":"passed","steps":[],"attachments":[],"parameters":[],"stepsCount":0,"attachmentsCount":0,"shouldDisplayMessage":false,"hasContent":false},{"name":"Login by user: testfoagent1@gmail.com.acierto.staging","time":{"start":1674823207163,"stop":1674823207608,"duration":445},"status":"passed","steps":[],"attachments":[],"parameters":[{"name":"username","value":"testfoagent1@gmail.com.acierto.staging"},{"name":"password","value":"NewStg2022!"}],"stepsCount":0,"attachmentsCount":0,"shouldDisplayMessage":false,"hasContent":true},{"name":"Opening List View","time":{"start":1674823208775,"stop":1674823215322,"duration":6547},"status":"passed","steps":[],"attachments":[],"parameters":[{"name":"listViewName","value":"Case"}],"stepsCount":0,"attachmentsCount":0,"shouldDisplayMessage":false,"hasContent":true},{"name":"Click on filter switcher icon","time":{"start":1674823215323,"stop":1674823215528,"duration":205},"status":"passed","steps":[],"attachments":[],"parameters":[],"stepsCount":0,"attachmentsCount":0,"shouldDisplayMessage":false,"hasContent":false},{"name":"Click on the filter value","time":{"start":1674823215528,"stop":1674823215988,"duration":460},"status":"passed","steps":[],"attachments":[],"parameters":[{"name":"filterValue","value":"Cases Created Today"}],"stepsCount":0,"attachmentsCount":0,"shouldDisplayMessage":false,"hasContent":true},{"name":"Check sorting of the column titled Número del caso with order DESC","time":{"start":1674823216250,"stop":1674823216936,"duration":686},"status":"passed","steps":[],"attachments":[],"parameters":[{"name":"column","value":"Número del caso"},{"name":"ascDesc","value":"DESC"}],"stepsCount":0,"attachmentsCount":0,"shouldDisplayMessage":false,"hasContent":true},{"name":"Validation of the field Caso","time":{"start":1674823217686,"stop":1674823225252,"duration":7566},"status":"failed","statusMessage":"Element not found {By.xpath: //*[contains(@class,'windowViewMode') and contains(@class,'active')]//*[text() = 'Caso']/ancestor::*[contains(@class, 'slds-hint-parent')]//*[contains(@class, 'test-id__field-value')]}\nExpected: text \"00013063\"\nScreenshot: file:/home/runner/work/AciertoTests/AciertoTests/build/reports/tests/1674823224868.9.png\nPage source: file:/home/runner/work/AciertoTests/AciertoTests/build/reports/tests/1674823224868.9.html\nTimeout: 7 s.\nCaused by: NoSuchElementException: no such element: Unable to locate element: {\"method\":\"xpath\",\"selector\":\"//*[contains(@class,'windowViewMode') and contains(@class,'active')]//*[text() = 'Caso']/ancestor::*[contains(@class, 'slds-hint-parent')]//*[contains(@class, 'test-id__field-value')]\"}","statusTrace":"Element not found {By.xpath: //*[contains(@class,'windowViewMode') and contains(@class,'active')]//*[text() = 'Caso']/ancestor::*[contains(@class, 'slds-hint-parent')]//*[contains(@class, 'test-id__field-value')]}\nExpected: text \"00013063\"\nScreenshot: file:/home/runner/work/AciertoTests/AciertoTests/build/reports/tests/1674823224868.9.png\nPage source: file:/home/runner/work/AciertoTests/AciertoTests/build/reports/tests/1674823224868.9.html\nTimeout: 7 s.\nCaused by: NoSuchElementException: no such element: Unable to locate element: {\"method\":\"xpath\",\"selector\":\"//*[contains(@class,'windowViewMode') and contains(@class,'active')]//*[text() = 'Caso']/ancestor::*[contains(@class, 'slds-hint-parent')]//*[contains(@class, 'test-id__field-value')]\"}\n\tat com.codeborne.selenide.impl.WebElementSource.createElementNotFoundError(WebElementSource.java:87)\n\tat com.codeborne.selenide.impl.ElementFinder.createElementNotFoundError(ElementFinder.java:138)\n\tat com.codeborne.selenide.impl.WebElementSource.checkConditionAndReturnElement(WebElementSource.java:129)\n\tat com.codeborne.selenide.impl.WebElementSource.checkCondition(WebElementSource.java:98)\n\tat com.codeborne.selenide.commands.Should.execute(Should.java:30)\n\tat com.codeborne.selenide.commands.Should.execute(Should.java:14)\n\tat com.codeborne.selenide.commands.Commands.execute(Commands.java:157)\n\tat com.codeborne.selenide.impl.SelenideElementProxy.dispatchAndRetry(SelenideElementProxy.java:130)\n\tat com.codeborne.selenide.impl.SelenideElementProxy.invoke(SelenideElementProxy.java:82)\n\tat com.sun.proxy.$Proxy30.shouldHave(Unknown Source)\n\tat io.github.dzmitryrak.utils.ElementHelper.validate(ElementHelper.java:202)\n\tat io.github.dzmitryrak.utils.ElementHelper.validate(ElementHelper.java:215)\n\tat io.github.dzmitryrak.pages.DetailsPage.validate(DetailsPage.java:73)\n\tat com.itechart.tests.AciertoCallMeTest.acietroCallMeFirstPage(AciertoCallMeTest.java:41)\n\tat java.base/jdk.internal.reflect.NativeMethodAccessorImpl.invoke0(Native Method)\n\tat java.base/jdk.internal.reflect.NativeMethodAccessorImpl.invoke(NativeMethodAccessorImpl.java:62)\n\tat java.base/jdk.internal.reflect.DelegatingMethodAccessorImpl.invoke(DelegatingMethodAccessorImpl.java:43)\n\tat java.base/java.lang.reflect.Method.invoke(Method.java:566)\n\tat org.testng.internal.invokers.MethodInvocationHelper.invokeMethod(MethodInvocationHelper.java:139)\n\tat org.testng.internal.invokers.TestInvoker.invokeMethod(TestInvoker.java:677)\n\tat org.testng.internal.invokers.TestInvoker.retryFailed(TestInvoker.java:263)\n\tat org.testng.internal.invokers.MethodRunner.runInSequence(MethodRunner.java:62)\n\tat org.testng.internal.invokers.TestInvoker$MethodInvocationAgent.invoke(TestInvoker.java:962)\n\tat org.testng.internal.invokers.TestInvoker.invokeTestMethods(TestInvoker.java:194)\n\tat org.testng.internal.invokers.TestMethodWorker.invokeTestMethods(TestMethodWorker.java:148)\n\tat org.testng.internal.invokers.TestMethodWorker.run(TestMethodWorker.java:128)\n\tat java.base/java.util.ArrayList.forEach(ArrayList.java:1541)\n\tat org.testng.TestRunner.privateRun(TestRunner.java:806)\n\tat org.testng.TestRunner.run(TestRunner.java:601)\n\tat org.testng.SuiteRunner.runTest(SuiteRunner.java:433)\n\tat org.testng.SuiteRunner$SuiteWorker.run(SuiteRunner.java:471)\n\tat org.testng.internal.thread.ThreadUtil.lambda$execute$0(ThreadUtil.java:58)\n\tat java.base/java.util.concurrent.FutureTask.run(FutureTask.java:264)\n\tat java.base/java.util.concurrent.ThreadPoolExecutor.runWorker(ThreadPoolExecutor.java:1128)\n\tat java.base/java.util.concurrent.ThreadPoolExecutor$Worker.run(ThreadPoolExecutor.java:628)\n\tat java.base/java.lang.Thread.run(Thread.java:829)\nCaused by: org.openqa.selenium.NoSuchElementException: no such element: Unable to locate element: {\"method\":\"xpath\",\"selector\":\"//*[contains(@class,'windowViewMode') and contains(@class,'active')]//*[text() = 'Caso']/ancestor::*[contains(@class, 'slds-hint-parent')]//*[contains(@class, 'test-id__field-value')]\"}\n  (Session info: headless chrome=109.0.5414.74)\nFor documentation on this error, please visit: https://selenium.dev/exceptions/#no_such_element\nBuild info: version: '4.6.0', revision: '79f1c02ae20'\nSystem info: os.name: 'Linux', os.arch: 'amd64', os.version: '5.15.0-1031-azure', java.version: '11.0.17'\nDriver info: org.openqa.selenium.chrome.ChromeDriver\nCommand: [404de94400ca8f0ec124b133ed24b071, findElement {using=xpath, value=//*[contains(@class,'windowViewMode') and contains(@class,'active')]//*[text() = 'Caso']/ancestor::*[contains(@class, 'slds-hint-parent')]//*[contains(@class, 'test-id__field-value')]}]\nCapabilities {acceptInsecureCerts: true, browserName: chrome, browserVersion: 109.0.5414.74, chrome: {chromedriverVersion: 109.0.5414.74 (e7c5703604da..., userDataDir: /tmp/.com.google.Chrome.QJUKql}, goog:chromeOptions: {debuggerAddress: localhost:39057}, networkConnectionEnabled: false, pageLoadStrategy: normal, platformName: LINUX, proxy: Proxy(), se:cdp: ws://localhost:39057/devtoo..., se:cdpVersion: 109.0.5414.74, setWindowRect: true, strictFileInteractability: false, timeouts: {implicit: 0, pageLoad: 300000, script: 30000}, unhandledPromptBehavior: accept, webauthn:extension:credBlob: true, webauthn:extension:largeBlob: true, webauthn:virtualAuthenticators: true}\nSession ID: 404de94400ca8f0ec124b133ed24b071\n\tat jdk.internal.reflect.GeneratedConstructorAccessor25.newInstance(Unknown Source)\n\tat java.base/jdk.internal.reflect.DelegatingConstructorAccessorImpl.newInstance(DelegatingConstructorAccessorImpl.java:45)\n\tat java.base/java.lang.reflect.Constructor.newInstance(Constructor.java:490)\n\tat org.openqa.selenium.remote.codec.w3c.W3CHttpResponseCodec.createException(W3CHttpResponseCodec.java:200)\n\tat org.openqa.selenium.remote.codec.w3c.W3CHttpResponseCodec.decode(W3CHttpResponseCodec.java:133)\n\tat org.openqa.selenium.remote.codec.w3c.W3CHttpResponseCodec.decode(W3CHttpResponseCodec.java:53)\n\tat org.openqa.selenium.remote.HttpCommandExecutor.execute(HttpCommandExecutor.java:184)\n\tat org.openqa.selenium.remote.service.DriverCommandExecutor.invokeExecute(DriverCommandExecutor.java:167)\n\tat org.openqa.selenium.remote.service.DriverCommandExecutor.execute(DriverCommandExecutor.java:142)\n\tat org.openqa.selenium.remote.RemoteWebDriver.execute(RemoteWebDriver.java:541)\n\tat org.openqa.selenium.remote.ElementLocation$ElementFinder$2.findElement(ElementLocation.java:162)\n\tat org.openqa.selenium.remote.ElementLocation.findElement(ElementLocation.java:60)\n\tat org.openqa.selenium.remote.RemoteWebDriver.findElement(RemoteWebDriver.java:365)\n\tat org.openqa.selenium.remote.RemoteWebDriver.findElement(RemoteWebDriver.java:357)\n\tat com.codeborne.selenide.impl.WebElementSelector.findElement(WebElementSelector.java:70)\n\tat com.codeborne.selenide.impl.WebElementSelector.findElement(WebElementSelector.java:44)\n\tat com.codeborne.selenide.impl.WebElementSelector.findElement(WebElementSelector.java:33)\n\tat com.codeborne.selenide.impl.ElementFinder.getWebElement(ElementFinder.java:118)\n\tat com.codeborne.selenide.impl.WebElementSource.checkConditionAndReturnElement(WebElementSource.java:110)\n\t... 33 more\n","steps":[],"attachments":[{"uid":"864a15a9cd5e0b2d","name":"Screenshot","source":"864a15a9cd5e0b2d.png","type":"image/png","size":175537}],"parameters":[{"name":"label","value":"Caso"},{"name":"value","value":"00013063"}],"stepsCount":0,"attachmentsCount":1,"shouldDisplayMessage":true,"hasContent":true}],"attachments":[],"parameters":[],"stepsCount":15,"attachmentsCount":1,"shouldDisplayMessage":false,"hasContent":true},"afterStages":[{"name":"Close browser","time":{"start":1674823225367,"stop":1674823225468,"duration":101},"description":"Close browser","status":"passed","steps":[],"attachments":[],"parameters":[],"stepsCount":0,"attachmentsCount":0,"shouldDisplayMessage":false,"hasContent":false}],"labels":[{"name":"package","value":"com.itechart.tests.AciertoCallMeTest"},{"name":"testClass","value":"com.itechart.tests.AciertoCallMeTest"},{"name":"testMethod","value":"acietroCallMeFirstPage"},{"name":"parentSuite","value":"Build Verification Test"},{"name":"suite","value":"Validate the test creation throw CallMe form"},{"name":"subSuite","value":"com.itechart.tests.AciertoCallMeTest"},{"name":"host","value":"fv-az749-922"},{"name":"thread","value":"2365@fv-az749-922.TestNG-tests-2(17)"},{"name":"framework","value":"testng"},{"name":"language","value":"java"},{"name":"resultFormat","value":"allure2"}],"parameters":[],"links":[],"hidden":false,"retry":false,"extra":{"severity":"normal","retries":[{"uid":"6a47bf8c38888629","status":"skipped","statusDetails":"Element not found {By.xpath: //*[contains(@class,'windowViewMode') and contains(@class,'active')]//*[text() = 'Caso']/ancestor::*[contains(@class, 'slds-hint-parent')]//*[contains(@class, 'test-id__field-value')]}\nExpected: text \"00013062\"\nScreenshot: file:/home/runner/work/AciertoTests/AciertoTests/build/reports/tests/1674823201463.8.png\nPage source: file:/home/runner/work/AciertoTests/AciertoTests/build/reports/tests/1674823201463.8.html\nTimeout: 7 s.\nCaused by: NoSuchElementException: no such element: Unable to locate element: {\"method\":\"xpath\",\"selector\":\"//*[contains(@class,'windowViewMode') and contains(@class,'active')]//*[text() = 'Caso']/ancestor::*[contains(@class, 'slds-hint-parent')]//*[contains(@class, 'test-id__field-value')]\"}","time":{"start":1674823178260,"stop":1674823201807,"duration":23547}},{"uid":"4d5be806a66eb044","status":"skipped","statusDetails":"Element not found {By.xpath: //*[contains(@class,'windowViewMode') and contains(@class,'active')]//*[text() = 'Caso']/ancestor::*[contains(@class, 'slds-hint-parent')]//*[contains(@class, 'test-id__field-value')]}\nExpected: text \"00013061\"\nScreenshot: file:/home/runner/work/AciertoTests/AciertoTests/build/reports/tests/1674823177480.7.png\nPage source: file:/home/runner/work/AciertoTests/AciertoTests/build/reports/tests/1674823177480.7.html\nTimeout: 7 s.\nCaused by: NoSuchElementException: no such element: Unable to locate element: {\"method\":\"xpath\",\"selector\":\"//*[contains(@class,'windowViewMode') and contains(@class,'active')]//*[text() = 'Caso']/ancestor::*[contains(@class, 'slds-hint-parent')]//*[contains(@class, 'test-id__field-value')]\"}","time":{"start":1674823153709,"stop":1674823177809,"duration":24100}}],"categories":[{"name":"Product defects","matchedStatuses":[],"flaky":false}],"history":{"statistic":{"failed":2,"broken":0,"skipped":0,"passed":0,"unknown":0,"total":2},"items":[{"uid":"c7c83e06a54c54e","reportUrl":"https://6870064.github.io/AciertoTests/71//#testresult/c7c83e06a54c54e","status":"failed","statusDetails":"Element not found {By.xpath: //*[contains(@class,'windowViewMode') and contains(@class,'active')]//*[text() = 'Caso']/ancestor::*[contains(@class, 'slds-hint-parent')]//*[contains(@class, 'test-id__field-value')]}\nExpected: text \"00013014\"\nScreenshot: file:/home/runner/work/AciertoTests/AciertoTests/build/reports/tests/1674821719195.0.png\nPage source: file:/home/runner/work/AciertoTests/AciertoTests/build/reports/tests/1674821719195.0.html\nTimeout: 7 s.\nCaused by: NoSuchElementException: no such element: Unable to locate element: {\"method\":\"xpath\",\"selector\":\"//*[contains(@class,'windowViewMode') and contains(@class,'active')]//*[text() = 'Caso']/ancestor::*[contains(@class, 'slds-hint-parent')]//*[contains(@class, 'test-id__field-value')]\"}","time":{"start":1674821697244,"stop":1674821719766,"duration":22522}}]},"tags":[]},"source":"a1187904b853b87d.json","parameterValues":[]}