{"uid":"fc0a8eef830407b9","name":"Creation of the insurance record with provider 'FIATC Vida' and validation it in Salesforce","fullName":"com.itechart.tests.AciertoTest.aciertoTestZurichVidaValidation","historyId":"546f1874e433f391623afc0627625574","time":{"start":1678979209850,"stop":1678979243297,"duration":33447},"status":"passed","flaky":false,"newFailed":false,"newBroken":false,"newPassed":false,"retriesCount":0,"retriesStatusChange":false,"beforeStages":[{"name":"Open browser","time":{"start":1678979209504,"stop":1678979209849,"duration":345},"description":"Open browser","status":"passed","steps":[],"attachments":[],"parameters":[],"stepsCount":0,"attachmentsCount":0,"shouldDisplayMessage":false,"hasContent":false}],"testStage":{"status":"passed","steps":[{"name":"Setting person's data for creation the record","time":{"start":1678979209863,"stop":1678979214909,"duration":5046},"status":"passed","steps":[{"name":"Open Acierto Main Page","time":{"start":1678979209864,"stop":1678979211353,"duration":1489},"status":"passed","steps":[],"attachments":[],"parameters":[],"stepsCount":0,"attachmentsCount":0,"shouldDisplayMessage":false,"hasContent":false},{"name":"Choose insurance details","time":{"start":1678979211353,"stop":1678979211633,"duration":280},"status":"passed","steps":[],"attachments":[],"parameters":[{"name":"locator","value":"120.000€"}],"stepsCount":0,"attachmentsCount":0,"shouldDisplayMessage":false,"hasContent":true},{"name":"Choose insurance details","time":{"start":1678979211633,"stop":1678979212147,"duration":514},"status":"passed","steps":[],"attachments":[],"parameters":[{"name":"locator","value":"Anual"}],"stepsCount":0,"attachmentsCount":0,"shouldDisplayMessage":false,"hasContent":true},{"name":"Click continue button","time":{"start":1678979212147,"stop":1678979212171,"duration":24},"status":"passed","steps":[],"attachments":[],"parameters":[],"stepsCount":0,"attachmentsCount":0,"shouldDisplayMessage":false,"hasContent":false},{"name":"Check that the page with the text Fecha de nacimiento is opened","time":{"start":1678979212171,"stop":1678979213049,"duration":878},"status":"passed","steps":[],"attachments":[],"parameters":[{"name":"data","value":"Fecha de nacimiento"}],"stepsCount":0,"attachmentsCount":0,"shouldDisplayMessage":false,"hasContent":true},{"name":"Filling the field birth-date with data 11/10/1967","time":{"start":1678979213050,"stop":1678979213219,"duration":169},"status":"passed","steps":[],"attachments":[],"parameters":[{"name":"locator","value":"birth-date"},{"name":"data","value":"11/10/1967"}],"stepsCount":0,"attachmentsCount":0,"shouldDisplayMessage":false,"hasContent":true},{"name":"Choose insurance details","time":{"start":1678979213220,"stop":1678979213398,"duration":178},"status":"passed","steps":[],"attachments":[],"parameters":[{"name":"locator","value":"Hombre"}],"stepsCount":0,"attachmentsCount":0,"shouldDisplayMessage":false,"hasContent":true},{"name":"Filling the field zip-code with data 28012","time":{"start":1678979213399,"stop":1678979213549,"duration":150},"status":"passed","steps":[],"attachments":[],"parameters":[{"name":"locator","value":"zip-code"},{"name":"data","value":"28012"}],"stepsCount":0,"attachmentsCount":0,"shouldDisplayMessage":false,"hasContent":true},{"name":"Click continue button","time":{"start":1678979213549,"stop":1678979213570,"duration":21},"status":"passed","steps":[],"attachments":[],"parameters":[],"stepsCount":0,"attachmentsCount":0,"shouldDisplayMessage":false,"hasContent":false},{"name":"Filling the field email with data conrad.harber@gmail.com","time":{"start":1678979213570,"stop":1678979214672,"duration":1102},"status":"passed","steps":[],"attachments":[],"parameters":[{"name":"locator","value":"email"},{"name":"data","value":"conrad.harber@gmail.com"}],"stepsCount":0,"attachmentsCount":0,"shouldDisplayMessage":false,"hasContent":true},{"name":"Filling the field phone with data 920332718","time":{"start":1678979214672,"stop":1678979214838,"duration":166},"status":"passed","steps":[],"attachments":[],"parameters":[{"name":"locator","value":"phone"},{"name":"data","value":"920332718"}],"stepsCount":0,"attachmentsCount":0,"shouldDisplayMessage":false,"hasContent":true},{"name":"Click confirm checkbox","time":{"start":1678979214838,"stop":1678979214868,"duration":30},"status":"passed","steps":[],"attachments":[],"parameters":[],"stepsCount":0,"attachmentsCount":0,"shouldDisplayMessage":false,"hasContent":false},{"name":"Click continue button","time":{"start":1678979214868,"stop":1678979214883,"duration":15},"status":"passed","steps":[],"attachments":[],"parameters":[],"stepsCount":0,"attachmentsCount":0,"shouldDisplayMessage":false,"hasContent":false},{"name":"Check that the Page with options for insurance services is opened","time":{"start":1678979214883,"stop":1678979214909,"duration":26},"status":"passed","steps":[],"attachments":[],"parameters":[],"stepsCount":0,"attachmentsCount":0,"shouldDisplayMessage":false,"hasContent":false}],"attachments":[],"parameters":[{"name":"amount","value":"120.000€"},{"name":"period","value":"Anual"},{"name":"personalData","value":"Fecha de nacimiento"},{"name":"dateOfBirth","value":"11/10/1967"},{"name":"gender","value":"Hombre"},{"name":"zipcode","value":"28012"},{"name":"email","value":"conrad.harber@gmail.com"},{"name":"phone","value":"920332718"}],"stepsCount":14,"attachmentsCount":0,"shouldDisplayMessage":false,"hasContent":true},{"name":"Click on [I'm Interested] button with the index {index}","time":{"start":1678979214910,"stop":1678979218298,"duration":3388},"status":"passed","steps":[],"attachments":[],"parameters":[{"name":"buttonIndex","value":"7"}],"stepsCount":0,"attachmentsCount":0,"shouldDisplayMessage":false,"hasContent":true},{"name":"isFinalModalDisplayed","time":{"start":1678979218298,"stop":1678979218312,"duration":14},"status":"passed","steps":[],"attachments":[],"parameters":[],"stepsCount":0,"attachmentsCount":0,"shouldDisplayMessage":false,"hasContent":false},{"name":"clickCallMeOnThisPhoneButton","time":{"start":1678979218312,"stop":1678979218615,"duration":303},"status":"passed","steps":[],"attachments":[],"parameters":[],"stepsCount":0,"attachmentsCount":0,"shouldDisplayMessage":false,"hasContent":false},{"name":"Check that grateful Modal is displayed","time":{"start":1678979218616,"stop":1678979218630,"duration":14},"status":"passed","steps":[],"attachments":[],"parameters":[],"stepsCount":0,"attachmentsCount":0,"shouldDisplayMessage":false,"hasContent":false},{"name":"Click on [Close] button on Grateful modal","time":{"start":1678979218630,"stop":1678979219113,"duration":483},"status":"passed","steps":[],"attachments":[],"parameters":[],"stepsCount":0,"attachmentsCount":0,"shouldDisplayMessage":false,"hasContent":false},{"name":"Check that the Page with options for insurance services is opened","time":{"start":1678979219113,"stop":1678979219130,"duration":17},"status":"passed","steps":[],"attachments":[],"parameters":[],"stepsCount":0,"attachmentsCount":0,"shouldDisplayMessage":false,"hasContent":false},{"name":"Closing window acierto to avoid displaying pop up 'Leave the page'","time":{"start":1678979219131,"stop":1678979219187,"duration":56},"status":"passed","steps":[],"attachments":[],"parameters":[],"stepsCount":0,"attachmentsCount":0,"shouldDisplayMessage":false,"hasContent":false},{"name":"Open Login Page","time":{"start":1678979219187,"stop":1678979221142,"duration":1955},"status":"passed","steps":[],"attachments":[],"parameters":[],"stepsCount":0,"attachmentsCount":0,"shouldDisplayMessage":false,"hasContent":false},{"name":"Login by user: testfoagent1@gmail.com.acierto.staging","time":{"start":1678979221142,"stop":1678979221776,"duration":634},"status":"passed","steps":[],"attachments":[],"parameters":[{"name":"username","value":"testfoagent1@gmail.com.acierto.staging"},{"name":"password","value":"URyd457&w"}],"stepsCount":0,"attachmentsCount":0,"shouldDisplayMessage":false,"hasContent":true},{"name":"Opening List View","time":{"start":1678979221776,"stop":1678979237871,"duration":16095},"status":"passed","steps":[],"attachments":[],"parameters":[{"name":"listViewName","value":"Case"}],"stepsCount":0,"attachmentsCount":0,"shouldDisplayMessage":false,"hasContent":true},{"name":"Click on filter switcher icon","time":{"start":1678979237871,"stop":1678979238081,"duration":210},"status":"passed","steps":[],"attachments":[],"parameters":[],"stepsCount":0,"attachmentsCount":0,"shouldDisplayMessage":false,"hasContent":false},{"name":"Click on the filter value","time":{"start":1678979238081,"stop":1678979238773,"duration":692},"status":"passed","steps":[],"attachments":[],"parameters":[{"name":"filterValue","value":"Cases Created Today"}],"stepsCount":0,"attachmentsCount":0,"shouldDisplayMessage":false,"hasContent":true},{"name":"Check sorting of the column titled Número del caso with order DESC","time":{"start":1678979242078,"stop":1678979242140,"duration":62},"status":"passed","steps":[],"attachments":[],"parameters":[{"name":"column","value":"Número del caso"},{"name":"ascDesc","value":"DESC"}],"stepsCount":0,"attachmentsCount":0,"shouldDisplayMessage":false,"hasContent":true},{"name":"Open 'Detalles' tab","time":{"start":1678979242859,"stop":1678979243248,"duration":389},"status":"passed","steps":[{"name":"Click on the element","time":{"start":1678979243053,"stop":1678979243113,"duration":60},"status":"passed","steps":[],"attachments":[],"parameters":[{"name":"locator","value":"By.xpath: //*[contains(@class,'windowViewMode') and contains(@class,'active')]//a[@data-label='Detalles']"}],"stepsCount":0,"attachmentsCount":0,"shouldDisplayMessage":false,"hasContent":true}],"attachments":[],"parameters":[{"name":"tabName","value":"Detalles"}],"stepsCount":1,"attachmentsCount":0,"shouldDisplayMessage":false,"hasContent":true},{"name":"Check that Details page was opened","time":{"start":1678979243248,"stop":1678979243296,"duration":48},"status":"passed","steps":[],"attachments":[],"parameters":[{"name":"tabTitle","value":"Detalles"}],"stepsCount":0,"attachmentsCount":0,"shouldDisplayMessage":false,"hasContent":true}],"attachments":[],"parameters":[],"stepsCount":31,"attachmentsCount":0,"shouldDisplayMessage":false,"hasContent":true},"afterStages":[{"name":"Close browser","time":{"start":1678979243298,"stop":1678979243402,"duration":104},"description":"Close browser","status":"passed","steps":[],"attachments":[],"parameters":[],"stepsCount":0,"attachmentsCount":0,"shouldDisplayMessage":false,"hasContent":false}],"labels":[{"name":"package","value":"com.itechart.tests.AciertoTest"},{"name":"testClass","value":"com.itechart.tests.AciertoTest"},{"name":"testMethod","value":"aciertoTestZurichVidaValidation"},{"name":"parentSuite","value":"Build Verification Test"},{"name":"suite","value":"Validate the standard test case creation"},{"name":"subSuite","value":"com.itechart.tests.AciertoTest"},{"name":"host","value":"fv-az571-536"},{"name":"thread","value":"2357@fv-az571-536.main(1)"},{"name":"framework","value":"testng"},{"name":"language","value":"java"},{"name":"resultFormat","value":"allure2"}],"parameters":[],"links":[],"hidden":false,"retry":false,"extra":{"severity":"normal","retries":[],"categories":[],"history":{"statistic":{"failed":2,"broken":0,"skipped":10,"passed":2,"unknown":0,"total":14},"items":[{"uid":"56c550f049741f44","reportUrl":"https://6870064.github.io/AciertoTests/125//#testresult/56c550f049741f44","status":"passed","time":{"start":1678978949280,"stop":1678978973778,"duration":24498}},{"uid":"c46de387a98b8279","reportUrl":"https://6870064.github.io/AciertoTests/124//#testresult/c46de387a98b8279","status":"skipped","statusDetails":"Could not start a new session. Response code 500. Message: unknown error: Chrome failed to start: exited abnormally.\n  (unknown error: DevToolsActivePort file doesn't exist)\n  (The process started from chrome location /usr/bin/google-chrome is no longer running, so ChromeDriver is assuming that Chrome has crashed.) \nHost info: host: 'fv-az459-834', ip: '10.1.1.28'\nBuild info: version: '4.8.1', revision: '8ebccac989'\nSystem info: os.name: 'Linux', os.arch: 'amd64', os.version: '5.15.0-1034-azure', java.version: '11.0.18'\nDriver info: org.openqa.selenium.chrome.ChromeDriver\nCommand: [null, newSession {capabilities=[Capabilities {acceptInsecureCerts: true, browserName: chrome, goog:chromeOptions: {args: [--proxy-bypass-list=<-loopb..., --disable-dev-shm-usage, --no-sandbox, --remote-allow-origins=*, --window-size=1366,768, --disable-notifications], excludeSwitches: [enable-automation, load-extension], extensions: [], prefs: {credentials_enable_service: false, download.default_directory: /home/runner/work/AciertoTe..., plugins.always_open_pdf_externally: true, profile.default_content_setting_values.automatic_downloads: 1, safebrowsing.enabled: true}}, pageLoadStrategy: normal, unhandledPromptBehavior: accept}], desiredCapabilities=Capabilities {acceptInsecureCerts: true, browserName: chrome, goog:chromeOptions: {args: [--proxy-bypass-list=<-loopb..., --disable-dev-shm-usage, --no-sandbox, --remote-allow-origins=*, --window-size=1366,768, --disable-notifications], excludeSwitches: [enable-automation, load-extension], extensions: [], prefs: {credentials_enable_service: false, download.default_directory: /home/runner/work/AciertoTe..., plugins.always_open_pdf_externally: true, profile.default_content_setting_values.automatic_downloads: 1, safebrowsing.enabled: true}}, pageLoadStrategy: normal, unhandledPromptBehavior: accept}}]","time":{"start":1678971627255,"stop":1678971627255,"duration":0}},{"uid":"466017932eeef141","reportUrl":"https://6870064.github.io/AciertoTests/123//#testresult/466017932eeef141","status":"skipped","statusDetails":"Could not start a new session. Response code 500. Message: unknown error: Chrome failed to start: exited abnormally.\n  (unknown error: DevToolsActivePort file doesn't exist)\n  (The process started from chrome location /usr/bin/google-chrome is no longer running, so ChromeDriver is assuming that Chrome has crashed.) \nHost info: host: 'fv-az565-573', ip: '10.1.0.131'\nBuild info: version: '4.8.1', revision: '8ebccac989'\nSystem info: os.name: 'Linux', os.arch: 'amd64', os.version: '5.15.0-1034-azure', java.version: '11.0.18'\nDriver info: org.openqa.selenium.chrome.ChromeDriver\nCommand: [null, newSession {capabilities=[Capabilities {acceptInsecureCerts: true, browserName: chrome, goog:chromeOptions: {args: [--proxy-bypass-list=<-loopb..., --disable-dev-shm-usage, --no-sandbox, --remote-allow-origins=*, --window-size=1366,768, --disable-notifications], excludeSwitches: [enable-automation, load-extension], extensions: [], prefs: {credentials_enable_service: false, download.default_directory: /home/runner/work/AciertoTe..., plugins.always_open_pdf_externally: true, profile.default_content_setting_values.automatic_downloads: 1, safebrowsing.enabled: true}}, pageLoadStrategy: normal, unhandledPromptBehavior: accept}], desiredCapabilities=Capabilities {acceptInsecureCerts: true, browserName: chrome, goog:chromeOptions: {args: [--proxy-bypass-list=<-loopb..., --disable-dev-shm-usage, --no-sandbox, --remote-allow-origins=*, --window-size=1366,768, --disable-notifications], excludeSwitches: [enable-automation, load-extension], extensions: [], prefs: {credentials_enable_service: false, download.default_directory: /home/runner/work/AciertoTe..., plugins.always_open_pdf_externally: true, profile.default_content_setting_values.automatic_downloads: 1, safebrowsing.enabled: true}}, pageLoadStrategy: normal, unhandledPromptBehavior: accept}}]","time":{"start":1678969732855,"stop":1678969732855,"duration":0}},{"uid":"7a7e4f4e3d36a526","reportUrl":"https://6870064.github.io/AciertoTests/122//#testresult/7a7e4f4e3d36a526","status":"skipped","statusDetails":"Could not start a new session. Response code 500. Message: unknown error: Chrome failed to start: exited abnormally.\n  (unknown error: DevToolsActivePort file doesn't exist)\n  (The process started from chrome location /usr/bin/google-chrome is no longer running, so ChromeDriver is assuming that Chrome has crashed.) \nHost info: host: 'fv-az359-354', ip: '10.1.1.127'\nBuild info: version: '4.8.1', revision: '8ebccac989'\nSystem info: os.name: 'Linux', os.arch: 'amd64', os.version: '5.15.0-1034-azure', java.version: '11.0.18'\nDriver info: org.openqa.selenium.chrome.ChromeDriver\nCommand: [null, newSession {capabilities=[Capabilities {acceptInsecureCerts: true, browserName: chrome, goog:chromeOptions: {args: [--proxy-bypass-list=<-loopb..., --disable-dev-shm-usage, --no-sandbox, --remote-allow-origins=*, --window-size=1366,768, --disable-notifications], excludeSwitches: [enable-automation, load-extension], extensions: [], prefs: {credentials_enable_service: false, download.default_directory: /home/runner/work/AciertoTe..., plugins.always_open_pdf_externally: true, profile.default_content_setting_values.automatic_downloads: 1, safebrowsing.enabled: true}}, pageLoadStrategy: normal, unhandledPromptBehavior: accept}], desiredCapabilities=Capabilities {acceptInsecureCerts: true, browserName: chrome, goog:chromeOptions: {args: [--proxy-bypass-list=<-loopb..., --disable-dev-shm-usage, --no-sandbox, --remote-allow-origins=*, --window-size=1366,768, --disable-notifications], excludeSwitches: [enable-automation, load-extension], extensions: [], prefs: {credentials_enable_service: false, download.default_directory: /home/runner/work/AciertoTe..., plugins.always_open_pdf_externally: true, profile.default_content_setting_values.automatic_downloads: 1, safebrowsing.enabled: true}}, pageLoadStrategy: normal, unhandledPromptBehavior: accept}}]","time":{"start":1678882274804,"stop":1678882274804,"duration":0}},{"uid":"9f3e1c6d9783167c","reportUrl":"https://6870064.github.io/AciertoTests/121//#testresult/9f3e1c6d9783167c","status":"skipped","statusDetails":"Could not start a new session. Response code 500. Message: unknown error: Chrome failed to start: exited abnormally.\n  (unknown error: DevToolsActivePort file doesn't exist)\n  (The process started from chrome location /usr/bin/google-chrome is no longer running, so ChromeDriver is assuming that Chrome has crashed.) \nHost info: host: 'fv-az309-896', ip: '10.1.0.223'\nBuild info: version: '4.8.1', revision: '8ebccac989'\nSystem info: os.name: 'Linux', os.arch: 'amd64', os.version: '5.15.0-1034-azure', java.version: '11.0.18'\nDriver info: org.openqa.selenium.chrome.ChromeDriver\nCommand: [null, newSession {capabilities=[Capabilities {acceptInsecureCerts: true, browserName: chrome, goog:chromeOptions: {args: [--proxy-bypass-list=<-loopb..., --disable-dev-shm-usage, --no-sandbox, --remote-allow-origins=*, --window-size=1366,768, --disable-notifications], excludeSwitches: [enable-automation, load-extension], extensions: [], prefs: {credentials_enable_service: false, download.default_directory: /home/runner/work/AciertoTe..., plugins.always_open_pdf_externally: true, profile.default_content_setting_values.automatic_downloads: 1, safebrowsing.enabled: true}}, pageLoadStrategy: normal, unhandledPromptBehavior: accept}], desiredCapabilities=Capabilities {acceptInsecureCerts: true, browserName: chrome, goog:chromeOptions: {args: [--proxy-bypass-list=<-loopb..., --disable-dev-shm-usage, --no-sandbox, --remote-allow-origins=*, --window-size=1366,768, --disable-notifications], excludeSwitches: [enable-automation, load-extension], extensions: [], prefs: {credentials_enable_service: false, download.default_directory: /home/runner/work/AciertoTe..., plugins.always_open_pdf_externally: true, profile.default_content_setting_values.automatic_downloads: 1, safebrowsing.enabled: true}}, pageLoadStrategy: normal, unhandledPromptBehavior: accept}}]","time":{"start":1678722441223,"stop":1678722441223,"duration":0}},{"uid":"339aabb5f1783a8b","reportUrl":"https://6870064.github.io/AciertoTests/120//#testresult/339aabb5f1783a8b","status":"skipped","statusDetails":"Could not start a new session. Response code 500. Message: unknown error: Chrome failed to start: exited abnormally.\n  (unknown error: DevToolsActivePort file doesn't exist)\n  (The process started from chrome location /usr/bin/google-chrome is no longer running, so ChromeDriver is assuming that Chrome has crashed.) \nHost info: host: 'fv-az577-236', ip: '10.1.0.48'\nBuild info: version: '4.8.1', revision: '8ebccac989'\nSystem info: os.name: 'Linux', os.arch: 'amd64', os.version: '5.15.0-1034-azure', java.version: '11.0.18'\nDriver info: org.openqa.selenium.chrome.ChromeDriver\nCommand: [null, newSession {capabilities=[Capabilities {acceptInsecureCerts: true, browserName: chrome, goog:chromeOptions: {args: [--proxy-bypass-list=<-loopb..., --disable-dev-shm-usage, --no-sandbox, --remote-allow-origins=*, --window-size=1366,768, --disable-notifications], excludeSwitches: [enable-automation, load-extension], extensions: [], prefs: {credentials_enable_service: false, download.default_directory: /home/runner/work/AciertoTe..., plugins.always_open_pdf_externally: true, profile.default_content_setting_values.automatic_downloads: 1, safebrowsing.enabled: true}}, pageLoadStrategy: normal, unhandledPromptBehavior: accept}], desiredCapabilities=Capabilities {acceptInsecureCerts: true, browserName: chrome, goog:chromeOptions: {args: [--proxy-bypass-list=<-loopb..., --disable-dev-shm-usage, --no-sandbox, --remote-allow-origins=*, --window-size=1366,768, --disable-notifications], excludeSwitches: [enable-automation, load-extension], extensions: [], prefs: {credentials_enable_service: false, download.default_directory: /home/runner/work/AciertoTe..., plugins.always_open_pdf_externally: true, profile.default_content_setting_values.automatic_downloads: 1, safebrowsing.enabled: true}}, pageLoadStrategy: normal, unhandledPromptBehavior: accept}}]","time":{"start":1678651103922,"stop":1678651103922,"duration":0}},{"uid":"3a44b515f571d1e","reportUrl":"https://6870064.github.io/AciertoTests/119//#testresult/3a44b515f571d1e","status":"skipped","statusDetails":"Could not start a new session. Response code 500. Message: unknown error: Chrome failed to start: exited abnormally.\n  (unknown error: DevToolsActivePort file doesn't exist)\n  (The process started from chrome location /usr/bin/google-chrome is no longer running, so ChromeDriver is assuming that Chrome has crashed.) \nHost info: host: 'fv-az210-951', ip: '10.1.0.56'\nBuild info: version: '4.6.0', revision: '79f1c02ae20'\nSystem info: os.name: 'Linux', os.arch: 'amd64', os.version: '5.15.0-1034-azure', java.version: '11.0.18'\nDriver info: org.openqa.selenium.chrome.ChromeDriver\nCommand: [null, newSession {capabilities=[Capabilities {acceptInsecureCerts: true, browserName: chrome, goog:chromeOptions: {args: [--proxy-bypass-list=<-loopb..., --disable-dev-shm-usage, --no-sandbox, --window-size=1366,768, --remote-allow-origins=*, --disable-notifications], excludeSwitches: [enable-automation, load-extension], extensions: [], prefs: {credentials_enable_service: false, download.default_directory: /home/runner/work/AciertoTe..., plugins.always_open_pdf_externally: true, profile.default_content_setting_values.automatic_downloads: 1, safebrowsing.enabled: true}}, pageLoadStrategy: normal, unhandledPromptBehavior: accept}], desiredCapabilities=Capabilities {acceptInsecureCerts: true, browserName: chrome, goog:chromeOptions: {args: [--proxy-bypass-list=<-loopb..., --disable-dev-shm-usage, --no-sandbox, --window-size=1366,768, --remote-allow-origins=*, --disable-notifications], excludeSwitches: [enable-automation, load-extension], extensions: [], prefs: {credentials_enable_service: false, download.default_directory: /home/runner/work/AciertoTe..., plugins.always_open_pdf_externally: true, profile.default_content_setting_values.automatic_downloads: 1, safebrowsing.enabled: true}}, pageLoadStrategy: normal, unhandledPromptBehavior: accept}}]","time":{"start":1678624951505,"stop":1678624951506,"duration":1}},{"uid":"c7ba8facf733c348","reportUrl":"https://6870064.github.io/AciertoTests/118//#testresult/c7ba8facf733c348","status":"skipped","statusDetails":"Could not start a new session. Response code 500. Message: unknown error: Chrome failed to start: exited abnormally.\n  (unknown error: DevToolsActivePort file doesn't exist)\n  (The process started from chrome location /usr/bin/google-chrome is no longer running, so ChromeDriver is assuming that Chrome has crashed.) \nHost info: host: 'fv-az448-911', ip: '10.1.0.58'\nBuild info: version: '4.6.0', revision: '79f1c02ae20'\nSystem info: os.name: 'Linux', os.arch: 'amd64', os.version: '5.15.0-1034-azure', java.version: '11.0.18'\nDriver info: org.openqa.selenium.chrome.ChromeDriver\nCommand: [null, newSession {capabilities=[Capabilities {acceptInsecureCerts: true, browserName: chrome, goog:chromeOptions: {args: [--proxy-bypass-list=<-loopb..., --disable-dev-shm-usage, --no-sandbox, --window-size=1366,768, --remote-allow-origins=*, --disable-notifications], excludeSwitches: [enable-automation, load-extension], extensions: [], prefs: {credentials_enable_service: false, download.default_directory: /home/runner/work/AciertoTe..., plugins.always_open_pdf_externally: true, profile.default_content_setting_values.automatic_downloads: 1, safebrowsing.enabled: true}}, pageLoadStrategy: normal, unhandledPromptBehavior: accept}], desiredCapabilities=Capabilities {acceptInsecureCerts: true, browserName: chrome, goog:chromeOptions: {args: [--proxy-bypass-list=<-loopb..., --disable-dev-shm-usage, --no-sandbox, --window-size=1366,768, --remote-allow-origins=*, --disable-notifications], excludeSwitches: [enable-automation, load-extension], extensions: [], prefs: {credentials_enable_service: false, download.default_directory: /home/runner/work/AciertoTe..., plugins.always_open_pdf_externally: true, profile.default_content_setting_values.automatic_downloads: 1, safebrowsing.enabled: true}}, pageLoadStrategy: normal, unhandledPromptBehavior: accept}}]","time":{"start":1678624580176,"stop":1678624580176,"duration":0}},{"uid":"f0c98e56c5f59662","reportUrl":"https://6870064.github.io/AciertoTests/117//#testresult/f0c98e56c5f59662","status":"skipped","statusDetails":"Could not start a new session. Response code 500. Message: unknown error: Chrome failed to start: exited abnormally.\n  (unknown error: DevToolsActivePort file doesn't exist)\n  (The process started from chrome location /usr/bin/google-chrome is no longer running, so ChromeDriver is assuming that Chrome has crashed.) \nHost info: host: 'fv-az587-21', ip: '10.1.0.92'\nBuild info: version: '4.6.0', revision: '79f1c02ae20'\nSystem info: os.name: 'Linux', os.arch: 'amd64', os.version: '5.15.0-1034-azure', java.version: '11.0.18'\nDriver info: org.openqa.selenium.chrome.ChromeDriver\nCommand: [null, newSession {capabilities=[Capabilities {acceptInsecureCerts: true, browserName: chrome, goog:chromeOptions: {args: [--proxy-bypass-list=<-loopb..., --disable-dev-shm-usage, --no-sandbox, --window-size=1366,768, --remote-allow-origins=*, --disable-notifications], excludeSwitches: [enable-automation, load-extension], extensions: [], prefs: {credentials_enable_service: false, download.default_directory: /home/runner/work/AciertoTe..., plugins.always_open_pdf_externally: true, profile.default_content_setting_values.automatic_downloads: 1, safebrowsing.enabled: true}}, pageLoadStrategy: normal, unhandledPromptBehavior: accept}], desiredCapabilities=Capabilities {acceptInsecureCerts: true, browserName: chrome, goog:chromeOptions: {args: [--proxy-bypass-list=<-loopb..., --disable-dev-shm-usage, --no-sandbox, --window-size=1366,768, --remote-allow-origins=*, --disable-notifications], excludeSwitches: [enable-automation, load-extension], extensions: [], prefs: {credentials_enable_service: false, download.default_directory: /home/runner/work/AciertoTe..., plugins.always_open_pdf_externally: true, profile.default_content_setting_values.automatic_downloads: 1, safebrowsing.enabled: true}}, pageLoadStrategy: normal, unhandledPromptBehavior: accept}}]","time":{"start":1678616921660,"stop":1678616921661,"duration":1}},{"uid":"202182370f1bdfd9","reportUrl":"https://6870064.github.io/AciertoTests/116//#testresult/202182370f1bdfd9","status":"skipped","statusDetails":"Could not start a new session. Response code 500. Message: unknown error: Chrome failed to start: exited abnormally.\n  (unknown error: DevToolsActivePort file doesn't exist)\n  (The process started from chrome location /usr/bin/google-chrome is no longer running, so ChromeDriver is assuming that Chrome has crashed.) \nHost info: host: 'fv-az193-872', ip: '10.1.0.38'\nBuild info: version: '4.6.0', revision: '79f1c02ae20'\nSystem info: os.name: 'Linux', os.arch: 'amd64', os.version: '5.15.0-1034-azure', java.version: '11.0.18'\nDriver info: org.openqa.selenium.chrome.ChromeDriver\nCommand: [null, newSession {capabilities=[Capabilities {acceptInsecureCerts: true, browserName: chrome, goog:chromeOptions: {args: [--proxy-bypass-list=<-loopb..., --disable-dev-shm-usage, --no-sandbox, --window-size=1366,768, --remote-allow-origins=*, --disable-notifications], excludeSwitches: [enable-automation, load-extension], extensions: [], prefs: {credentials_enable_service: false, download.default_directory: /home/runner/work/AciertoTe..., plugins.always_open_pdf_externally: true, profile.default_content_setting_values.automatic_downloads: 1, safebrowsing.enabled: true}}, pageLoadStrategy: normal, unhandledPromptBehavior: accept}], desiredCapabilities=Capabilities {acceptInsecureCerts: true, browserName: chrome, goog:chromeOptions: {args: [--proxy-bypass-list=<-loopb..., --disable-dev-shm-usage, --no-sandbox, --window-size=1366,768, --remote-allow-origins=*, --disable-notifications], excludeSwitches: [enable-automation, load-extension], extensions: [], prefs: {credentials_enable_service: false, download.default_directory: /home/runner/work/AciertoTe..., plugins.always_open_pdf_externally: true, profile.default_content_setting_values.automatic_downloads: 1, safebrowsing.enabled: true}}, pageLoadStrategy: normal, unhandledPromptBehavior: accept}}]","time":{"start":1678579699733,"stop":1678579699733,"duration":0}},{"uid":"f1ea74349abb1464","reportUrl":"https://6870064.github.io/AciertoTests/115//#testresult/f1ea74349abb1464","status":"skipped","statusDetails":"Could not start a new session. Response code 500. Message: unknown error: Chrome failed to start: exited abnormally.\n  (unknown error: DevToolsActivePort file doesn't exist)\n  (The process started from chrome location /usr/bin/google-chrome is no longer running, so ChromeDriver is assuming that Chrome has crashed.) \nHost info: host: 'fv-az447-374', ip: '10.1.0.29'\nBuild info: version: '4.6.0', revision: '79f1c02ae20'\nSystem info: os.name: 'Linux', os.arch: 'amd64', os.version: '5.15.0-1034-azure', java.version: '11.0.18'\nDriver info: org.openqa.selenium.chrome.ChromeDriver\nCommand: [null, newSession {capabilities=[Capabilities {acceptInsecureCerts: true, browserName: chrome, goog:chromeOptions: {args: [--proxy-bypass-list=<-loopb..., --disable-dev-shm-usage, --no-sandbox, --window-size=1366,768, --remote-allow-origins=*, --disable-notifications], excludeSwitches: [enable-automation, load-extension], extensions: [], prefs: {credentials_enable_service: false, download.default_directory: /home/runner/work/AciertoTe..., plugins.always_open_pdf_externally: true, profile.default_content_setting_values.automatic_downloads: 1, safebrowsing.enabled: true}}, pageLoadStrategy: normal, unhandledPromptBehavior: accept}], desiredCapabilities=Capabilities {acceptInsecureCerts: true, browserName: chrome, goog:chromeOptions: {args: [--proxy-bypass-list=<-loopb..., --disable-dev-shm-usage, --no-sandbox, --window-size=1366,768, --remote-allow-origins=*, --disable-notifications], excludeSwitches: [enable-automation, load-extension], extensions: [], prefs: {credentials_enable_service: false, download.default_directory: /home/runner/work/AciertoTe..., plugins.always_open_pdf_externally: true, profile.default_content_setting_values.automatic_downloads: 1, safebrowsing.enabled: true}}, pageLoadStrategy: normal, unhandledPromptBehavior: accept}}]","time":{"start":1678577286932,"stop":1678577286933,"duration":1}},{"uid":"3f0aa12eadf3a0ad","reportUrl":"https://6870064.github.io/AciertoTests/114//#testresult/3f0aa12eadf3a0ad","status":"failed","statusDetails":"Element not found {[data-gtm=continue]}\nExpected: exist\nScreenshot: file:/home/runner/work/AciertoTests/AciertoTests/build/reports/tests/1678449881209.26.png\nPage source: file:/home/runner/work/AciertoTests/AciertoTests/build/reports/tests/1678449881209.26.html\nTimeout: 7 s.\nCaused by: NoSuchElementException: no such element: Unable to locate element: {\"method\":\"css selector\",\"selector\":\"[data-gtm=continue]\"}","time":{"start":1678449870985,"stop":1678449881393,"duration":10408}},{"uid":"a434f0c876df98d7","reportUrl":"https://6870064.github.io/AciertoTests/113//#testresult/a434f0c876df98d7","status":"failed","statusDetails":"Element not found {[data-gtm=continue]}\nExpected: exist\nScreenshot: file:/home/runner/work/AciertoTests/AciertoTests/build/reports/tests/1678448028189.26.png\nPage source: file:/home/runner/work/AciertoTests/AciertoTests/build/reports/tests/1678448028189.26.html\nTimeout: 7 s.\nCaused by: NoSuchElementException: no such element: Unable to locate element: {\"method\":\"css selector\",\"selector\":\"[data-gtm=continue]\"}","time":{"start":1678448018692,"stop":1678448028377,"duration":9685}}]},"tags":[]},"source":"fc0a8eef830407b9.json","parameterValues":[]}