{"uid":"991abc392ac12c14","name":"Creation of the insurance record with provider 'Previs Vida' and validation it in Salesforce","fullName":"com.itechart.tests.AciertoTest.aciertoTestAllianzVidaRiesgoValidation","historyId":"42bb4a0bd19ca61c3a5e91d0bb7813f2","time":{"start":1677934335650,"stop":1677934394426,"duration":58776},"status":"skipped","statusMessage":"Element not found {By.xpath: //*[contains(@class, 'slds-page-header')]//ancestor::lightning-primitive-icon/*[@data-key='home']}\nExpected: visible\nScreenshot: file:/home/runner/work/AciertoTests/AciertoTests/build/reports/tests/1677934394047.0.png\nPage source: file:/home/runner/work/AciertoTests/AciertoTests/build/reports/tests/1677934394047.0.html\nTimeout: 30 s.\nCaused by: NoSuchElementException: no such element: Unable to locate element: {\"method\":\"xpath\",\"selector\":\"//*[contains(@class, 'slds-page-header')]//ancestor::lightning-primitive-icon/*[@data-key='home']\"}","statusTrace":"Element not found {By.xpath: //*[contains(@class, 'slds-page-header')]//ancestor::lightning-primitive-icon/*[@data-key='home']}\nExpected: visible\nScreenshot: file:/home/runner/work/AciertoTests/AciertoTests/build/reports/tests/1677934394047.0.png\nPage source: file:/home/runner/work/AciertoTests/AciertoTests/build/reports/tests/1677934394047.0.html\nTimeout: 30 s.\nCaused by: NoSuchElementException: no such element: Unable to locate element: {\"method\":\"xpath\",\"selector\":\"//*[contains(@class, 'slds-page-header')]//ancestor::lightning-primitive-icon/*[@data-key='home']\"}\n\tat com.codeborne.selenide.impl.WebElementSource.createElementNotFoundError(WebElementSource.java:87)\n\tat com.codeborne.selenide.impl.ElementFinder.createElementNotFoundError(ElementFinder.java:138)\n\tat com.codeborne.selenide.impl.WebElementSource.checkConditionAndReturnElement(WebElementSource.java:129)\n\tat com.codeborne.selenide.impl.WebElementSource.checkCondition(WebElementSource.java:98)\n\tat com.codeborne.selenide.commands.Should.execute(Should.java:30)\n\tat com.codeborne.selenide.commands.Should.execute(Should.java:14)\n\tat com.codeborne.selenide.commands.Commands.execute(Commands.java:157)\n\tat com.codeborne.selenide.impl.SelenideElementProxy.dispatchAndRetry(SelenideElementProxy.java:130)\n\tat com.codeborne.selenide.impl.SelenideElementProxy.invoke(SelenideElementProxy.java:82)\n\tat com.sun.proxy.$Proxy30.shouldBe(Unknown Source)\n\tat io.github.dzmitryrak.pages.HomePage.waitTillOpened(HomePage.java:19)\n\tat com.itechart.tests.AciertoTest.aciertoTestAllianzVidaRiesgoValidation(AciertoTest.java:323)\n\tat java.base/jdk.internal.reflect.NativeMethodAccessorImpl.invoke0(Native Method)\n\tat java.base/jdk.internal.reflect.NativeMethodAccessorImpl.invoke(NativeMethodAccessorImpl.java:62)\n\tat java.base/jdk.internal.reflect.DelegatingMethodAccessorImpl.invoke(DelegatingMethodAccessorImpl.java:43)\n\tat java.base/java.lang.reflect.Method.invoke(Method.java:566)\n\tat org.testng.internal.invokers.MethodInvocationHelper.invokeMethod(MethodInvocationHelper.java:139)\n\tat org.testng.internal.invokers.TestInvoker.invokeMethod(TestInvoker.java:677)\n\tat org.testng.internal.invokers.TestInvoker.invokeTestMethod(TestInvoker.java:221)\n\tat org.testng.internal.invokers.MethodRunner.runInSequence(MethodRunner.java:50)\n\tat org.testng.internal.invokers.TestInvoker$MethodInvocationAgent.invoke(TestInvoker.java:962)\n\tat org.testng.internal.invokers.TestInvoker.invokeTestMethods(TestInvoker.java:194)\n\tat org.testng.internal.invokers.TestMethodWorker.invokeTestMethods(TestMethodWorker.java:148)\n\tat org.testng.internal.invokers.TestMethodWorker.run(TestMethodWorker.java:128)\n\tat java.base/java.util.ArrayList.forEach(ArrayList.java:1541)\n\tat org.testng.TestRunner.privateRun(TestRunner.java:806)\n\tat org.testng.TestRunner.run(TestRunner.java:601)\n\tat org.testng.SuiteRunner.runTest(SuiteRunner.java:433)\n\tat org.testng.SuiteRunner.runSequentially(SuiteRunner.java:427)\n\tat org.testng.SuiteRunner.privateRun(SuiteRunner.java:387)\n\tat org.testng.SuiteRunner.run(SuiteRunner.java:330)\n\tat org.testng.SuiteRunnerWorker.runSuite(SuiteRunnerWorker.java:52)\n\tat org.testng.SuiteRunnerWorker.run(SuiteRunnerWorker.java:95)\n\tat org.testng.TestNG.runSuitesSequentially(TestNG.java:1256)\n\tat org.testng.TestNG.runSuitesLocally(TestNG.java:1176)\n\tat org.testng.TestNG.runSuites(TestNG.java:1099)\n\tat org.testng.TestNG.run(TestNG.java:1067)\n\tat org.apache.maven.surefire.testng.TestNGExecutor.run(TestNGExecutor.java:324)\n\tat org.apache.maven.surefire.testng.TestNGXmlTestSuite.execute(TestNGXmlTestSuite.java:74)\n\tat org.apache.maven.surefire.testng.TestNGProvider.invoke(TestNGProvider.java:123)\n\tat org.apache.maven.surefire.booter.ForkedBooter.runSuitesInProcess(ForkedBooter.java:456)\n\tat org.apache.maven.surefire.booter.ForkedBooter.execute(ForkedBooter.java:169)\n\tat org.apache.maven.surefire.booter.ForkedBooter.run(ForkedBooter.java:595)\n\tat org.apache.maven.surefire.booter.ForkedBooter.main(ForkedBooter.java:581)\nCaused by: org.openqa.selenium.NoSuchElementException: no such element: Unable to locate element: {\"method\":\"xpath\",\"selector\":\"//*[contains(@class, 'slds-page-header')]//ancestor::lightning-primitive-icon/*[@data-key='home']\"}\n  (Session info: headless chrome=110.0.5481.177)\nFor documentation on this error, please visit: https://selenium.dev/exceptions/#no_such_element\nBuild info: version: '4.6.0', revision: '79f1c02ae20'\nSystem info: os.name: 'Linux', os.arch: 'amd64', os.version: '5.15.0-1033-azure', java.version: '11.0.18'\nDriver info: org.openqa.selenium.chrome.ChromeDriver\nCommand: [535c161ce5a7a8a1f356832746bb3e89, findElement {using=xpath, value=//*[contains(@class, 'slds-page-header')]//ancestor::lightning-primitive-icon/*[@data-key='home']}]\nCapabilities {acceptInsecureCerts: true, browserName: chrome, browserVersion: 110.0.5481.177, chrome: {chromedriverVersion: 110.0.5481.77 (65ed616c6e8e..., userDataDir: /tmp/.com.google.Chrome.e7MB3b}, goog:chromeOptions: {debuggerAddress: localhost:41237}, networkConnectionEnabled: false, pageLoadStrategy: normal, platformName: LINUX, proxy: Proxy(), se:cdp: ws://localhost:41237/devtoo..., se:cdpVersion: 110.0.5481.177, setWindowRect: true, strictFileInteractability: false, timeouts: {implicit: 0, pageLoad: 300000, script: 30000}, unhandledPromptBehavior: accept, webauthn:extension:credBlob: true, webauthn:extension:largeBlob: true, webauthn:virtualAuthenticators: true}\nSession ID: 535c161ce5a7a8a1f356832746bb3e89\n\tat jdk.internal.reflect.GeneratedConstructorAccessor23.newInstance(Unknown Source)\n\tat java.base/jdk.internal.reflect.DelegatingConstructorAccessorImpl.newInstance(DelegatingConstructorAccessorImpl.java:45)\n\tat java.base/java.lang.reflect.Constructor.newInstance(Constructor.java:490)\n\tat org.openqa.selenium.remote.codec.w3c.W3CHttpResponseCodec.createException(W3CHttpResponseCodec.java:200)\n\tat org.openqa.selenium.remote.codec.w3c.W3CHttpResponseCodec.decode(W3CHttpResponseCodec.java:133)\n\tat org.openqa.selenium.remote.codec.w3c.W3CHttpResponseCodec.decode(W3CHttpResponseCodec.java:53)\n\tat org.openqa.selenium.remote.HttpCommandExecutor.execute(HttpCommandExecutor.java:184)\n\tat org.openqa.selenium.remote.service.DriverCommandExecutor.invokeExecute(DriverCommandExecutor.java:167)\n\tat org.openqa.selenium.remote.service.DriverCommandExecutor.execute(DriverCommandExecutor.java:142)\n\tat org.openqa.selenium.remote.RemoteWebDriver.execute(RemoteWebDriver.java:541)\n\tat org.openqa.selenium.remote.ElementLocation$ElementFinder$2.findElement(ElementLocation.java:162)\n\tat org.openqa.selenium.remote.ElementLocation.findElement(ElementLocation.java:60)\n\tat org.openqa.selenium.remote.RemoteWebDriver.findElement(RemoteWebDriver.java:365)\n\tat org.openqa.selenium.remote.RemoteWebDriver.findElement(RemoteWebDriver.java:357)\n\tat com.codeborne.selenide.impl.WebElementSelector.findElement(WebElementSelector.java:70)\n\tat com.codeborne.selenide.impl.WebElementSelector.findElement(WebElementSelector.java:44)\n\tat com.codeborne.selenide.impl.WebElementSelector.findElement(WebElementSelector.java:33)\n\tat com.codeborne.selenide.impl.ElementFinder.getWebElement(ElementFinder.java:118)\n\tat com.codeborne.selenide.impl.WebElementSource.checkConditionAndReturnElement(WebElementSource.java:110)\n\t... 41 more\n","flaky":false,"newFailed":false,"newBroken":false,"newPassed":false,"retriesCount":0,"retriesStatusChange":false,"beforeStages":[{"name":"Open browser","time":{"start":1677934335126,"stop":1677934335648,"duration":522},"description":"Open browser","status":"passed","steps":[],"attachments":[],"parameters":[],"stepsCount":0,"attachmentsCount":0,"shouldDisplayMessage":false,"hasContent":false}],"testStage":{"status":"skipped","statusMessage":"Element not found {By.xpath: //*[contains(@class, 'slds-page-header')]//ancestor::lightning-primitive-icon/*[@data-key='home']}\nExpected: visible\nScreenshot: file:/home/runner/work/AciertoTests/AciertoTests/build/reports/tests/1677934394047.0.png\nPage source: file:/home/runner/work/AciertoTests/AciertoTests/build/reports/tests/1677934394047.0.html\nTimeout: 30 s.\nCaused by: NoSuchElementException: no such element: Unable to locate element: {\"method\":\"xpath\",\"selector\":\"//*[contains(@class, 'slds-page-header')]//ancestor::lightning-primitive-icon/*[@data-key='home']\"}","statusTrace":"Element not found {By.xpath: //*[contains(@class, 'slds-page-header')]//ancestor::lightning-primitive-icon/*[@data-key='home']}\nExpected: visible\nScreenshot: file:/home/runner/work/AciertoTests/AciertoTests/build/reports/tests/1677934394047.0.png\nPage source: file:/home/runner/work/AciertoTests/AciertoTests/build/reports/tests/1677934394047.0.html\nTimeout: 30 s.\nCaused by: NoSuchElementException: no such element: Unable to locate element: {\"method\":\"xpath\",\"selector\":\"//*[contains(@class, 'slds-page-header')]//ancestor::lightning-primitive-icon/*[@data-key='home']\"}\n\tat com.codeborne.selenide.impl.WebElementSource.createElementNotFoundError(WebElementSource.java:87)\n\tat com.codeborne.selenide.impl.ElementFinder.createElementNotFoundError(ElementFinder.java:138)\n\tat com.codeborne.selenide.impl.WebElementSource.checkConditionAndReturnElement(WebElementSource.java:129)\n\tat com.codeborne.selenide.impl.WebElementSource.checkCondition(WebElementSource.java:98)\n\tat com.codeborne.selenide.commands.Should.execute(Should.java:30)\n\tat com.codeborne.selenide.commands.Should.execute(Should.java:14)\n\tat com.codeborne.selenide.commands.Commands.execute(Commands.java:157)\n\tat com.codeborne.selenide.impl.SelenideElementProxy.dispatchAndRetry(SelenideElementProxy.java:130)\n\tat com.codeborne.selenide.impl.SelenideElementProxy.invoke(SelenideElementProxy.java:82)\n\tat com.sun.proxy.$Proxy30.shouldBe(Unknown Source)\n\tat io.github.dzmitryrak.pages.HomePage.waitTillOpened(HomePage.java:19)\n\tat com.itechart.tests.AciertoTest.aciertoTestAllianzVidaRiesgoValidation(AciertoTest.java:323)\n\tat java.base/jdk.internal.reflect.NativeMethodAccessorImpl.invoke0(Native Method)\n\tat java.base/jdk.internal.reflect.NativeMethodAccessorImpl.invoke(NativeMethodAccessorImpl.java:62)\n\tat java.base/jdk.internal.reflect.DelegatingMethodAccessorImpl.invoke(DelegatingMethodAccessorImpl.java:43)\n\tat java.base/java.lang.reflect.Method.invoke(Method.java:566)\n\tat org.testng.internal.invokers.MethodInvocationHelper.invokeMethod(MethodInvocationHelper.java:139)\n\tat org.testng.internal.invokers.TestInvoker.invokeMethod(TestInvoker.java:677)\n\tat org.testng.internal.invokers.TestInvoker.invokeTestMethod(TestInvoker.java:221)\n\tat org.testng.internal.invokers.MethodRunner.runInSequence(MethodRunner.java:50)\n\tat org.testng.internal.invokers.TestInvoker$MethodInvocationAgent.invoke(TestInvoker.java:962)\n\tat org.testng.internal.invokers.TestInvoker.invokeTestMethods(TestInvoker.java:194)\n\tat org.testng.internal.invokers.TestMethodWorker.invokeTestMethods(TestMethodWorker.java:148)\n\tat org.testng.internal.invokers.TestMethodWorker.run(TestMethodWorker.java:128)\n\tat java.base/java.util.ArrayList.forEach(ArrayList.java:1541)\n\tat org.testng.TestRunner.privateRun(TestRunner.java:806)\n\tat org.testng.TestRunner.run(TestRunner.java:601)\n\tat org.testng.SuiteRunner.runTest(SuiteRunner.java:433)\n\tat org.testng.SuiteRunner.runSequentially(SuiteRunner.java:427)\n\tat org.testng.SuiteRunner.privateRun(SuiteRunner.java:387)\n\tat org.testng.SuiteRunner.run(SuiteRunner.java:330)\n\tat org.testng.SuiteRunnerWorker.runSuite(SuiteRunnerWorker.java:52)\n\tat org.testng.SuiteRunnerWorker.run(SuiteRunnerWorker.java:95)\n\tat org.testng.TestNG.runSuitesSequentially(TestNG.java:1256)\n\tat org.testng.TestNG.runSuitesLocally(TestNG.java:1176)\n\tat org.testng.TestNG.runSuites(TestNG.java:1099)\n\tat org.testng.TestNG.run(TestNG.java:1067)\n\tat org.apache.maven.surefire.testng.TestNGExecutor.run(TestNGExecutor.java:324)\n\tat org.apache.maven.surefire.testng.TestNGXmlTestSuite.execute(TestNGXmlTestSuite.java:74)\n\tat org.apache.maven.surefire.testng.TestNGProvider.invoke(TestNGProvider.java:123)\n\tat org.apache.maven.surefire.booter.ForkedBooter.runSuitesInProcess(ForkedBooter.java:456)\n\tat org.apache.maven.surefire.booter.ForkedBooter.execute(ForkedBooter.java:169)\n\tat org.apache.maven.surefire.booter.ForkedBooter.run(ForkedBooter.java:595)\n\tat org.apache.maven.surefire.booter.ForkedBooter.main(ForkedBooter.java:581)\nCaused by: org.openqa.selenium.NoSuchElementException: no such element: Unable to locate element: {\"method\":\"xpath\",\"selector\":\"//*[contains(@class, 'slds-page-header')]//ancestor::lightning-primitive-icon/*[@data-key='home']\"}\n  (Session info: headless chrome=110.0.5481.177)\nFor documentation on this error, please visit: https://selenium.dev/exceptions/#no_such_element\nBuild info: version: '4.6.0', revision: '79f1c02ae20'\nSystem info: os.name: 'Linux', os.arch: 'amd64', os.version: '5.15.0-1033-azure', java.version: '11.0.18'\nDriver info: org.openqa.selenium.chrome.ChromeDriver\nCommand: [535c161ce5a7a8a1f356832746bb3e89, findElement {using=xpath, value=//*[contains(@class, 'slds-page-header')]//ancestor::lightning-primitive-icon/*[@data-key='home']}]\nCapabilities {acceptInsecureCerts: true, browserName: chrome, browserVersion: 110.0.5481.177, chrome: {chromedriverVersion: 110.0.5481.77 (65ed616c6e8e..., userDataDir: /tmp/.com.google.Chrome.e7MB3b}, goog:chromeOptions: {debuggerAddress: localhost:41237}, networkConnectionEnabled: false, pageLoadStrategy: normal, platformName: LINUX, proxy: Proxy(), se:cdp: ws://localhost:41237/devtoo..., se:cdpVersion: 110.0.5481.177, setWindowRect: true, strictFileInteractability: false, timeouts: {implicit: 0, pageLoad: 300000, script: 30000}, unhandledPromptBehavior: accept, webauthn:extension:credBlob: true, webauthn:extension:largeBlob: true, webauthn:virtualAuthenticators: true}\nSession ID: 535c161ce5a7a8a1f356832746bb3e89\n\tat jdk.internal.reflect.GeneratedConstructorAccessor23.newInstance(Unknown Source)\n\tat java.base/jdk.internal.reflect.DelegatingConstructorAccessorImpl.newInstance(DelegatingConstructorAccessorImpl.java:45)\n\tat java.base/java.lang.reflect.Constructor.newInstance(Constructor.java:490)\n\tat org.openqa.selenium.remote.codec.w3c.W3CHttpResponseCodec.createException(W3CHttpResponseCodec.java:200)\n\tat org.openqa.selenium.remote.codec.w3c.W3CHttpResponseCodec.decode(W3CHttpResponseCodec.java:133)\n\tat org.openqa.selenium.remote.codec.w3c.W3CHttpResponseCodec.decode(W3CHttpResponseCodec.java:53)\n\tat org.openqa.selenium.remote.HttpCommandExecutor.execute(HttpCommandExecutor.java:184)\n\tat org.openqa.selenium.remote.service.DriverCommandExecutor.invokeExecute(DriverCommandExecutor.java:167)\n\tat org.openqa.selenium.remote.service.DriverCommandExecutor.execute(DriverCommandExecutor.java:142)\n\tat org.openqa.selenium.remote.RemoteWebDriver.execute(RemoteWebDriver.java:541)\n\tat org.openqa.selenium.remote.ElementLocation$ElementFinder$2.findElement(ElementLocation.java:162)\n\tat org.openqa.selenium.remote.ElementLocation.findElement(ElementLocation.java:60)\n\tat org.openqa.selenium.remote.RemoteWebDriver.findElement(RemoteWebDriver.java:365)\n\tat org.openqa.selenium.remote.RemoteWebDriver.findElement(RemoteWebDriver.java:357)\n\tat com.codeborne.selenide.impl.WebElementSelector.findElement(WebElementSelector.java:70)\n\tat com.codeborne.selenide.impl.WebElementSelector.findElement(WebElementSelector.java:44)\n\tat com.codeborne.selenide.impl.WebElementSelector.findElement(WebElementSelector.java:33)\n\tat com.codeborne.selenide.impl.ElementFinder.getWebElement(ElementFinder.java:118)\n\tat com.codeborne.selenide.impl.WebElementSource.checkConditionAndReturnElement(WebElementSource.java:110)\n\t... 41 more\n","steps":[{"name":"Setting person's data for creation the record","time":{"start":1677934335709,"stop":1677934341204,"duration":5495},"status":"passed","steps":[{"name":"Open Acierto Main Page","time":{"start":1677934335709,"stop":1677934337606,"duration":1897},"status":"passed","steps":[],"attachments":[],"parameters":[],"stepsCount":0,"attachmentsCount":0,"shouldDisplayMessage":false,"hasContent":false},{"name":"Choose insurance details","time":{"start":1677934337606,"stop":1677934338436,"duration":830},"status":"passed","steps":[],"attachments":[],"parameters":[{"name":"locator","value":"90.000€"}],"stepsCount":0,"attachmentsCount":0,"shouldDisplayMessage":false,"hasContent":true},{"name":"Choose insurance details","time":{"start":1677934338436,"stop":1677934338495,"duration":59},"status":"passed","steps":[],"attachments":[],"parameters":[{"name":"locator","value":"Anual"}],"stepsCount":0,"attachmentsCount":0,"shouldDisplayMessage":false,"hasContent":true},{"name":"Click continue button","time":{"start":1677934338496,"stop":1677934338543,"duration":47},"status":"passed","steps":[],"attachments":[],"parameters":[],"stepsCount":0,"attachmentsCount":0,"shouldDisplayMessage":false,"hasContent":false},{"name":"Check that the page with the text Fecha de nacimiento is opened","time":{"start":1677934338544,"stop":1677934339005,"duration":461},"status":"passed","steps":[],"attachments":[],"parameters":[{"name":"data","value":"Fecha de nacimiento"}],"stepsCount":0,"attachmentsCount":0,"shouldDisplayMessage":false,"hasContent":true},{"name":"Filling the field birth-date with data 11/10/1967","time":{"start":1677934339005,"stop":1677934339154,"duration":149},"status":"passed","steps":[],"attachments":[],"parameters":[{"name":"locator","value":"birth-date"},{"name":"data","value":"11/10/1967"}],"stepsCount":0,"attachmentsCount":0,"shouldDisplayMessage":false,"hasContent":true},{"name":"Choose insurance details","time":{"start":1677934339154,"stop":1677934339224,"duration":70},"status":"passed","steps":[],"attachments":[],"parameters":[{"name":"locator","value":"Hombre"}],"stepsCount":0,"attachmentsCount":0,"shouldDisplayMessage":false,"hasContent":true},{"name":"Filling the field zip-code with data 28012","time":{"start":1677934339225,"stop":1677934339408,"duration":183},"status":"passed","steps":[],"attachments":[],"parameters":[{"name":"locator","value":"zip-code"},{"name":"data","value":"28012"}],"stepsCount":0,"attachmentsCount":0,"shouldDisplayMessage":false,"hasContent":true},{"name":"Click continue button","time":{"start":1677934339408,"stop":1677934339426,"duration":18},"status":"passed","steps":[],"attachments":[],"parameters":[],"stepsCount":0,"attachmentsCount":0,"shouldDisplayMessage":false,"hasContent":false},{"name":"Filling the field email with data russell.pfannerstill@yahoo.com","time":{"start":1677934339427,"stop":1677934340057,"duration":630},"status":"passed","steps":[],"attachments":[],"parameters":[{"name":"locator","value":"email"},{"name":"data","value":"russell.pfannerstill@yahoo.com"}],"stepsCount":0,"attachmentsCount":0,"shouldDisplayMessage":false,"hasContent":true},{"name":"Filling the field phone with data 924312158","time":{"start":1677934340057,"stop":1677934340219,"duration":162},"status":"passed","steps":[],"attachments":[],"parameters":[{"name":"locator","value":"phone"},{"name":"data","value":"924312158"}],"stepsCount":0,"attachmentsCount":0,"shouldDisplayMessage":false,"hasContent":true},{"name":"Click continue button","time":{"start":1677934340219,"stop":1677934340253,"duration":34},"status":"passed","steps":[],"attachments":[],"parameters":[],"stepsCount":0,"attachmentsCount":0,"shouldDisplayMessage":false,"hasContent":false},{"name":"Check that the Page with options for insurance services is opened","time":{"start":1677934340253,"stop":1677934341204,"duration":951},"status":"passed","steps":[],"attachments":[],"parameters":[],"stepsCount":0,"attachmentsCount":0,"shouldDisplayMessage":false,"hasContent":false}],"attachments":[],"parameters":[{"name":"amount","value":"90.000€"},{"name":"period","value":"Anual"},{"name":"personalData","value":"Fecha de nacimiento"},{"name":"dateOfBirth","value":"11/10/1967"},{"name":"gender","value":"Hombre"},{"name":"zipcode","value":"28012"},{"name":"email","value":"russell.pfannerstill@yahoo.com"},{"name":"phone","value":"924312158"}],"stepsCount":13,"attachmentsCount":0,"shouldDisplayMessage":false,"hasContent":true},{"name":"Click on [I'm Interested] button with the index 7","time":{"start":1677934341204,"stop":1677934357370,"duration":16166},"status":"passed","steps":[],"attachments":[],"parameters":[{"name":"index","value":"7"}],"stepsCount":0,"attachmentsCount":0,"shouldDisplayMessage":false,"hasContent":true},{"name":"isFinalModalDisplayed","time":{"start":1677934357370,"stop":1677934357399,"duration":29},"status":"passed","steps":[],"attachments":[],"parameters":[],"stepsCount":0,"attachmentsCount":0,"shouldDisplayMessage":false,"hasContent":false},{"name":"callMeOnThisPhoneButtonClick","time":{"start":1677934357399,"stop":1677934357551,"duration":152},"status":"passed","steps":[],"attachments":[],"parameters":[{"name":"indexButton","value":"2"}],"stepsCount":0,"attachmentsCount":0,"shouldDisplayMessage":false,"hasContent":true},{"name":"Check that grateful Modal is displayed","time":{"start":1677934357551,"stop":1677934357595,"duration":44},"status":"passed","steps":[],"attachments":[],"parameters":[],"stepsCount":0,"attachmentsCount":0,"shouldDisplayMessage":false,"hasContent":false},{"name":"Click on [Close] button on Grateful modal","time":{"start":1677934357595,"stop":1677934358735,"duration":1140},"status":"passed","steps":[],"attachments":[],"parameters":[],"stepsCount":0,"attachmentsCount":0,"shouldDisplayMessage":false,"hasContent":false},{"name":"Check that the Page with options for insurance services is opened","time":{"start":1677934358736,"stop":1677934358759,"duration":23},"status":"passed","steps":[],"attachments":[],"parameters":[],"stepsCount":0,"attachmentsCount":0,"shouldDisplayMessage":false,"hasContent":false},{"name":"Closing window acierto to avoid displaying pop up 'Leave the page'","time":{"start":1677934358759,"stop":1677934358817,"duration":58},"status":"passed","steps":[],"attachments":[],"parameters":[],"stepsCount":0,"attachmentsCount":0,"shouldDisplayMessage":false,"hasContent":false},{"name":"Open Login Page","time":{"start":1677934358817,"stop":1677934360465,"duration":1648},"status":"passed","steps":[],"attachments":[],"parameters":[],"stepsCount":0,"attachmentsCount":0,"shouldDisplayMessage":false,"hasContent":false},{"name":"Login by user: testfoagent1@gmail.com.acierto.staging","time":{"start":1677934360465,"stop":1677934364009,"duration":3544},"status":"passed","steps":[],"attachments":[],"parameters":[{"name":"username","value":"testfoagent1@gmail.com.acierto.staging"},{"name":"password","value":"URyd457&w"}],"stepsCount":0,"attachmentsCount":0,"shouldDisplayMessage":false,"hasContent":true}],"attachments":[{"uid":"6b034971f499a3e","name":"Screenshot","source":"6b034971f499a3e.png","type":"image/png","size":31037}],"parameters":[],"stepsCount":23,"attachmentsCount":1,"shouldDisplayMessage":true,"hasContent":true},"afterStages":[{"name":"Close browser","time":{"start":1677934394561,"stop":1677934394639,"duration":78},"description":"Close browser","status":"passed","steps":[],"attachments":[],"parameters":[],"stepsCount":0,"attachmentsCount":0,"shouldDisplayMessage":false,"hasContent":false}],"labels":[{"name":"package","value":"com.itechart.tests.AciertoTest"},{"name":"testClass","value":"com.itechart.tests.AciertoTest"},{"name":"testMethod","value":"aciertoTestAllianzVidaRiesgoValidation"},{"name":"parentSuite","value":"Build Verification Test"},{"name":"suite","value":"Validate the standard test case creation"},{"name":"subSuite","value":"com.itechart.tests.AciertoTest"},{"name":"host","value":"fv-az487-601"},{"name":"thread","value":"2336@fv-az487-601.main(1)"},{"name":"framework","value":"testng"},{"name":"language","value":"java"},{"name":"resultFormat","value":"allure2"}],"parameters":[],"links":[],"hidden":true,"retry":true,"extra":{"categories":[],"tags":[]},"source":"991abc392ac12c14.json","parameterValues":[]}