{"uid":"6095da888447ac08","name":"Creation of the insurance record with provider 'Previs Vida' and validation it in Salesforce","fullName":"com.itechart.tests.AciertoTest.aciertoTestPrevisVidaValidation","historyId":"111ea50bfb4cb314a34b7b67c229c2b0","time":{"start":1673124947703,"stop":1673124973263,"duration":25560},"status":"failed","statusMessage":"Invalid element state [By.xpath: (//button//span[text()='Me interesa'])[7]]: element click intercepted: Element <span class=\"it-btn-text\">...</span> is not clickable at point (1216, 757). Other element would receive the click: <div class=\"comparison-bar flex justify-between align-center w-100pct comparison-bar\" data-v-1a13f36b=\"\" data-v-dc543454=\"\">...</div>\nScreenshot: file:/home/runner/work/AciertoTests/AciertoTests/build/reports/tests/1673124973047.5.png\nPage source: file:/home/runner/work/AciertoTests/AciertoTests/build/reports/tests/1673124973047.5.html\nTimeout: 5 s.\nCaused by: ElementClickInterceptedException: element click intercepted: Element <span class=\"it-btn-text\">...</span> is not clickable at point (1216, 757). Other element would receive the click: <div class=\"comparison-bar flex justify-between align-center w-100pct comparison-bar\" data-v-1a13f36b=\"\" data-v-dc543454=\"\">...</div>","statusTrace":"Invalid element state [By.xpath: (//button//span[text()='Me interesa'])[7]]: element click intercepted: Element <span class=\"it-btn-text\">...</span> is not clickable at point (1216, 757). Other element would receive the click: <div class=\"comparison-bar flex justify-between align-center w-100pct comparison-bar\" data-v-1a13f36b=\"\" data-v-dc543454=\"\">...</div>\nScreenshot: file:/home/runner/work/AciertoTests/AciertoTests/build/reports/tests/1673124973047.5.png\nPage source: file:/home/runner/work/AciertoTests/AciertoTests/build/reports/tests/1673124973047.5.html\nTimeout: 5 s.\nCaused by: ElementClickInterceptedException: element click intercepted: Element <span class=\"it-btn-text\">...</span> is not clickable at point (1216, 757). Other element would receive the click: <div class=\"comparison-bar flex justify-between align-center w-100pct comparison-bar\" data-v-1a13f36b=\"\" data-v-dc543454=\"\">...</div>\n\tat com.codeborne.selenide.impl.ExceptionWrapper.wrap(ExceptionWrapper.java:26)\n\tat com.codeborne.selenide.impl.SelenideElementProxy.dispatchAndRetry(SelenideElementProxy.java:152)\n\tat com.codeborne.selenide.impl.SelenideElementProxy.invoke(SelenideElementProxy.java:82)\n\tat com.sun.proxy.$Proxy30.click(Unknown Source)\n\tat com.itechart.pages.AciertoPage.imInterestedButtonClick(AciertoPage.java:69)\n\tat com.itechart.tests.AciertoTest.aciertoTestPrevisVidaValidation(AciertoTest.java:256)\n\tat java.base/jdk.internal.reflect.NativeMethodAccessorImpl.invoke0(Native Method)\n\tat java.base/jdk.internal.reflect.NativeMethodAccessorImpl.invoke(NativeMethodAccessorImpl.java:62)\n\tat java.base/jdk.internal.reflect.DelegatingMethodAccessorImpl.invoke(DelegatingMethodAccessorImpl.java:43)\n\tat java.base/java.lang.reflect.Method.invoke(Method.java:566)\n\tat org.testng.internal.invokers.MethodInvocationHelper.invokeMethod(MethodInvocationHelper.java:139)\n\tat org.testng.internal.invokers.TestInvoker.invokeMethod(TestInvoker.java:677)\n\tat org.testng.internal.invokers.TestInvoker.invokeTestMethod(TestInvoker.java:221)\n\tat org.testng.internal.invokers.MethodRunner.runInSequence(MethodRunner.java:50)\n\tat org.testng.internal.invokers.TestInvoker$MethodInvocationAgent.invoke(TestInvoker.java:962)\n\tat org.testng.internal.invokers.TestInvoker.invokeTestMethods(TestInvoker.java:194)\n\tat org.testng.internal.invokers.TestMethodWorker.invokeTestMethods(TestMethodWorker.java:148)\n\tat org.testng.internal.invokers.TestMethodWorker.run(TestMethodWorker.java:128)\n\tat java.base/java.util.ArrayList.forEach(ArrayList.java:1541)\n\tat org.testng.TestRunner.privateRun(TestRunner.java:806)\n\tat org.testng.TestRunner.run(TestRunner.java:601)\n\tat org.testng.SuiteRunner.runTest(SuiteRunner.java:433)\n\tat org.testng.SuiteRunner.runSequentially(SuiteRunner.java:427)\n\tat org.testng.SuiteRunner.privateRun(SuiteRunner.java:387)\n\tat org.testng.SuiteRunner.run(SuiteRunner.java:330)\n\tat org.testng.SuiteRunnerWorker.runSuite(SuiteRunnerWorker.java:52)\n\tat org.testng.SuiteRunnerWorker.run(SuiteRunnerWorker.java:95)\n\tat org.testng.TestNG.runSuitesSequentially(TestNG.java:1256)\n\tat org.testng.TestNG.runSuitesLocally(TestNG.java:1176)\n\tat org.testng.TestNG.runSuites(TestNG.java:1099)\n\tat org.testng.TestNG.run(TestNG.java:1067)\n\tat org.apache.maven.surefire.testng.TestNGExecutor.run(TestNGExecutor.java:151)\n\tat org.apache.maven.surefire.testng.TestNGDirectoryTestSuite.executeMulti(TestNGDirectoryTestSuite.java:192)\n\tat org.apache.maven.surefire.testng.TestNGDirectoryTestSuite.execute(TestNGDirectoryTestSuite.java:93)\n\tat org.apache.maven.surefire.testng.TestNGProvider.invoke(TestNGProvider.java:155)\n\tat org.apache.maven.surefire.booter.ForkedBooter.runSuitesInProcess(ForkedBooter.java:456)\n\tat org.apache.maven.surefire.booter.ForkedBooter.execute(ForkedBooter.java:169)\n\tat org.apache.maven.surefire.booter.ForkedBooter.run(ForkedBooter.java:595)\n\tat org.apache.maven.surefire.booter.ForkedBooter.main(ForkedBooter.java:581)\nCaused by: org.openqa.selenium.ElementClickInterceptedException: element click intercepted: Element <span class=\"it-btn-text\">...</span> is not clickable at point (1216, 757). Other element would receive the click: <div class=\"comparison-bar flex justify-between align-center w-100pct comparison-bar\" data-v-1a13f36b=\"\" data-v-dc543454=\"\">...</div>\n  (Session info: headless chrome=108.0.5359.98)\nBuild info: version: '4.6.0', revision: '79f1c02ae20'\nSystem info: os.name: 'Linux', os.arch: 'amd64', os.version: '5.15.0-1024-azure', java.version: '11.0.17'\nDriver info: org.openqa.selenium.chrome.ChromeDriver\nCommand: [10fad8d375aaca1e9177f802088015cf, clickElement {id=666da1d0-9d84-4f53-8026-7a15d2aceb6e}]\nCapabilities {acceptInsecureCerts: true, browserName: chrome, browserVersion: 108.0.5359.98, chrome: {chromedriverVersion: 108.0.5359.71 (1e0e3868ee06..., userDataDir: /tmp/.com.google.Chrome.0n5K1d}, goog:chromeOptions: {debuggerAddress: localhost:44781}, networkConnectionEnabled: false, pageLoadStrategy: normal, platformName: LINUX, proxy: Proxy(), se:cdp: ws://localhost:44781/devtoo..., se:cdpVersion: 108.0.5359.98, setWindowRect: true, strictFileInteractability: false, timeouts: {implicit: 0, pageLoad: 300000, script: 30000}, unhandledPromptBehavior: accept, webauthn:extension:credBlob: true, webauthn:extension:largeBlob: true, webauthn:virtualAuthenticators: true}\nElement: [[ChromeDriver: chrome on LINUX (10fad8d375aaca1e9177f802088015cf)] -> xpath: (//button//span[text()='Me interesa'])[7]]\nSession ID: 10fad8d375aaca1e9177f802088015cf\n\tat java.base/jdk.internal.reflect.NativeConstructorAccessorImpl.newInstance0(Native Method)\n\tat java.base/jdk.internal.reflect.NativeConstructorAccessorImpl.newInstance(NativeConstructorAccessorImpl.java:62)\n\tat java.base/jdk.internal.reflect.DelegatingConstructorAccessorImpl.newInstance(DelegatingConstructorAccessorImpl.java:45)\n\tat java.base/java.lang.reflect.Constructor.newInstance(Constructor.java:490)\n\tat org.openqa.selenium.remote.codec.w3c.W3CHttpResponseCodec.createException(W3CHttpResponseCodec.java:200)\n\tat org.openqa.selenium.remote.codec.w3c.W3CHttpResponseCodec.decode(W3CHttpResponseCodec.java:133)\n\tat org.openqa.selenium.remote.codec.w3c.W3CHttpResponseCodec.decode(W3CHttpResponseCodec.java:53)\n\tat org.openqa.selenium.remote.HttpCommandExecutor.execute(HttpCommandExecutor.java:184)\n\tat org.openqa.selenium.remote.service.DriverCommandExecutor.invokeExecute(DriverCommandExecutor.java:167)\n\tat org.openqa.selenium.remote.service.DriverCommandExecutor.execute(DriverCommandExecutor.java:142)\n\tat org.openqa.selenium.remote.RemoteWebDriver.execute(RemoteWebDriver.java:541)\n\tat org.openqa.selenium.remote.RemoteWebElement.execute(RemoteWebElement.java:257)\n\tat org.openqa.selenium.remote.RemoteWebElement.click(RemoteWebElement.java:78)\n\tat com.codeborne.selenide.commands.Click.defaultClick(Click.java:97)\n\tat com.codeborne.selenide.commands.Click.click(Click.java:54)\n\tat com.codeborne.selenide.commands.Click.execute(Click.java:31)\n\tat com.codeborne.selenide.commands.Click.execute(Click.java:21)\n\tat com.codeborne.selenide.commands.Commands.execute(Commands.java:157)\n\tat com.codeborne.selenide.impl.SelenideElementProxy.dispatchAndRetry(SelenideElementProxy.java:130)\n\t... 37 more\n","flaky":false,"newFailed":false,"newBroken":false,"newPassed":false,"retriesCount":0,"retriesStatusChange":false,"beforeStages":[{"name":"Open browser","time":{"start":1673124947417,"stop":1673124947701,"duration":284},"description":"Open browser","status":"passed","steps":[],"attachments":[],"parameters":[],"stepsCount":0,"attachmentsCount":0,"shouldDisplayMessage":false,"hasContent":false}],"testStage":{"status":"failed","statusMessage":"Invalid element state [By.xpath: (//button//span[text()='Me interesa'])[7]]: element click intercepted: Element <span class=\"it-btn-text\">...</span> is not clickable at point (1216, 757). Other element would receive the click: <div class=\"comparison-bar flex justify-between align-center w-100pct comparison-bar\" data-v-1a13f36b=\"\" data-v-dc543454=\"\">...</div>\nScreenshot: file:/home/runner/work/AciertoTests/AciertoTests/build/reports/tests/1673124973047.5.png\nPage source: file:/home/runner/work/AciertoTests/AciertoTests/build/reports/tests/1673124973047.5.html\nTimeout: 5 s.\nCaused by: ElementClickInterceptedException: element click intercepted: Element <span class=\"it-btn-text\">...</span> is not clickable at point (1216, 757). Other element would receive the click: <div class=\"comparison-bar flex justify-between align-center w-100pct comparison-bar\" data-v-1a13f36b=\"\" data-v-dc543454=\"\">...</div>","statusTrace":"Invalid element state [By.xpath: (//button//span[text()='Me interesa'])[7]]: element click intercepted: Element <span class=\"it-btn-text\">...</span> is not clickable at point (1216, 757). Other element would receive the click: <div class=\"comparison-bar flex justify-between align-center w-100pct comparison-bar\" data-v-1a13f36b=\"\" data-v-dc543454=\"\">...</div>\nScreenshot: file:/home/runner/work/AciertoTests/AciertoTests/build/reports/tests/1673124973047.5.png\nPage source: file:/home/runner/work/AciertoTests/AciertoTests/build/reports/tests/1673124973047.5.html\nTimeout: 5 s.\nCaused by: ElementClickInterceptedException: element click intercepted: Element <span class=\"it-btn-text\">...</span> is not clickable at point (1216, 757). Other element would receive the click: <div class=\"comparison-bar flex justify-between align-center w-100pct comparison-bar\" data-v-1a13f36b=\"\" data-v-dc543454=\"\">...</div>\n\tat com.codeborne.selenide.impl.ExceptionWrapper.wrap(ExceptionWrapper.java:26)\n\tat com.codeborne.selenide.impl.SelenideElementProxy.dispatchAndRetry(SelenideElementProxy.java:152)\n\tat com.codeborne.selenide.impl.SelenideElementProxy.invoke(SelenideElementProxy.java:82)\n\tat com.sun.proxy.$Proxy30.click(Unknown Source)\n\tat com.itechart.pages.AciertoPage.imInterestedButtonClick(AciertoPage.java:69)\n\tat com.itechart.tests.AciertoTest.aciertoTestPrevisVidaValidation(AciertoTest.java:256)\n\tat java.base/jdk.internal.reflect.NativeMethodAccessorImpl.invoke0(Native Method)\n\tat java.base/jdk.internal.reflect.NativeMethodAccessorImpl.invoke(NativeMethodAccessorImpl.java:62)\n\tat java.base/jdk.internal.reflect.DelegatingMethodAccessorImpl.invoke(DelegatingMethodAccessorImpl.java:43)\n\tat java.base/java.lang.reflect.Method.invoke(Method.java:566)\n\tat org.testng.internal.invokers.MethodInvocationHelper.invokeMethod(MethodInvocationHelper.java:139)\n\tat org.testng.internal.invokers.TestInvoker.invokeMethod(TestInvoker.java:677)\n\tat org.testng.internal.invokers.TestInvoker.invokeTestMethod(TestInvoker.java:221)\n\tat org.testng.internal.invokers.MethodRunner.runInSequence(MethodRunner.java:50)\n\tat org.testng.internal.invokers.TestInvoker$MethodInvocationAgent.invoke(TestInvoker.java:962)\n\tat org.testng.internal.invokers.TestInvoker.invokeTestMethods(TestInvoker.java:194)\n\tat org.testng.internal.invokers.TestMethodWorker.invokeTestMethods(TestMethodWorker.java:148)\n\tat org.testng.internal.invokers.TestMethodWorker.run(TestMethodWorker.java:128)\n\tat java.base/java.util.ArrayList.forEach(ArrayList.java:1541)\n\tat org.testng.TestRunner.privateRun(TestRunner.java:806)\n\tat org.testng.TestRunner.run(TestRunner.java:601)\n\tat org.testng.SuiteRunner.runTest(SuiteRunner.java:433)\n\tat org.testng.SuiteRunner.runSequentially(SuiteRunner.java:427)\n\tat org.testng.SuiteRunner.privateRun(SuiteRunner.java:387)\n\tat org.testng.SuiteRunner.run(SuiteRunner.java:330)\n\tat org.testng.SuiteRunnerWorker.runSuite(SuiteRunnerWorker.java:52)\n\tat org.testng.SuiteRunnerWorker.run(SuiteRunnerWorker.java:95)\n\tat org.testng.TestNG.runSuitesSequentially(TestNG.java:1256)\n\tat org.testng.TestNG.runSuitesLocally(TestNG.java:1176)\n\tat org.testng.TestNG.runSuites(TestNG.java:1099)\n\tat org.testng.TestNG.run(TestNG.java:1067)\n\tat org.apache.maven.surefire.testng.TestNGExecutor.run(TestNGExecutor.java:151)\n\tat org.apache.maven.surefire.testng.TestNGDirectoryTestSuite.executeMulti(TestNGDirectoryTestSuite.java:192)\n\tat org.apache.maven.surefire.testng.TestNGDirectoryTestSuite.execute(TestNGDirectoryTestSuite.java:93)\n\tat org.apache.maven.surefire.testng.TestNGProvider.invoke(TestNGProvider.java:155)\n\tat org.apache.maven.surefire.booter.ForkedBooter.runSuitesInProcess(ForkedBooter.java:456)\n\tat org.apache.maven.surefire.booter.ForkedBooter.execute(ForkedBooter.java:169)\n\tat org.apache.maven.surefire.booter.ForkedBooter.run(ForkedBooter.java:595)\n\tat org.apache.maven.surefire.booter.ForkedBooter.main(ForkedBooter.java:581)\nCaused by: org.openqa.selenium.ElementClickInterceptedException: element click intercepted: Element <span class=\"it-btn-text\">...</span> is not clickable at point (1216, 757). Other element would receive the click: <div class=\"comparison-bar flex justify-between align-center w-100pct comparison-bar\" data-v-1a13f36b=\"\" data-v-dc543454=\"\">...</div>\n  (Session info: headless chrome=108.0.5359.98)\nBuild info: version: '4.6.0', revision: '79f1c02ae20'\nSystem info: os.name: 'Linux', os.arch: 'amd64', os.version: '5.15.0-1024-azure', java.version: '11.0.17'\nDriver info: org.openqa.selenium.chrome.ChromeDriver\nCommand: [10fad8d375aaca1e9177f802088015cf, clickElement {id=666da1d0-9d84-4f53-8026-7a15d2aceb6e}]\nCapabilities {acceptInsecureCerts: true, browserName: chrome, browserVersion: 108.0.5359.98, chrome: {chromedriverVersion: 108.0.5359.71 (1e0e3868ee06..., userDataDir: /tmp/.com.google.Chrome.0n5K1d}, goog:chromeOptions: {debuggerAddress: localhost:44781}, networkConnectionEnabled: false, pageLoadStrategy: normal, platformName: LINUX, proxy: Proxy(), se:cdp: ws://localhost:44781/devtoo..., se:cdpVersion: 108.0.5359.98, setWindowRect: true, strictFileInteractability: false, timeouts: {implicit: 0, pageLoad: 300000, script: 30000}, unhandledPromptBehavior: accept, webauthn:extension:credBlob: true, webauthn:extension:largeBlob: true, webauthn:virtualAuthenticators: true}\nElement: [[ChromeDriver: chrome on LINUX (10fad8d375aaca1e9177f802088015cf)] -> xpath: (//button//span[text()='Me interesa'])[7]]\nSession ID: 10fad8d375aaca1e9177f802088015cf\n\tat java.base/jdk.internal.reflect.NativeConstructorAccessorImpl.newInstance0(Native Method)\n\tat java.base/jdk.internal.reflect.NativeConstructorAccessorImpl.newInstance(NativeConstructorAccessorImpl.java:62)\n\tat java.base/jdk.internal.reflect.DelegatingConstructorAccessorImpl.newInstance(DelegatingConstructorAccessorImpl.java:45)\n\tat java.base/java.lang.reflect.Constructor.newInstance(Constructor.java:490)\n\tat org.openqa.selenium.remote.codec.w3c.W3CHttpResponseCodec.createException(W3CHttpResponseCodec.java:200)\n\tat org.openqa.selenium.remote.codec.w3c.W3CHttpResponseCodec.decode(W3CHttpResponseCodec.java:133)\n\tat org.openqa.selenium.remote.codec.w3c.W3CHttpResponseCodec.decode(W3CHttpResponseCodec.java:53)\n\tat org.openqa.selenium.remote.HttpCommandExecutor.execute(HttpCommandExecutor.java:184)\n\tat org.openqa.selenium.remote.service.DriverCommandExecutor.invokeExecute(DriverCommandExecutor.java:167)\n\tat org.openqa.selenium.remote.service.DriverCommandExecutor.execute(DriverCommandExecutor.java:142)\n\tat org.openqa.selenium.remote.RemoteWebDriver.execute(RemoteWebDriver.java:541)\n\tat org.openqa.selenium.remote.RemoteWebElement.execute(RemoteWebElement.java:257)\n\tat org.openqa.selenium.remote.RemoteWebElement.click(RemoteWebElement.java:78)\n\tat com.codeborne.selenide.commands.Click.defaultClick(Click.java:97)\n\tat com.codeborne.selenide.commands.Click.click(Click.java:54)\n\tat com.codeborne.selenide.commands.Click.execute(Click.java:31)\n\tat com.codeborne.selenide.commands.Click.execute(Click.java:21)\n\tat com.codeborne.selenide.commands.Commands.execute(Commands.java:157)\n\tat com.codeborne.selenide.impl.SelenideElementProxy.dispatchAndRetry(SelenideElementProxy.java:130)\n\t... 37 more\n","steps":[{"name":"Setting person's data for creation the record","time":{"start":1673124947703,"stop":1673124952523,"duration":4820},"status":"passed","steps":[{"name":"Open Acierto Main Page","time":{"start":1673124947703,"stop":1673124949301,"duration":1598},"status":"passed","steps":[],"attachments":[],"parameters":[],"stepsCount":0,"attachmentsCount":0,"shouldDisplayMessage":false,"hasContent":false},{"name":"Choose insurance details","time":{"start":1673124949302,"stop":1673124949864,"duration":562},"status":"passed","steps":[],"attachments":[],"parameters":[{"name":"locator","value":"90.000€"}],"stepsCount":0,"attachmentsCount":0,"shouldDisplayMessage":false,"hasContent":true},{"name":"Choose insurance details","time":{"start":1673124949864,"stop":1673124949923,"duration":59},"status":"passed","steps":[],"attachments":[],"parameters":[{"name":"locator","value":"Anual"}],"stepsCount":0,"attachmentsCount":0,"shouldDisplayMessage":false,"hasContent":true},{"name":"Click continue button","time":{"start":1673124949923,"stop":1673124949948,"duration":25},"status":"passed","steps":[],"attachments":[],"parameters":[],"stepsCount":0,"attachmentsCount":0,"shouldDisplayMessage":false,"hasContent":false},{"name":"Filling the field birth-date with data 11/10/1967","time":{"start":1673124949948,"stop":1673124950483,"duration":535},"status":"passed","steps":[],"attachments":[],"parameters":[{"name":"locator","value":"birth-date"},{"name":"data","value":"11/10/1967"}],"stepsCount":0,"attachmentsCount":0,"shouldDisplayMessage":false,"hasContent":true},{"name":"Choose insurance details","time":{"start":1673124950484,"stop":1673124950545,"duration":61},"status":"passed","steps":[],"attachments":[],"parameters":[{"name":"locator","value":"Hombre"}],"stepsCount":0,"attachmentsCount":0,"shouldDisplayMessage":false,"hasContent":true},{"name":"Filling the field zip-code with data 28012","time":{"start":1673124950545,"stop":1673124950689,"duration":144},"status":"passed","steps":[],"attachments":[],"parameters":[{"name":"locator","value":"zip-code"},{"name":"data","value":"28012"}],"stepsCount":0,"attachmentsCount":0,"shouldDisplayMessage":false,"hasContent":true},{"name":"Click continue button","time":{"start":1673124950689,"stop":1673124950704,"duration":15},"status":"passed","steps":[],"attachments":[],"parameters":[],"stepsCount":0,"attachmentsCount":0,"shouldDisplayMessage":false,"hasContent":false},{"name":"Filling the field email with data acierto1@mailinator.com","time":{"start":1673124950704,"stop":1673124951290,"duration":586},"status":"passed","steps":[],"attachments":[],"parameters":[{"name":"locator","value":"email"},{"name":"data","value":"acierto1@mailinator.com"}],"stepsCount":0,"attachmentsCount":0,"shouldDisplayMessage":false,"hasContent":true},{"name":"Filling the field phone with data 921002218","time":{"start":1673124951290,"stop":1673124951417,"duration":127},"status":"passed","steps":[],"attachments":[],"parameters":[{"name":"locator","value":"phone"},{"name":"data","value":"921002218"}],"stepsCount":0,"attachmentsCount":0,"shouldDisplayMessage":false,"hasContent":true},{"name":"Click continue button","time":{"start":1673124951417,"stop":1673124951438,"duration":21},"status":"passed","steps":[],"attachments":[],"parameters":[],"stepsCount":0,"attachmentsCount":0,"shouldDisplayMessage":false,"hasContent":false},{"name":"Check that the Page with options for insurance services is opened","time":{"start":1673124951438,"stop":1673124952523,"duration":1085},"status":"passed","steps":[],"attachments":[],"parameters":[],"stepsCount":0,"attachmentsCount":0,"shouldDisplayMessage":false,"hasContent":false}],"attachments":[],"parameters":[{"name":"amount","value":"90.000€"},{"name":"period","value":"Anual"},{"name":"dateOfBirth","value":"11/10/1967"},{"name":"gender","value":"Hombre"},{"name":"zipcode","value":"28012"},{"name":"email","value":"acierto1@mailinator.com"},{"name":"phone","value":"921002218"}],"stepsCount":12,"attachmentsCount":0,"shouldDisplayMessage":false,"hasContent":true},{"name":"Click on the button [I'm Interested] bith the index 7","time":{"start":1673124952523,"stop":1673124973261,"duration":20738},"status":"failed","statusMessage":"Invalid element state [By.xpath: (//button//span[text()='Me interesa'])[7]]: element click intercepted: Element <span class=\"it-btn-text\">...</span> is not clickable at point (1216, 757). Other element would receive the click: <div class=\"comparison-bar flex justify-between align-center w-100pct comparison-bar\" data-v-1a13f36b=\"\" data-v-dc543454=\"\">...</div>\nScreenshot: file:/home/runner/work/AciertoTests/AciertoTests/build/reports/tests/1673124973047.5.png\nPage source: file:/home/runner/work/AciertoTests/AciertoTests/build/reports/tests/1673124973047.5.html\nTimeout: 5 s.\nCaused by: ElementClickInterceptedException: element click intercepted: Element <span class=\"it-btn-text\">...</span> is not clickable at point (1216, 757). Other element would receive the click: <div class=\"comparison-bar flex justify-between align-center w-100pct comparison-bar\" data-v-1a13f36b=\"\" data-v-dc543454=\"\">...</div>","statusTrace":"Invalid element state [By.xpath: (//button//span[text()='Me interesa'])[7]]: element click intercepted: Element <span class=\"it-btn-text\">...</span> is not clickable at point (1216, 757). Other element would receive the click: <div class=\"comparison-bar flex justify-between align-center w-100pct comparison-bar\" data-v-1a13f36b=\"\" data-v-dc543454=\"\">...</div>\nScreenshot: file:/home/runner/work/AciertoTests/AciertoTests/build/reports/tests/1673124973047.5.png\nPage source: file:/home/runner/work/AciertoTests/AciertoTests/build/reports/tests/1673124973047.5.html\nTimeout: 5 s.\nCaused by: ElementClickInterceptedException: element click intercepted: Element <span class=\"it-btn-text\">...</span> is not clickable at point (1216, 757). Other element would receive the click: <div class=\"comparison-bar flex justify-between align-center w-100pct comparison-bar\" data-v-1a13f36b=\"\" data-v-dc543454=\"\">...</div>\n\tat com.codeborne.selenide.impl.ExceptionWrapper.wrap(ExceptionWrapper.java:26)\n\tat com.codeborne.selenide.impl.SelenideElementProxy.dispatchAndRetry(SelenideElementProxy.java:152)\n\tat com.codeborne.selenide.impl.SelenideElementProxy.invoke(SelenideElementProxy.java:82)\n\tat com.sun.proxy.$Proxy30.click(Unknown Source)\n\tat com.itechart.pages.AciertoPage.imInterestedButtonClick(AciertoPage.java:69)\n\tat com.itechart.tests.AciertoTest.aciertoTestPrevisVidaValidation(AciertoTest.java:256)\n\tat java.base/jdk.internal.reflect.NativeMethodAccessorImpl.invoke0(Native Method)\n\tat java.base/jdk.internal.reflect.NativeMethodAccessorImpl.invoke(NativeMethodAccessorImpl.java:62)\n\tat java.base/jdk.internal.reflect.DelegatingMethodAccessorImpl.invoke(DelegatingMethodAccessorImpl.java:43)\n\tat java.base/java.lang.reflect.Method.invoke(Method.java:566)\n\tat org.testng.internal.invokers.MethodInvocationHelper.invokeMethod(MethodInvocationHelper.java:139)\n\tat org.testng.internal.invokers.TestInvoker.invokeMethod(TestInvoker.java:677)\n\tat org.testng.internal.invokers.TestInvoker.invokeTestMethod(TestInvoker.java:221)\n\tat org.testng.internal.invokers.MethodRunner.runInSequence(MethodRunner.java:50)\n\tat org.testng.internal.invokers.TestInvoker$MethodInvocationAgent.invoke(TestInvoker.java:962)\n\tat org.testng.internal.invokers.TestInvoker.invokeTestMethods(TestInvoker.java:194)\n\tat org.testng.internal.invokers.TestMethodWorker.invokeTestMethods(TestMethodWorker.java:148)\n\tat org.testng.internal.invokers.TestMethodWorker.run(TestMethodWorker.java:128)\n\tat java.base/java.util.ArrayList.forEach(ArrayList.java:1541)\n\tat org.testng.TestRunner.privateRun(TestRunner.java:806)\n\tat org.testng.TestRunner.run(TestRunner.java:601)\n\tat org.testng.SuiteRunner.runTest(SuiteRunner.java:433)\n\tat org.testng.SuiteRunner.runSequentially(SuiteRunner.java:427)\n\tat org.testng.SuiteRunner.privateRun(SuiteRunner.java:387)\n\tat org.testng.SuiteRunner.run(SuiteRunner.java:330)\n\tat org.testng.SuiteRunnerWorker.runSuite(SuiteRunnerWorker.java:52)\n\tat org.testng.SuiteRunnerWorker.run(SuiteRunnerWorker.java:95)\n\tat org.testng.TestNG.runSuitesSequentially(TestNG.java:1256)\n\tat org.testng.TestNG.runSuitesLocally(TestNG.java:1176)\n\tat org.testng.TestNG.runSuites(TestNG.java:1099)\n\tat org.testng.TestNG.run(TestNG.java:1067)\n\tat org.apache.maven.surefire.testng.TestNGExecutor.run(TestNGExecutor.java:151)\n\tat org.apache.maven.surefire.testng.TestNGDirectoryTestSuite.executeMulti(TestNGDirectoryTestSuite.java:192)\n\tat org.apache.maven.surefire.testng.TestNGDirectoryTestSuite.execute(TestNGDirectoryTestSuite.java:93)\n\tat org.apache.maven.surefire.testng.TestNGProvider.invoke(TestNGProvider.java:155)\n\tat org.apache.maven.surefire.booter.ForkedBooter.runSuitesInProcess(ForkedBooter.java:456)\n\tat org.apache.maven.surefire.booter.ForkedBooter.execute(ForkedBooter.java:169)\n\tat org.apache.maven.surefire.booter.ForkedBooter.run(ForkedBooter.java:595)\n\tat org.apache.maven.surefire.booter.ForkedBooter.main(ForkedBooter.java:581)\nCaused by: org.openqa.selenium.ElementClickInterceptedException: element click intercepted: Element <span class=\"it-btn-text\">...</span> is not clickable at point (1216, 757). Other element would receive the click: <div class=\"comparison-bar flex justify-between align-center w-100pct comparison-bar\" data-v-1a13f36b=\"\" data-v-dc543454=\"\">...</div>\n  (Session info: headless chrome=108.0.5359.98)\nBuild info: version: '4.6.0', revision: '79f1c02ae20'\nSystem info: os.name: 'Linux', os.arch: 'amd64', os.version: '5.15.0-1024-azure', java.version: '11.0.17'\nDriver info: org.openqa.selenium.chrome.ChromeDriver\nCommand: [10fad8d375aaca1e9177f802088015cf, clickElement {id=666da1d0-9d84-4f53-8026-7a15d2aceb6e}]\nCapabilities {acceptInsecureCerts: true, browserName: chrome, browserVersion: 108.0.5359.98, chrome: {chromedriverVersion: 108.0.5359.71 (1e0e3868ee06..., userDataDir: /tmp/.com.google.Chrome.0n5K1d}, goog:chromeOptions: {debuggerAddress: localhost:44781}, networkConnectionEnabled: false, pageLoadStrategy: normal, platformName: LINUX, proxy: Proxy(), se:cdp: ws://localhost:44781/devtoo..., se:cdpVersion: 108.0.5359.98, setWindowRect: true, strictFileInteractability: false, timeouts: {implicit: 0, pageLoad: 300000, script: 30000}, unhandledPromptBehavior: accept, webauthn:extension:credBlob: true, webauthn:extension:largeBlob: true, webauthn:virtualAuthenticators: true}\nElement: [[ChromeDriver: chrome on LINUX (10fad8d375aaca1e9177f802088015cf)] -> xpath: (//button//span[text()='Me interesa'])[7]]\nSession ID: 10fad8d375aaca1e9177f802088015cf\n\tat java.base/jdk.internal.reflect.NativeConstructorAccessorImpl.newInstance0(Native Method)\n\tat java.base/jdk.internal.reflect.NativeConstructorAccessorImpl.newInstance(NativeConstructorAccessorImpl.java:62)\n\tat java.base/jdk.internal.reflect.DelegatingConstructorAccessorImpl.newInstance(DelegatingConstructorAccessorImpl.java:45)\n\tat java.base/java.lang.reflect.Constructor.newInstance(Constructor.java:490)\n\tat org.openqa.selenium.remote.codec.w3c.W3CHttpResponseCodec.createException(W3CHttpResponseCodec.java:200)\n\tat org.openqa.selenium.remote.codec.w3c.W3CHttpResponseCodec.decode(W3CHttpResponseCodec.java:133)\n\tat org.openqa.selenium.remote.codec.w3c.W3CHttpResponseCodec.decode(W3CHttpResponseCodec.java:53)\n\tat org.openqa.selenium.remote.HttpCommandExecutor.execute(HttpCommandExecutor.java:184)\n\tat org.openqa.selenium.remote.service.DriverCommandExecutor.invokeExecute(DriverCommandExecutor.java:167)\n\tat org.openqa.selenium.remote.service.DriverCommandExecutor.execute(DriverCommandExecutor.java:142)\n\tat org.openqa.selenium.remote.RemoteWebDriver.execute(RemoteWebDriver.java:541)\n\tat org.openqa.selenium.remote.RemoteWebElement.execute(RemoteWebElement.java:257)\n\tat org.openqa.selenium.remote.RemoteWebElement.click(RemoteWebElement.java:78)\n\tat com.codeborne.selenide.commands.Click.defaultClick(Click.java:97)\n\tat com.codeborne.selenide.commands.Click.click(Click.java:54)\n\tat com.codeborne.selenide.commands.Click.execute(Click.java:31)\n\tat com.codeborne.selenide.commands.Click.execute(Click.java:21)\n\tat com.codeborne.selenide.commands.Commands.execute(Commands.java:157)\n\tat com.codeborne.selenide.impl.SelenideElementProxy.dispatchAndRetry(SelenideElementProxy.java:130)\n\t... 37 more\n","steps":[],"attachments":[{"uid":"9123b6470c9178cb","name":"Screenshot","source":"9123b6470c9178cb.png","type":"image/png","size":101905}],"parameters":[{"name":"index","value":"7"}],"stepsCount":0,"attachmentsCount":1,"shouldDisplayMessage":true,"hasContent":true}],"attachments":[],"parameters":[],"stepsCount":14,"attachmentsCount":1,"shouldDisplayMessage":false,"hasContent":true},"afterStages":[{"name":"Close browser","time":{"start":1673124973377,"stop":1673124973478,"duration":101},"description":"Close browser","status":"passed","steps":[],"attachments":[],"parameters":[],"stepsCount":0,"attachmentsCount":0,"shouldDisplayMessage":false,"hasContent":false}],"labels":[{"name":"package","value":"com.itechart.tests.AciertoTest"},{"name":"testClass","value":"com.itechart.tests.AciertoTest"},{"name":"testMethod","value":"aciertoTestPrevisVidaValidation"},{"name":"parentSuite","value":"Surefire suite"},{"name":"suite","value":"Surefire test"},{"name":"subSuite","value":"com.itechart.tests.AciertoTest"},{"name":"host","value":"fv-az358-285"},{"name":"thread","value":"2406@fv-az358-285.main(1)"},{"name":"framework","value":"testng"},{"name":"language","value":"java"},{"name":"resultFormat","value":"allure2"}],"parameters":[],"links":[],"hidden":false,"retry":false,"extra":{"severity":"normal","retries":[],"categories":[{"name":"Product defects","matchedStatuses":[],"flaky":false}],"history":{"statistic":{"failed":3,"broken":0,"skipped":0,"passed":0,"unknown":0,"total":3},"items":[{"uid":"504b596f670c367b","reportUrl":"https://6870064.github.io/AciertoTests/37//#testresult/504b596f670c367b","status":"failed","statusDetails":"Invalid element state [By.xpath: (//button//span[text()='Me interesa'])[7]]: element click intercepted: Element <span class=\"it-btn-text\">...</span> is not clickable at point (1216, 757). Other element would receive the click: <div class=\"comparison-bar flex justify-between align-center w-100pct comparison-bar\" data-v-1a13f36b=\"\" data-v-dc543454=\"\">...</div>\nScreenshot: file:/home/runner/work/AciertoTests/AciertoTests/build/reports/tests/1673011184690.5.png\nPage source: file:/home/runner/work/AciertoTests/AciertoTests/build/reports/tests/1673011184690.5.html\nTimeout: 5 s.\nCaused by: ElementClickInterceptedException: element click intercepted: Element <span class=\"it-btn-text\">...</span> is not clickable at point (1216, 757). Other element would receive the click: <div class=\"comparison-bar flex justify-between align-center w-100pct comparison-bar\" data-v-1a13f36b=\"\" data-v-dc543454=\"\">...</div>","time":{"start":1673011158817,"stop":1673011184810,"duration":25993}},{"uid":"94ec9af625257488","reportUrl":"https://6870064.github.io/AciertoTests/36//#testresult/94ec9af625257488","status":"failed","statusDetails":"Invalid element state [By.xpath: (//button//span[text()='Me interesa'])[7]]: element click intercepted: Element <span class=\"it-btn-text\">...</span> is not clickable at point (1216, 757). Other element would receive the click: <div class=\"comparison-bar flex justify-between align-center w-100pct comparison-bar\" data-v-1a13f36b=\"\" data-v-dc543454=\"\">...</div>\nScreenshot: file:/home/runner/work/AciertoTests/AciertoTests/build/reports/tests/1673010341304.5.png\nPage source: file:/home/runner/work/AciertoTests/AciertoTests/build/reports/tests/1673010341304.5.html\nTimeout: 5 s.\nCaused by: ElementClickInterceptedException: element click intercepted: Element <span class=\"it-btn-text\">...</span> is not clickable at point (1216, 757). Other element would receive the click: <div class=\"comparison-bar flex justify-between align-center w-100pct comparison-bar\" data-v-1a13f36b=\"\" data-v-dc543454=\"\">...</div>","time":{"start":1673010315459,"stop":1673010341431,"duration":25972}}]},"tags":[]},"source":"6095da888447ac08.json","parameterValues":[]}