{"uid":"570297e5c26dd462","name":"Creation of the insurance record","fullName":"com.itechart.tests.AcietroCallMeTest.acietroCallMeFirstPage","historyId":"4c0ae00ce31428d5240e27432f4c5832","time":{"start":1673131901902,"stop":1673131910797,"duration":8895},"status":"failed","statusMessage":"Element not found {By.xpath: //button//span[text()='Cerrar']}\nExpected: interactable\nScreenshot: file:/home/runner/work/AciertoTests/AciertoTests/build/reports/tests/1673131910351.7.png\nPage source: file:/home/runner/work/AciertoTests/AciertoTests/build/reports/tests/1673131910351.7.html\nTimeout: 5 s.\nCaused by: NoSuchElementException: no such element: Unable to locate element: {\"method\":\"xpath\",\"selector\":\"//button//span[text()='Cerrar']\"}","statusTrace":"Element not found {By.xpath: //button//span[text()='Cerrar']}\nExpected: interactable\nScreenshot: file:/home/runner/work/AciertoTests/AciertoTests/build/reports/tests/1673131910351.7.png\nPage source: file:/home/runner/work/AciertoTests/AciertoTests/build/reports/tests/1673131910351.7.html\nTimeout: 5 s.\nCaused by: NoSuchElementException: no such element: Unable to locate element: {\"method\":\"xpath\",\"selector\":\"//button//span[text()='Cerrar']\"}\n\tat com.codeborne.selenide.impl.WebElementSource.createElementNotFoundError(WebElementSource.java:87)\n\tat com.codeborne.selenide.impl.ElementFinder.createElementNotFoundError(ElementFinder.java:138)\n\tat com.codeborne.selenide.impl.WebElementSource.checkConditionAndReturnElement(WebElementSource.java:129)\n\tat com.codeborne.selenide.impl.WebElementSource.findAndAssertElementIsInteractable(WebElementSource.java:147)\n\tat com.codeborne.selenide.commands.Click.findElement(Click.java:46)\n\tat com.codeborne.selenide.commands.Click.execute(Click.java:28)\n\tat com.codeborne.selenide.commands.Click.execute(Click.java:21)\n\tat com.codeborne.selenide.commands.Commands.execute(Commands.java:157)\n\tat com.codeborne.selenide.impl.SelenideElementProxy.dispatchAndRetry(SelenideElementProxy.java:130)\n\tat com.codeborne.selenide.impl.SelenideElementProxy.invoke(SelenideElementProxy.java:82)\n\tat com.sun.proxy.$Proxy30.click(Unknown Source)\n\tat com.itechart.pages.AciertoPage.closeButtonClick(AciertoPage.java:108)\n\tat com.itechart.tests.AcietroCallMeTest.acietroCallMeFirstPage(AcietroCallMeTest.java:27)\n\tat java.base/jdk.internal.reflect.NativeMethodAccessorImpl.invoke0(Native Method)\n\tat java.base/jdk.internal.reflect.NativeMethodAccessorImpl.invoke(NativeMethodAccessorImpl.java:62)\n\tat java.base/jdk.internal.reflect.DelegatingMethodAccessorImpl.invoke(DelegatingMethodAccessorImpl.java:43)\n\tat java.base/java.lang.reflect.Method.invoke(Method.java:566)\n\tat org.testng.internal.invokers.MethodInvocationHelper.invokeMethod(MethodInvocationHelper.java:139)\n\tat org.testng.internal.invokers.TestInvoker.invokeMethod(TestInvoker.java:677)\n\tat org.testng.internal.invokers.TestInvoker.invokeTestMethod(TestInvoker.java:221)\n\tat org.testng.internal.invokers.MethodRunner.runInSequence(MethodRunner.java:50)\n\tat org.testng.internal.invokers.TestInvoker$MethodInvocationAgent.invoke(TestInvoker.java:962)\n\tat org.testng.internal.invokers.TestInvoker.invokeTestMethods(TestInvoker.java:194)\n\tat org.testng.internal.invokers.TestMethodWorker.invokeTestMethods(TestMethodWorker.java:148)\n\tat org.testng.internal.invokers.TestMethodWorker.run(TestMethodWorker.java:128)\n\tat java.base/java.util.ArrayList.forEach(ArrayList.java:1541)\n\tat org.testng.TestRunner.privateRun(TestRunner.java:806)\n\tat org.testng.TestRunner.run(TestRunner.java:601)\n\tat org.testng.SuiteRunner.runTest(SuiteRunner.java:433)\n\tat org.testng.SuiteRunner.runSequentially(SuiteRunner.java:427)\n\tat org.testng.SuiteRunner.privateRun(SuiteRunner.java:387)\n\tat org.testng.SuiteRunner.run(SuiteRunner.java:330)\n\tat org.testng.SuiteRunnerWorker.runSuite(SuiteRunnerWorker.java:52)\n\tat org.testng.SuiteRunnerWorker.run(SuiteRunnerWorker.java:95)\n\tat org.testng.TestNG.runSuitesSequentially(TestNG.java:1256)\n\tat org.testng.TestNG.runSuitesLocally(TestNG.java:1176)\n\tat org.testng.TestNG.runSuites(TestNG.java:1099)\n\tat org.testng.TestNG.run(TestNG.java:1067)\n\tat org.apache.maven.surefire.testng.TestNGExecutor.run(TestNGExecutor.java:151)\n\tat org.apache.maven.surefire.testng.TestNGDirectoryTestSuite.executeMulti(TestNGDirectoryTestSuite.java:192)\n\tat org.apache.maven.surefire.testng.TestNGDirectoryTestSuite.execute(TestNGDirectoryTestSuite.java:93)\n\tat org.apache.maven.surefire.testng.TestNGProvider.invoke(TestNGProvider.java:155)\n\tat org.apache.maven.surefire.booter.ForkedBooter.runSuitesInProcess(ForkedBooter.java:456)\n\tat org.apache.maven.surefire.booter.ForkedBooter.execute(ForkedBooter.java:169)\n\tat org.apache.maven.surefire.booter.ForkedBooter.run(ForkedBooter.java:595)\n\tat org.apache.maven.surefire.booter.ForkedBooter.main(ForkedBooter.java:581)\nCaused by: org.openqa.selenium.NoSuchElementException: no such element: Unable to locate element: {\"method\":\"xpath\",\"selector\":\"//button//span[text()='Cerrar']\"}\n  (Session info: headless chrome=108.0.5359.98)\nFor documentation on this error, please visit: https://selenium.dev/exceptions/#no_such_element\nBuild info: version: '4.6.0', revision: '79f1c02ae20'\nSystem info: os.name: 'Linux', os.arch: 'amd64', os.version: '5.15.0-1024-azure', java.version: '11.0.17'\nDriver info: org.openqa.selenium.chrome.ChromeDriver\nCommand: [d1430fd4ad7f92c28a8ef9b725cd36d0, findElement {using=xpath, value=//button//span[text()='Cerrar']}]\nCapabilities {acceptInsecureCerts: true, browserName: chrome, browserVersion: 108.0.5359.98, chrome: {chromedriverVersion: 108.0.5359.71 (1e0e3868ee06..., userDataDir: /tmp/.com.google.Chrome.AyM2FM}, goog:chromeOptions: {debuggerAddress: localhost:40723}, networkConnectionEnabled: false, pageLoadStrategy: normal, platformName: LINUX, proxy: Proxy(), se:cdp: ws://localhost:40723/devtoo..., se:cdpVersion: 108.0.5359.98, setWindowRect: true, strictFileInteractability: false, timeouts: {implicit: 0, pageLoad: 300000, script: 30000}, unhandledPromptBehavior: accept, webauthn:extension:credBlob: true, webauthn:extension:largeBlob: true, webauthn:virtualAuthenticators: true}\nSession ID: d1430fd4ad7f92c28a8ef9b725cd36d0\n\tat jdk.internal.reflect.GeneratedConstructorAccessor21.newInstance(Unknown Source)\n\tat java.base/jdk.internal.reflect.DelegatingConstructorAccessorImpl.newInstance(DelegatingConstructorAccessorImpl.java:45)\n\tat java.base/java.lang.reflect.Constructor.newInstance(Constructor.java:490)\n\tat org.openqa.selenium.remote.codec.w3c.W3CHttpResponseCodec.createException(W3CHttpResponseCodec.java:200)\n\tat org.openqa.selenium.remote.codec.w3c.W3CHttpResponseCodec.decode(W3CHttpResponseCodec.java:133)\n\tat org.openqa.selenium.remote.codec.w3c.W3CHttpResponseCodec.decode(W3CHttpResponseCodec.java:53)\n\tat org.openqa.selenium.remote.HttpCommandExecutor.execute(HttpCommandExecutor.java:184)\n\tat org.openqa.selenium.remote.service.DriverCommandExecutor.invokeExecute(DriverCommandExecutor.java:167)\n\tat org.openqa.selenium.remote.service.DriverCommandExecutor.execute(DriverCommandExecutor.java:142)\n\tat org.openqa.selenium.remote.RemoteWebDriver.execute(RemoteWebDriver.java:541)\n\tat org.openqa.selenium.remote.ElementLocation$ElementFinder$2.findElement(ElementLocation.java:162)\n\tat org.openqa.selenium.remote.ElementLocation.findElement(ElementLocation.java:60)\n\tat org.openqa.selenium.remote.RemoteWebDriver.findElement(RemoteWebDriver.java:365)\n\tat org.openqa.selenium.remote.RemoteWebDriver.findElement(RemoteWebDriver.java:357)\n\tat com.codeborne.selenide.impl.WebElementSelector.findElement(WebElementSelector.java:70)\n\tat com.codeborne.selenide.impl.WebElementSelector.findElement(WebElementSelector.java:44)\n\tat com.codeborne.selenide.impl.WebElementSelector.findElement(WebElementSelector.java:33)\n\tat com.codeborne.selenide.impl.ElementFinder.getWebElement(ElementFinder.java:118)\n\tat com.codeborne.selenide.impl.WebElementSource.checkConditionAndReturnElement(WebElementSource.java:110)\n\t... 43 more\n","flaky":true,"newFailed":true,"newBroken":false,"newPassed":false,"retriesCount":0,"retriesStatusChange":false,"beforeStages":[{"name":"Open browser","time":{"start":1673131901610,"stop":1673131901900,"duration":290},"description":"Open browser","status":"passed","steps":[],"attachments":[],"parameters":[],"stepsCount":0,"attachmentsCount":0,"shouldDisplayMessage":false,"hasContent":false}],"testStage":{"status":"failed","statusMessage":"Element not found {By.xpath: //button//span[text()='Cerrar']}\nExpected: interactable\nScreenshot: file:/home/runner/work/AciertoTests/AciertoTests/build/reports/tests/1673131910351.7.png\nPage source: file:/home/runner/work/AciertoTests/AciertoTests/build/reports/tests/1673131910351.7.html\nTimeout: 5 s.\nCaused by: NoSuchElementException: no such element: Unable to locate element: {\"method\":\"xpath\",\"selector\":\"//button//span[text()='Cerrar']\"}","statusTrace":"Element not found {By.xpath: //button//span[text()='Cerrar']}\nExpected: interactable\nScreenshot: file:/home/runner/work/AciertoTests/AciertoTests/build/reports/tests/1673131910351.7.png\nPage source: file:/home/runner/work/AciertoTests/AciertoTests/build/reports/tests/1673131910351.7.html\nTimeout: 5 s.\nCaused by: NoSuchElementException: no such element: Unable to locate element: {\"method\":\"xpath\",\"selector\":\"//button//span[text()='Cerrar']\"}\n\tat com.codeborne.selenide.impl.WebElementSource.createElementNotFoundError(WebElementSource.java:87)\n\tat com.codeborne.selenide.impl.ElementFinder.createElementNotFoundError(ElementFinder.java:138)\n\tat com.codeborne.selenide.impl.WebElementSource.checkConditionAndReturnElement(WebElementSource.java:129)\n\tat com.codeborne.selenide.impl.WebElementSource.findAndAssertElementIsInteractable(WebElementSource.java:147)\n\tat com.codeborne.selenide.commands.Click.findElement(Click.java:46)\n\tat com.codeborne.selenide.commands.Click.execute(Click.java:28)\n\tat com.codeborne.selenide.commands.Click.execute(Click.java:21)\n\tat com.codeborne.selenide.commands.Commands.execute(Commands.java:157)\n\tat com.codeborne.selenide.impl.SelenideElementProxy.dispatchAndRetry(SelenideElementProxy.java:130)\n\tat com.codeborne.selenide.impl.SelenideElementProxy.invoke(SelenideElementProxy.java:82)\n\tat com.sun.proxy.$Proxy30.click(Unknown Source)\n\tat com.itechart.pages.AciertoPage.closeButtonClick(AciertoPage.java:108)\n\tat com.itechart.tests.AcietroCallMeTest.acietroCallMeFirstPage(AcietroCallMeTest.java:27)\n\tat java.base/jdk.internal.reflect.NativeMethodAccessorImpl.invoke0(Native Method)\n\tat java.base/jdk.internal.reflect.NativeMethodAccessorImpl.invoke(NativeMethodAccessorImpl.java:62)\n\tat java.base/jdk.internal.reflect.DelegatingMethodAccessorImpl.invoke(DelegatingMethodAccessorImpl.java:43)\n\tat java.base/java.lang.reflect.Method.invoke(Method.java:566)\n\tat org.testng.internal.invokers.MethodInvocationHelper.invokeMethod(MethodInvocationHelper.java:139)\n\tat org.testng.internal.invokers.TestInvoker.invokeMethod(TestInvoker.java:677)\n\tat org.testng.internal.invokers.TestInvoker.invokeTestMethod(TestInvoker.java:221)\n\tat org.testng.internal.invokers.MethodRunner.runInSequence(MethodRunner.java:50)\n\tat org.testng.internal.invokers.TestInvoker$MethodInvocationAgent.invoke(TestInvoker.java:962)\n\tat org.testng.internal.invokers.TestInvoker.invokeTestMethods(TestInvoker.java:194)\n\tat org.testng.internal.invokers.TestMethodWorker.invokeTestMethods(TestMethodWorker.java:148)\n\tat org.testng.internal.invokers.TestMethodWorker.run(TestMethodWorker.java:128)\n\tat java.base/java.util.ArrayList.forEach(ArrayList.java:1541)\n\tat org.testng.TestRunner.privateRun(TestRunner.java:806)\n\tat org.testng.TestRunner.run(TestRunner.java:601)\n\tat org.testng.SuiteRunner.runTest(SuiteRunner.java:433)\n\tat org.testng.SuiteRunner.runSequentially(SuiteRunner.java:427)\n\tat org.testng.SuiteRunner.privateRun(SuiteRunner.java:387)\n\tat org.testng.SuiteRunner.run(SuiteRunner.java:330)\n\tat org.testng.SuiteRunnerWorker.runSuite(SuiteRunnerWorker.java:52)\n\tat org.testng.SuiteRunnerWorker.run(SuiteRunnerWorker.java:95)\n\tat org.testng.TestNG.runSuitesSequentially(TestNG.java:1256)\n\tat org.testng.TestNG.runSuitesLocally(TestNG.java:1176)\n\tat org.testng.TestNG.runSuites(TestNG.java:1099)\n\tat org.testng.TestNG.run(TestNG.java:1067)\n\tat org.apache.maven.surefire.testng.TestNGExecutor.run(TestNGExecutor.java:151)\n\tat org.apache.maven.surefire.testng.TestNGDirectoryTestSuite.executeMulti(TestNGDirectoryTestSuite.java:192)\n\tat org.apache.maven.surefire.testng.TestNGDirectoryTestSuite.execute(TestNGDirectoryTestSuite.java:93)\n\tat org.apache.maven.surefire.testng.TestNGProvider.invoke(TestNGProvider.java:155)\n\tat org.apache.maven.surefire.booter.ForkedBooter.runSuitesInProcess(ForkedBooter.java:456)\n\tat org.apache.maven.surefire.booter.ForkedBooter.execute(ForkedBooter.java:169)\n\tat org.apache.maven.surefire.booter.ForkedBooter.run(ForkedBooter.java:595)\n\tat org.apache.maven.surefire.booter.ForkedBooter.main(ForkedBooter.java:581)\nCaused by: org.openqa.selenium.NoSuchElementException: no such element: Unable to locate element: {\"method\":\"xpath\",\"selector\":\"//button//span[text()='Cerrar']\"}\n  (Session info: headless chrome=108.0.5359.98)\nFor documentation on this error, please visit: https://selenium.dev/exceptions/#no_such_element\nBuild info: version: '4.6.0', revision: '79f1c02ae20'\nSystem info: os.name: 'Linux', os.arch: 'amd64', os.version: '5.15.0-1024-azure', java.version: '11.0.17'\nDriver info: org.openqa.selenium.chrome.ChromeDriver\nCommand: [d1430fd4ad7f92c28a8ef9b725cd36d0, findElement {using=xpath, value=//button//span[text()='Cerrar']}]\nCapabilities {acceptInsecureCerts: true, browserName: chrome, browserVersion: 108.0.5359.98, chrome: {chromedriverVersion: 108.0.5359.71 (1e0e3868ee06..., userDataDir: /tmp/.com.google.Chrome.AyM2FM}, goog:chromeOptions: {debuggerAddress: localhost:40723}, networkConnectionEnabled: false, pageLoadStrategy: normal, platformName: LINUX, proxy: Proxy(), se:cdp: ws://localhost:40723/devtoo..., se:cdpVersion: 108.0.5359.98, setWindowRect: true, strictFileInteractability: false, timeouts: {implicit: 0, pageLoad: 300000, script: 30000}, unhandledPromptBehavior: accept, webauthn:extension:credBlob: true, webauthn:extension:largeBlob: true, webauthn:virtualAuthenticators: true}\nSession ID: d1430fd4ad7f92c28a8ef9b725cd36d0\n\tat jdk.internal.reflect.GeneratedConstructorAccessor21.newInstance(Unknown Source)\n\tat java.base/jdk.internal.reflect.DelegatingConstructorAccessorImpl.newInstance(DelegatingConstructorAccessorImpl.java:45)\n\tat java.base/java.lang.reflect.Constructor.newInstance(Constructor.java:490)\n\tat org.openqa.selenium.remote.codec.w3c.W3CHttpResponseCodec.createException(W3CHttpResponseCodec.java:200)\n\tat org.openqa.selenium.remote.codec.w3c.W3CHttpResponseCodec.decode(W3CHttpResponseCodec.java:133)\n\tat org.openqa.selenium.remote.codec.w3c.W3CHttpResponseCodec.decode(W3CHttpResponseCodec.java:53)\n\tat org.openqa.selenium.remote.HttpCommandExecutor.execute(HttpCommandExecutor.java:184)\n\tat org.openqa.selenium.remote.service.DriverCommandExecutor.invokeExecute(DriverCommandExecutor.java:167)\n\tat org.openqa.selenium.remote.service.DriverCommandExecutor.execute(DriverCommandExecutor.java:142)\n\tat org.openqa.selenium.remote.RemoteWebDriver.execute(RemoteWebDriver.java:541)\n\tat org.openqa.selenium.remote.ElementLocation$ElementFinder$2.findElement(ElementLocation.java:162)\n\tat org.openqa.selenium.remote.ElementLocation.findElement(ElementLocation.java:60)\n\tat org.openqa.selenium.remote.RemoteWebDriver.findElement(RemoteWebDriver.java:365)\n\tat org.openqa.selenium.remote.RemoteWebDriver.findElement(RemoteWebDriver.java:357)\n\tat com.codeborne.selenide.impl.WebElementSelector.findElement(WebElementSelector.java:70)\n\tat com.codeborne.selenide.impl.WebElementSelector.findElement(WebElementSelector.java:44)\n\tat com.codeborne.selenide.impl.WebElementSelector.findElement(WebElementSelector.java:33)\n\tat com.codeborne.selenide.impl.ElementFinder.getWebElement(ElementFinder.java:118)\n\tat com.codeborne.selenide.impl.WebElementSource.checkConditionAndReturnElement(WebElementSource.java:110)\n\t... 43 more\n","steps":[{"name":"Open Acierto Main Page","time":{"start":1673131901902,"stop":1673131904188,"duration":2286},"status":"passed","steps":[],"attachments":[],"parameters":[],"stepsCount":0,"attachmentsCount":0,"shouldDisplayMessage":false,"hasContent":false},{"name":"callMeOnThisPhoneButtonClick","time":{"start":1673131904188,"stop":1673131904908,"duration":720},"status":"passed","steps":[],"attachments":[],"parameters":[{"name":"indexButton","value":"1"}],"stepsCount":0,"attachmentsCount":0,"shouldDisplayMessage":false,"hasContent":true},{"name":"isFunnelCallModalDisplayed","time":{"start":1673131904909,"stop":1673131904942,"duration":33},"status":"passed","steps":[],"attachments":[],"parameters":[],"stepsCount":0,"attachmentsCount":0,"shouldDisplayMessage":false,"hasContent":false},{"name":"enterPhoneFunnelCall","time":{"start":1673131904943,"stop":1673131905167,"duration":224},"status":"passed","steps":[],"attachments":[],"parameters":[{"name":"phone","value":"92100238"}],"stepsCount":0,"attachmentsCount":0,"shouldDisplayMessage":false,"hasContent":true},{"name":"callMeOnThisPhoneButtonClick","time":{"start":1673131905167,"stop":1673131905240,"duration":73},"status":"passed","steps":[],"attachments":[],"parameters":[{"name":"indexButton","value":"2"}],"stepsCount":0,"attachmentsCount":0,"shouldDisplayMessage":false,"hasContent":true},{"name":"closeButtonClick","time":{"start":1673131905240,"stop":1673131910796,"duration":5556},"status":"failed","statusMessage":"Element not found {By.xpath: //button//span[text()='Cerrar']}\nExpected: interactable\nScreenshot: file:/home/runner/work/AciertoTests/AciertoTests/build/reports/tests/1673131910351.7.png\nPage source: file:/home/runner/work/AciertoTests/AciertoTests/build/reports/tests/1673131910351.7.html\nTimeout: 5 s.\nCaused by: NoSuchElementException: no such element: Unable to locate element: {\"method\":\"xpath\",\"selector\":\"//button//span[text()='Cerrar']\"}","statusTrace":"Element not found {By.xpath: //button//span[text()='Cerrar']}\nExpected: interactable\nScreenshot: file:/home/runner/work/AciertoTests/AciertoTests/build/reports/tests/1673131910351.7.png\nPage source: file:/home/runner/work/AciertoTests/AciertoTests/build/reports/tests/1673131910351.7.html\nTimeout: 5 s.\nCaused by: NoSuchElementException: no such element: Unable to locate element: {\"method\":\"xpath\",\"selector\":\"//button//span[text()='Cerrar']\"}\n\tat com.codeborne.selenide.impl.WebElementSource.createElementNotFoundError(WebElementSource.java:87)\n\tat com.codeborne.selenide.impl.ElementFinder.createElementNotFoundError(ElementFinder.java:138)\n\tat com.codeborne.selenide.impl.WebElementSource.checkConditionAndReturnElement(WebElementSource.java:129)\n\tat com.codeborne.selenide.impl.WebElementSource.findAndAssertElementIsInteractable(WebElementSource.java:147)\n\tat com.codeborne.selenide.commands.Click.findElement(Click.java:46)\n\tat com.codeborne.selenide.commands.Click.execute(Click.java:28)\n\tat com.codeborne.selenide.commands.Click.execute(Click.java:21)\n\tat com.codeborne.selenide.commands.Commands.execute(Commands.java:157)\n\tat com.codeborne.selenide.impl.SelenideElementProxy.dispatchAndRetry(SelenideElementProxy.java:130)\n\tat com.codeborne.selenide.impl.SelenideElementProxy.invoke(SelenideElementProxy.java:82)\n\tat com.sun.proxy.$Proxy30.click(Unknown Source)\n\tat com.itechart.pages.AciertoPage.closeButtonClick(AciertoPage.java:108)\n\tat com.itechart.tests.AcietroCallMeTest.acietroCallMeFirstPage(AcietroCallMeTest.java:27)\n\tat java.base/jdk.internal.reflect.NativeMethodAccessorImpl.invoke0(Native Method)\n\tat java.base/jdk.internal.reflect.NativeMethodAccessorImpl.invoke(NativeMethodAccessorImpl.java:62)\n\tat java.base/jdk.internal.reflect.DelegatingMethodAccessorImpl.invoke(DelegatingMethodAccessorImpl.java:43)\n\tat java.base/java.lang.reflect.Method.invoke(Method.java:566)\n\tat org.testng.internal.invokers.MethodInvocationHelper.invokeMethod(MethodInvocationHelper.java:139)\n\tat org.testng.internal.invokers.TestInvoker.invokeMethod(TestInvoker.java:677)\n\tat org.testng.internal.invokers.TestInvoker.invokeTestMethod(TestInvoker.java:221)\n\tat org.testng.internal.invokers.MethodRunner.runInSequence(MethodRunner.java:50)\n\tat org.testng.internal.invokers.TestInvoker$MethodInvocationAgent.invoke(TestInvoker.java:962)\n\tat org.testng.internal.invokers.TestInvoker.invokeTestMethods(TestInvoker.java:194)\n\tat org.testng.internal.invokers.TestMethodWorker.invokeTestMethods(TestMethodWorker.java:148)\n\tat org.testng.internal.invokers.TestMethodWorker.run(TestMethodWorker.java:128)\n\tat java.base/java.util.ArrayList.forEach(ArrayList.java:1541)\n\tat org.testng.TestRunner.privateRun(TestRunner.java:806)\n\tat org.testng.TestRunner.run(TestRunner.java:601)\n\tat org.testng.SuiteRunner.runTest(SuiteRunner.java:433)\n\tat org.testng.SuiteRunner.runSequentially(SuiteRunner.java:427)\n\tat org.testng.SuiteRunner.privateRun(SuiteRunner.java:387)\n\tat org.testng.SuiteRunner.run(SuiteRunner.java:330)\n\tat org.testng.SuiteRunnerWorker.runSuite(SuiteRunnerWorker.java:52)\n\tat org.testng.SuiteRunnerWorker.run(SuiteRunnerWorker.java:95)\n\tat org.testng.TestNG.runSuitesSequentially(TestNG.java:1256)\n\tat org.testng.TestNG.runSuitesLocally(TestNG.java:1176)\n\tat org.testng.TestNG.runSuites(TestNG.java:1099)\n\tat org.testng.TestNG.run(TestNG.java:1067)\n\tat org.apache.maven.surefire.testng.TestNGExecutor.run(TestNGExecutor.java:151)\n\tat org.apache.maven.surefire.testng.TestNGDirectoryTestSuite.executeMulti(TestNGDirectoryTestSuite.java:192)\n\tat org.apache.maven.surefire.testng.TestNGDirectoryTestSuite.execute(TestNGDirectoryTestSuite.java:93)\n\tat org.apache.maven.surefire.testng.TestNGProvider.invoke(TestNGProvider.java:155)\n\tat org.apache.maven.surefire.booter.ForkedBooter.runSuitesInProcess(ForkedBooter.java:456)\n\tat org.apache.maven.surefire.booter.ForkedBooter.execute(ForkedBooter.java:169)\n\tat org.apache.maven.surefire.booter.ForkedBooter.run(ForkedBooter.java:595)\n\tat org.apache.maven.surefire.booter.ForkedBooter.main(ForkedBooter.java:581)\nCaused by: org.openqa.selenium.NoSuchElementException: no such element: Unable to locate element: {\"method\":\"xpath\",\"selector\":\"//button//span[text()='Cerrar']\"}\n  (Session info: headless chrome=108.0.5359.98)\nFor documentation on this error, please visit: https://selenium.dev/exceptions/#no_such_element\nBuild info: version: '4.6.0', revision: '79f1c02ae20'\nSystem info: os.name: 'Linux', os.arch: 'amd64', os.version: '5.15.0-1024-azure', java.version: '11.0.17'\nDriver info: org.openqa.selenium.chrome.ChromeDriver\nCommand: [d1430fd4ad7f92c28a8ef9b725cd36d0, findElement {using=xpath, value=//button//span[text()='Cerrar']}]\nCapabilities {acceptInsecureCerts: true, browserName: chrome, browserVersion: 108.0.5359.98, chrome: {chromedriverVersion: 108.0.5359.71 (1e0e3868ee06..., userDataDir: /tmp/.com.google.Chrome.AyM2FM}, goog:chromeOptions: {debuggerAddress: localhost:40723}, networkConnectionEnabled: false, pageLoadStrategy: normal, platformName: LINUX, proxy: Proxy(), se:cdp: ws://localhost:40723/devtoo..., se:cdpVersion: 108.0.5359.98, setWindowRect: true, strictFileInteractability: false, timeouts: {implicit: 0, pageLoad: 300000, script: 30000}, unhandledPromptBehavior: accept, webauthn:extension:credBlob: true, webauthn:extension:largeBlob: true, webauthn:virtualAuthenticators: true}\nSession ID: d1430fd4ad7f92c28a8ef9b725cd36d0\n\tat jdk.internal.reflect.GeneratedConstructorAccessor21.newInstance(Unknown Source)\n\tat java.base/jdk.internal.reflect.DelegatingConstructorAccessorImpl.newInstance(DelegatingConstructorAccessorImpl.java:45)\n\tat java.base/java.lang.reflect.Constructor.newInstance(Constructor.java:490)\n\tat org.openqa.selenium.remote.codec.w3c.W3CHttpResponseCodec.createException(W3CHttpResponseCodec.java:200)\n\tat org.openqa.selenium.remote.codec.w3c.W3CHttpResponseCodec.decode(W3CHttpResponseCodec.java:133)\n\tat org.openqa.selenium.remote.codec.w3c.W3CHttpResponseCodec.decode(W3CHttpResponseCodec.java:53)\n\tat org.openqa.selenium.remote.HttpCommandExecutor.execute(HttpCommandExecutor.java:184)\n\tat org.openqa.selenium.remote.service.DriverCommandExecutor.invokeExecute(DriverCommandExecutor.java:167)\n\tat org.openqa.selenium.remote.service.DriverCommandExecutor.execute(DriverCommandExecutor.java:142)\n\tat org.openqa.selenium.remote.RemoteWebDriver.execute(RemoteWebDriver.java:541)\n\tat org.openqa.selenium.remote.ElementLocation$ElementFinder$2.findElement(ElementLocation.java:162)\n\tat org.openqa.selenium.remote.ElementLocation.findElement(ElementLocation.java:60)\n\tat org.openqa.selenium.remote.RemoteWebDriver.findElement(RemoteWebDriver.java:365)\n\tat org.openqa.selenium.remote.RemoteWebDriver.findElement(RemoteWebDriver.java:357)\n\tat com.codeborne.selenide.impl.WebElementSelector.findElement(WebElementSelector.java:70)\n\tat com.codeborne.selenide.impl.WebElementSelector.findElement(WebElementSelector.java:44)\n\tat com.codeborne.selenide.impl.WebElementSelector.findElement(WebElementSelector.java:33)\n\tat com.codeborne.selenide.impl.ElementFinder.getWebElement(ElementFinder.java:118)\n\tat com.codeborne.selenide.impl.WebElementSource.checkConditionAndReturnElement(WebElementSource.java:110)\n\t... 43 more\n","steps":[],"attachments":[{"uid":"e26523dd8bf3dd00","name":"Screenshot","source":"e26523dd8bf3dd00.png","type":"image/png","size":99560}],"parameters":[],"stepsCount":0,"attachmentsCount":1,"shouldDisplayMessage":true,"hasContent":true}],"attachments":[],"parameters":[],"stepsCount":6,"attachmentsCount":1,"shouldDisplayMessage":false,"hasContent":true},"afterStages":[{"name":"Close browser","time":{"start":1673131911033,"stop":1673131911101,"duration":68},"description":"Close browser","status":"passed","steps":[],"attachments":[],"parameters":[],"stepsCount":0,"attachmentsCount":0,"shouldDisplayMessage":false,"hasContent":false}],"labels":[{"name":"package","value":"com.itechart.tests.AcietroCallMeTest"},{"name":"testClass","value":"com.itechart.tests.AcietroCallMeTest"},{"name":"testMethod","value":"acietroCallMeFirstPage"},{"name":"parentSuite","value":"Surefire suite"},{"name":"suite","value":"Surefire test"},{"name":"subSuite","value":"com.itechart.tests.AcietroCallMeTest"},{"name":"host","value":"fv-az573-434"},{"name":"thread","value":"2499@fv-az573-434.main(1)"},{"name":"framework","value":"testng"},{"name":"language","value":"java"},{"name":"resultFormat","value":"allure2"}],"parameters":[],"links":[],"hidden":false,"retry":false,"extra":{"severity":"normal","retries":[],"categories":[{"name":"Product defects","matchedStatuses":[],"flaky":false}],"history":{"statistic":{"failed":3,"broken":0,"skipped":0,"passed":4,"unknown":0,"total":7},"items":[{"uid":"92a6a8be95ba0ee8","reportUrl":"https://6870064.github.io/AciertoTests/42//#testresult/92a6a8be95ba0ee8","status":"passed","time":{"start":1673129824281,"stop":1673129848555,"duration":24274}},{"uid":"68ecb017c5ad2009","reportUrl":"https://6870064.github.io/AciertoTests/42//#testresult/68ecb017c5ad2009","status":"passed","time":{"start":1673129314139,"stop":1673129338010,"duration":23871}},{"uid":"ad71122bdc08d28b","reportUrl":"https://6870064.github.io/AciertoTests/41//#testresult/ad71122bdc08d28b","status":"failed","statusDetails":"Element should have exact text case sensitive \"\" {By.xpath: //*[contains(@class,'windowViewMode') and contains(@class,'active')]//*[text() = 'Correo electrónico Web']/ancestor::*[contains(@class, 'slds-hint-parent')]//*[contains(@class, 'test-id__field-value')]}\nElement: '<span class=\"test-id__field-value slds-form-element__static slds-grow word-break-ie11\" records-recordlayoutitem_recordlayoutitem>icrawly@gmail.com</span>'\nActual value: text=\"icrawly@gmail.com\"\nScreenshot: file:/home/runner/work/AciertoTests/AciertoTests/build/reports/tests/1673125066752.8.png\nPage source: file:/home/runner/work/AciertoTests/AciertoTests/build/reports/tests/1673125066752.8.html\nTimeout: 5 s.","time":{"start":1673125027618,"stop":1673125067207,"duration":39589}},{"uid":"b6bea7321f18f067","reportUrl":"https://6870064.github.io/AciertoTests/40//#testresult/b6bea7321f18f067","status":"failed","statusDetails":"Element should have text \"921002657\" {By.xpath: //*[contains(@class,'windowViewMode') and contains(@class,'active')]//*[text() = 'Teléfono del cliente']/ancestor::*[contains(@class, 'slds-hint-parent')]//*[contains(@class, 'test-id__field-value')]}\nElement: '<span class=\"test-id__field-value slds-form-element__static slds-grow word-break-ie11 is-read-only\" records-recordlayoutitem_recordlayoutitem>La opción Hacer clic para marcar está desactivada\n+34921002648</span>'\nActual value: text=\"La opción Hacer clic para marcar está desactivada\n+34921002648\"\nScreenshot: file:/home/runner/work/AciertoTests/AciertoTests/build/reports/tests/1673125053701.8.png\nPage source: file:/home/runner/work/AciertoTests/AciertoTests/build/reports/tests/1673125053701.8.html\nTimeout: 5 s.","time":{"start":1673125027346,"stop":1673125054136,"duration":26790}},{"uid":"8dacc2be17beafb1","reportUrl":"https://6870064.github.io/AciertoTests/37//#testresult/8dacc2be17beafb1","status":"passed","time":{"start":1673011237245,"stop":1673011259207,"duration":21962}},{"uid":"cb9cb5a982d22bed","reportUrl":"https://6870064.github.io/AciertoTests/36//#testresult/cb9cb5a982d22bed","status":"passed","time":{"start":1673010395631,"stop":1673010417294,"duration":21663}}]},"tags":[]},"source":"570297e5c26dd462.json","parameterValues":[]}