{"uid":"bf337b3cb3086aeb","name":"Creation of the insurance record","fullName":"com.itechart.tests.AcietroCallMeTest.acietroCallMeFirstPage","historyId":"4c0ae00ce31428d5240e27432f4c5832","time":{"start":1673266643001,"stop":1673266651958,"duration":8957},"status":"failed","statusMessage":"Invalid element state [By.xpath: //*[contains(@class, 'it-btn it-btn--button-48 it-btn--primary')]]: element click intercepted: Element <button class=\"it-btn it-btn--button-48 it-btn--primary xs_mr-3 xs_mt-5 xs_mb-5\" disabled=\"\" data-gtm=\"continue\">...</button> is not clickable at point (1161, 744). Other element would receive the click: <div class=\"overlay flex justify-center align-center\">...</div>\nScreenshot: file:/home/runner/work/AciertoTests/AciertoTests/build/reports/tests/1673266651559.10.png\nPage source: file:/home/runner/work/AciertoTests/AciertoTests/build/reports/tests/1673266651559.10.html\nTimeout: 5 s.\nCaused by: ElementClickInterceptedException: element click intercepted: Element <button class=\"it-btn it-btn--button-48 it-btn--primary xs_mr-3 xs_mt-5 xs_mb-5\" disabled=\"\" data-gtm=\"continue\">...</button> is not clickable at point (1161, 744). Other element would receive the click: <div class=\"overlay flex justify-center align-center\">...</div>","statusTrace":"Invalid element state [By.xpath: //*[contains(@class, 'it-btn it-btn--button-48 it-btn--primary')]]: element click intercepted: Element <button class=\"it-btn it-btn--button-48 it-btn--primary xs_mr-3 xs_mt-5 xs_mb-5\" disabled=\"\" data-gtm=\"continue\">...</button> is not clickable at point (1161, 744). Other element would receive the click: <div class=\"overlay flex justify-center align-center\">...</div>\nScreenshot: file:/home/runner/work/AciertoTests/AciertoTests/build/reports/tests/1673266651559.10.png\nPage source: file:/home/runner/work/AciertoTests/AciertoTests/build/reports/tests/1673266651559.10.html\nTimeout: 5 s.\nCaused by: ElementClickInterceptedException: element click intercepted: Element <button class=\"it-btn it-btn--button-48 it-btn--primary xs_mr-3 xs_mt-5 xs_mb-5\" disabled=\"\" data-gtm=\"continue\">...</button> is not clickable at point (1161, 744). Other element would receive the click: <div class=\"overlay flex justify-center align-center\">...</div>\n\tat com.codeborne.selenide.impl.ExceptionWrapper.wrap(ExceptionWrapper.java:26)\n\tat com.codeborne.selenide.impl.SelenideElementProxy.dispatchAndRetry(SelenideElementProxy.java:152)\n\tat com.codeborne.selenide.impl.SelenideElementProxy.invoke(SelenideElementProxy.java:82)\n\tat com.sun.proxy.$Proxy30.click(Unknown Source)\n\tat com.itechart.pages.AciertoPage.closeButtonClick(AciertoPage.java:117)\n\tat com.itechart.tests.AcietroCallMeTest.acietroCallMeFirstPage(AcietroCallMeTest.java:27)\n\tat java.base/jdk.internal.reflect.NativeMethodAccessorImpl.invoke0(Native Method)\n\tat java.base/jdk.internal.reflect.NativeMethodAccessorImpl.invoke(NativeMethodAccessorImpl.java:62)\n\tat java.base/jdk.internal.reflect.DelegatingMethodAccessorImpl.invoke(DelegatingMethodAccessorImpl.java:43)\n\tat java.base/java.lang.reflect.Method.invoke(Method.java:566)\n\tat org.testng.internal.invokers.MethodInvocationHelper.invokeMethod(MethodInvocationHelper.java:139)\n\tat org.testng.internal.invokers.TestInvoker.invokeMethod(TestInvoker.java:677)\n\tat org.testng.internal.invokers.TestInvoker.invokeTestMethod(TestInvoker.java:221)\n\tat org.testng.internal.invokers.MethodRunner.runInSequence(MethodRunner.java:50)\n\tat org.testng.internal.invokers.TestInvoker$MethodInvocationAgent.invoke(TestInvoker.java:962)\n\tat org.testng.internal.invokers.TestInvoker.invokeTestMethods(TestInvoker.java:194)\n\tat org.testng.internal.invokers.TestMethodWorker.invokeTestMethods(TestMethodWorker.java:148)\n\tat org.testng.internal.invokers.TestMethodWorker.run(TestMethodWorker.java:128)\n\tat java.base/java.util.ArrayList.forEach(ArrayList.java:1541)\n\tat org.testng.TestRunner.privateRun(TestRunner.java:806)\n\tat org.testng.TestRunner.run(TestRunner.java:601)\n\tat org.testng.SuiteRunner.runTest(SuiteRunner.java:433)\n\tat org.testng.SuiteRunner.runSequentially(SuiteRunner.java:427)\n\tat org.testng.SuiteRunner.privateRun(SuiteRunner.java:387)\n\tat org.testng.SuiteRunner.run(SuiteRunner.java:330)\n\tat org.testng.SuiteRunnerWorker.runSuite(SuiteRunnerWorker.java:52)\n\tat org.testng.SuiteRunnerWorker.run(SuiteRunnerWorker.java:95)\n\tat org.testng.TestNG.runSuitesSequentially(TestNG.java:1256)\n\tat org.testng.TestNG.runSuitesLocally(TestNG.java:1176)\n\tat org.testng.TestNG.runSuites(TestNG.java:1099)\n\tat org.testng.TestNG.run(TestNG.java:1067)\n\tat org.apache.maven.surefire.testng.TestNGExecutor.run(TestNGExecutor.java:151)\n\tat org.apache.maven.surefire.testng.TestNGDirectoryTestSuite.executeMulti(TestNGDirectoryTestSuite.java:192)\n\tat org.apache.maven.surefire.testng.TestNGDirectoryTestSuite.execute(TestNGDirectoryTestSuite.java:93)\n\tat org.apache.maven.surefire.testng.TestNGProvider.invoke(TestNGProvider.java:155)\n\tat org.apache.maven.surefire.booter.ForkedBooter.runSuitesInProcess(ForkedBooter.java:456)\n\tat org.apache.maven.surefire.booter.ForkedBooter.execute(ForkedBooter.java:169)\n\tat org.apache.maven.surefire.booter.ForkedBooter.run(ForkedBooter.java:595)\n\tat org.apache.maven.surefire.booter.ForkedBooter.main(ForkedBooter.java:581)\nCaused by: org.openqa.selenium.ElementClickInterceptedException: element click intercepted: Element <button class=\"it-btn it-btn--button-48 it-btn--primary xs_mr-3 xs_mt-5 xs_mb-5\" disabled=\"\" data-gtm=\"continue\">...</button> is not clickable at point (1161, 744). Other element would receive the click: <div class=\"overlay flex justify-center align-center\">...</div>\n  (Session info: headless chrome=108.0.5359.98)\nBuild info: version: '4.6.0', revision: '79f1c02ae20'\nSystem info: os.name: 'Linux', os.arch: 'amd64', os.version: '5.15.0-1024-azure', java.version: '11.0.17'\nDriver info: org.openqa.selenium.chrome.ChromeDriver\nCommand: [7421d20cfa5a8c398d4a619ed0e2acff, clickElement {id=b126ac02-f849-4139-a8b3-24bbde549e4d}]\nCapabilities {acceptInsecureCerts: true, browserName: chrome, browserVersion: 108.0.5359.98, chrome: {chromedriverVersion: 108.0.5359.71 (1e0e3868ee06..., userDataDir: /tmp/.com.google.Chrome.A2G3Ec}, goog:chromeOptions: {debuggerAddress: localhost:40041}, networkConnectionEnabled: false, pageLoadStrategy: normal, platformName: LINUX, proxy: Proxy(), se:cdp: ws://localhost:40041/devtoo..., se:cdpVersion: 108.0.5359.98, setWindowRect: true, strictFileInteractability: false, timeouts: {implicit: 0, pageLoad: 300000, script: 30000}, unhandledPromptBehavior: accept, webauthn:extension:credBlob: true, webauthn:extension:largeBlob: true, webauthn:virtualAuthenticators: true}\nElement: [[ChromeDriver: chrome on LINUX (7421d20cfa5a8c398d4a619ed0e2acff)] -> xpath: //*[contains(@class, 'it-btn it-btn--button-48 it-btn--primary')]]\nSession ID: 7421d20cfa5a8c398d4a619ed0e2acff\n\tat java.base/jdk.internal.reflect.NativeConstructorAccessorImpl.newInstance0(Native Method)\n\tat java.base/jdk.internal.reflect.NativeConstructorAccessorImpl.newInstance(NativeConstructorAccessorImpl.java:62)\n\tat java.base/jdk.internal.reflect.DelegatingConstructorAccessorImpl.newInstance(DelegatingConstructorAccessorImpl.java:45)\n\tat java.base/java.lang.reflect.Constructor.newInstance(Constructor.java:490)\n\tat org.openqa.selenium.remote.codec.w3c.W3CHttpResponseCodec.createException(W3CHttpResponseCodec.java:200)\n\tat org.openqa.selenium.remote.codec.w3c.W3CHttpResponseCodec.decode(W3CHttpResponseCodec.java:133)\n\tat org.openqa.selenium.remote.codec.w3c.W3CHttpResponseCodec.decode(W3CHttpResponseCodec.java:53)\n\tat org.openqa.selenium.remote.HttpCommandExecutor.execute(HttpCommandExecutor.java:184)\n\tat org.openqa.selenium.remote.service.DriverCommandExecutor.invokeExecute(DriverCommandExecutor.java:167)\n\tat org.openqa.selenium.remote.service.DriverCommandExecutor.execute(DriverCommandExecutor.java:142)\n\tat org.openqa.selenium.remote.RemoteWebDriver.execute(RemoteWebDriver.java:541)\n\tat org.openqa.selenium.remote.RemoteWebElement.execute(RemoteWebElement.java:257)\n\tat org.openqa.selenium.remote.RemoteWebElement.click(RemoteWebElement.java:78)\n\tat com.codeborne.selenide.commands.Click.defaultClick(Click.java:97)\n\tat com.codeborne.selenide.commands.Click.click(Click.java:54)\n\tat com.codeborne.selenide.commands.Click.execute(Click.java:31)\n\tat com.codeborne.selenide.commands.Click.execute(Click.java:21)\n\tat com.codeborne.selenide.commands.Commands.execute(Commands.java:157)\n\tat com.codeborne.selenide.impl.SelenideElementProxy.dispatchAndRetry(SelenideElementProxy.java:130)\n\t... 37 more\n","flaky":true,"newFailed":false,"newBroken":false,"newPassed":false,"retriesCount":0,"retriesStatusChange":false,"beforeStages":[{"name":"Open browser","time":{"start":1673266642697,"stop":1673266642999,"duration":302},"description":"Open browser","status":"passed","steps":[],"attachments":[],"parameters":[],"stepsCount":0,"attachmentsCount":0,"shouldDisplayMessage":false,"hasContent":false}],"testStage":{"status":"failed","statusMessage":"Invalid element state [By.xpath: //*[contains(@class, 'it-btn it-btn--button-48 it-btn--primary')]]: element click intercepted: Element <button class=\"it-btn it-btn--button-48 it-btn--primary xs_mr-3 xs_mt-5 xs_mb-5\" disabled=\"\" data-gtm=\"continue\">...</button> is not clickable at point (1161, 744). Other element would receive the click: <div class=\"overlay flex justify-center align-center\">...</div>\nScreenshot: file:/home/runner/work/AciertoTests/AciertoTests/build/reports/tests/1673266651559.10.png\nPage source: file:/home/runner/work/AciertoTests/AciertoTests/build/reports/tests/1673266651559.10.html\nTimeout: 5 s.\nCaused by: ElementClickInterceptedException: element click intercepted: Element <button class=\"it-btn it-btn--button-48 it-btn--primary xs_mr-3 xs_mt-5 xs_mb-5\" disabled=\"\" data-gtm=\"continue\">...</button> is not clickable at point (1161, 744). Other element would receive the click: <div class=\"overlay flex justify-center align-center\">...</div>","statusTrace":"Invalid element state [By.xpath: //*[contains(@class, 'it-btn it-btn--button-48 it-btn--primary')]]: element click intercepted: Element <button class=\"it-btn it-btn--button-48 it-btn--primary xs_mr-3 xs_mt-5 xs_mb-5\" disabled=\"\" data-gtm=\"continue\">...</button> is not clickable at point (1161, 744). Other element would receive the click: <div class=\"overlay flex justify-center align-center\">...</div>\nScreenshot: file:/home/runner/work/AciertoTests/AciertoTests/build/reports/tests/1673266651559.10.png\nPage source: file:/home/runner/work/AciertoTests/AciertoTests/build/reports/tests/1673266651559.10.html\nTimeout: 5 s.\nCaused by: ElementClickInterceptedException: element click intercepted: Element <button class=\"it-btn it-btn--button-48 it-btn--primary xs_mr-3 xs_mt-5 xs_mb-5\" disabled=\"\" data-gtm=\"continue\">...</button> is not clickable at point (1161, 744). Other element would receive the click: <div class=\"overlay flex justify-center align-center\">...</div>\n\tat com.codeborne.selenide.impl.ExceptionWrapper.wrap(ExceptionWrapper.java:26)\n\tat com.codeborne.selenide.impl.SelenideElementProxy.dispatchAndRetry(SelenideElementProxy.java:152)\n\tat com.codeborne.selenide.impl.SelenideElementProxy.invoke(SelenideElementProxy.java:82)\n\tat com.sun.proxy.$Proxy30.click(Unknown Source)\n\tat com.itechart.pages.AciertoPage.closeButtonClick(AciertoPage.java:117)\n\tat com.itechart.tests.AcietroCallMeTest.acietroCallMeFirstPage(AcietroCallMeTest.java:27)\n\tat java.base/jdk.internal.reflect.NativeMethodAccessorImpl.invoke0(Native Method)\n\tat java.base/jdk.internal.reflect.NativeMethodAccessorImpl.invoke(NativeMethodAccessorImpl.java:62)\n\tat java.base/jdk.internal.reflect.DelegatingMethodAccessorImpl.invoke(DelegatingMethodAccessorImpl.java:43)\n\tat java.base/java.lang.reflect.Method.invoke(Method.java:566)\n\tat org.testng.internal.invokers.MethodInvocationHelper.invokeMethod(MethodInvocationHelper.java:139)\n\tat org.testng.internal.invokers.TestInvoker.invokeMethod(TestInvoker.java:677)\n\tat org.testng.internal.invokers.TestInvoker.invokeTestMethod(TestInvoker.java:221)\n\tat org.testng.internal.invokers.MethodRunner.runInSequence(MethodRunner.java:50)\n\tat org.testng.internal.invokers.TestInvoker$MethodInvocationAgent.invoke(TestInvoker.java:962)\n\tat org.testng.internal.invokers.TestInvoker.invokeTestMethods(TestInvoker.java:194)\n\tat org.testng.internal.invokers.TestMethodWorker.invokeTestMethods(TestMethodWorker.java:148)\n\tat org.testng.internal.invokers.TestMethodWorker.run(TestMethodWorker.java:128)\n\tat java.base/java.util.ArrayList.forEach(ArrayList.java:1541)\n\tat org.testng.TestRunner.privateRun(TestRunner.java:806)\n\tat org.testng.TestRunner.run(TestRunner.java:601)\n\tat org.testng.SuiteRunner.runTest(SuiteRunner.java:433)\n\tat org.testng.SuiteRunner.runSequentially(SuiteRunner.java:427)\n\tat org.testng.SuiteRunner.privateRun(SuiteRunner.java:387)\n\tat org.testng.SuiteRunner.run(SuiteRunner.java:330)\n\tat org.testng.SuiteRunnerWorker.runSuite(SuiteRunnerWorker.java:52)\n\tat org.testng.SuiteRunnerWorker.run(SuiteRunnerWorker.java:95)\n\tat org.testng.TestNG.runSuitesSequentially(TestNG.java:1256)\n\tat org.testng.TestNG.runSuitesLocally(TestNG.java:1176)\n\tat org.testng.TestNG.runSuites(TestNG.java:1099)\n\tat org.testng.TestNG.run(TestNG.java:1067)\n\tat org.apache.maven.surefire.testng.TestNGExecutor.run(TestNGExecutor.java:151)\n\tat org.apache.maven.surefire.testng.TestNGDirectoryTestSuite.executeMulti(TestNGDirectoryTestSuite.java:192)\n\tat org.apache.maven.surefire.testng.TestNGDirectoryTestSuite.execute(TestNGDirectoryTestSuite.java:93)\n\tat org.apache.maven.surefire.testng.TestNGProvider.invoke(TestNGProvider.java:155)\n\tat org.apache.maven.surefire.booter.ForkedBooter.runSuitesInProcess(ForkedBooter.java:456)\n\tat org.apache.maven.surefire.booter.ForkedBooter.execute(ForkedBooter.java:169)\n\tat org.apache.maven.surefire.booter.ForkedBooter.run(ForkedBooter.java:595)\n\tat org.apache.maven.surefire.booter.ForkedBooter.main(ForkedBooter.java:581)\nCaused by: org.openqa.selenium.ElementClickInterceptedException: element click intercepted: Element <button class=\"it-btn it-btn--button-48 it-btn--primary xs_mr-3 xs_mt-5 xs_mb-5\" disabled=\"\" data-gtm=\"continue\">...</button> is not clickable at point (1161, 744). Other element would receive the click: <div class=\"overlay flex justify-center align-center\">...</div>\n  (Session info: headless chrome=108.0.5359.98)\nBuild info: version: '4.6.0', revision: '79f1c02ae20'\nSystem info: os.name: 'Linux', os.arch: 'amd64', os.version: '5.15.0-1024-azure', java.version: '11.0.17'\nDriver info: org.openqa.selenium.chrome.ChromeDriver\nCommand: [7421d20cfa5a8c398d4a619ed0e2acff, clickElement {id=b126ac02-f849-4139-a8b3-24bbde549e4d}]\nCapabilities {acceptInsecureCerts: true, browserName: chrome, browserVersion: 108.0.5359.98, chrome: {chromedriverVersion: 108.0.5359.71 (1e0e3868ee06..., userDataDir: /tmp/.com.google.Chrome.A2G3Ec}, goog:chromeOptions: {debuggerAddress: localhost:40041}, networkConnectionEnabled: false, pageLoadStrategy: normal, platformName: LINUX, proxy: Proxy(), se:cdp: ws://localhost:40041/devtoo..., se:cdpVersion: 108.0.5359.98, setWindowRect: true, strictFileInteractability: false, timeouts: {implicit: 0, pageLoad: 300000, script: 30000}, unhandledPromptBehavior: accept, webauthn:extension:credBlob: true, webauthn:extension:largeBlob: true, webauthn:virtualAuthenticators: true}\nElement: [[ChromeDriver: chrome on LINUX (7421d20cfa5a8c398d4a619ed0e2acff)] -> xpath: //*[contains(@class, 'it-btn it-btn--button-48 it-btn--primary')]]\nSession ID: 7421d20cfa5a8c398d4a619ed0e2acff\n\tat java.base/jdk.internal.reflect.NativeConstructorAccessorImpl.newInstance0(Native Method)\n\tat java.base/jdk.internal.reflect.NativeConstructorAccessorImpl.newInstance(NativeConstructorAccessorImpl.java:62)\n\tat java.base/jdk.internal.reflect.DelegatingConstructorAccessorImpl.newInstance(DelegatingConstructorAccessorImpl.java:45)\n\tat java.base/java.lang.reflect.Constructor.newInstance(Constructor.java:490)\n\tat org.openqa.selenium.remote.codec.w3c.W3CHttpResponseCodec.createException(W3CHttpResponseCodec.java:200)\n\tat org.openqa.selenium.remote.codec.w3c.W3CHttpResponseCodec.decode(W3CHttpResponseCodec.java:133)\n\tat org.openqa.selenium.remote.codec.w3c.W3CHttpResponseCodec.decode(W3CHttpResponseCodec.java:53)\n\tat org.openqa.selenium.remote.HttpCommandExecutor.execute(HttpCommandExecutor.java:184)\n\tat org.openqa.selenium.remote.service.DriverCommandExecutor.invokeExecute(DriverCommandExecutor.java:167)\n\tat org.openqa.selenium.remote.service.DriverCommandExecutor.execute(DriverCommandExecutor.java:142)\n\tat org.openqa.selenium.remote.RemoteWebDriver.execute(RemoteWebDriver.java:541)\n\tat org.openqa.selenium.remote.RemoteWebElement.execute(RemoteWebElement.java:257)\n\tat org.openqa.selenium.remote.RemoteWebElement.click(RemoteWebElement.java:78)\n\tat com.codeborne.selenide.commands.Click.defaultClick(Click.java:97)\n\tat com.codeborne.selenide.commands.Click.click(Click.java:54)\n\tat com.codeborne.selenide.commands.Click.execute(Click.java:31)\n\tat com.codeborne.selenide.commands.Click.execute(Click.java:21)\n\tat com.codeborne.selenide.commands.Commands.execute(Commands.java:157)\n\tat com.codeborne.selenide.impl.SelenideElementProxy.dispatchAndRetry(SelenideElementProxy.java:130)\n\t... 37 more\n","steps":[{"name":"Open Acierto Main Page","time":{"start":1673266643002,"stop":1673266645269,"duration":2267},"status":"passed","steps":[],"attachments":[],"parameters":[],"stepsCount":0,"attachmentsCount":0,"shouldDisplayMessage":false,"hasContent":false},{"name":"callMeOnThisPhoneButtonClick","time":{"start":1673266645270,"stop":1673266646073,"duration":803},"status":"passed","steps":[],"attachments":[],"parameters":[{"name":"indexButton","value":"1"}],"stepsCount":0,"attachmentsCount":0,"shouldDisplayMessage":false,"hasContent":true},{"name":"isFunnelCallModalDisplayed","time":{"start":1673266646073,"stop":1673266646113,"duration":40},"status":"passed","steps":[],"attachments":[],"parameters":[],"stepsCount":0,"attachmentsCount":0,"shouldDisplayMessage":false,"hasContent":false},{"name":"enterPhoneFunnelCall","time":{"start":1673266646113,"stop":1673266646349,"duration":236},"status":"passed","steps":[],"attachments":[],"parameters":[{"name":"phone","value":"92100253"}],"stepsCount":0,"attachmentsCount":0,"shouldDisplayMessage":false,"hasContent":true},{"name":"callMeOnThisPhoneButtonClick","time":{"start":1673266646350,"stop":1673266646406,"duration":56},"status":"passed","steps":[],"attachments":[],"parameters":[{"name":"indexButton","value":"2"}],"stepsCount":0,"attachmentsCount":0,"shouldDisplayMessage":false,"hasContent":true},{"name":"Click on [Close] button on Grateful modal","time":{"start":1673266646406,"stop":1673266651954,"duration":5548},"status":"failed","statusMessage":"Invalid element state [By.xpath: //*[contains(@class, 'it-btn it-btn--button-48 it-btn--primary')]]: element click intercepted: Element <button class=\"it-btn it-btn--button-48 it-btn--primary xs_mr-3 xs_mt-5 xs_mb-5\" disabled=\"\" data-gtm=\"continue\">...</button> is not clickable at point (1161, 744). Other element would receive the click: <div class=\"overlay flex justify-center align-center\">...</div>\nScreenshot: file:/home/runner/work/AciertoTests/AciertoTests/build/reports/tests/1673266651559.10.png\nPage source: file:/home/runner/work/AciertoTests/AciertoTests/build/reports/tests/1673266651559.10.html\nTimeout: 5 s.\nCaused by: ElementClickInterceptedException: element click intercepted: Element <button class=\"it-btn it-btn--button-48 it-btn--primary xs_mr-3 xs_mt-5 xs_mb-5\" disabled=\"\" data-gtm=\"continue\">...</button> is not clickable at point (1161, 744). Other element would receive the click: <div class=\"overlay flex justify-center align-center\">...</div>","statusTrace":"Invalid element state [By.xpath: //*[contains(@class, 'it-btn it-btn--button-48 it-btn--primary')]]: element click intercepted: Element <button class=\"it-btn it-btn--button-48 it-btn--primary xs_mr-3 xs_mt-5 xs_mb-5\" disabled=\"\" data-gtm=\"continue\">...</button> is not clickable at point (1161, 744). Other element would receive the click: <div class=\"overlay flex justify-center align-center\">...</div>\nScreenshot: file:/home/runner/work/AciertoTests/AciertoTests/build/reports/tests/1673266651559.10.png\nPage source: file:/home/runner/work/AciertoTests/AciertoTests/build/reports/tests/1673266651559.10.html\nTimeout: 5 s.\nCaused by: ElementClickInterceptedException: element click intercepted: Element <button class=\"it-btn it-btn--button-48 it-btn--primary xs_mr-3 xs_mt-5 xs_mb-5\" disabled=\"\" data-gtm=\"continue\">...</button> is not clickable at point (1161, 744). Other element would receive the click: <div class=\"overlay flex justify-center align-center\">...</div>\n\tat com.codeborne.selenide.impl.ExceptionWrapper.wrap(ExceptionWrapper.java:26)\n\tat com.codeborne.selenide.impl.SelenideElementProxy.dispatchAndRetry(SelenideElementProxy.java:152)\n\tat com.codeborne.selenide.impl.SelenideElementProxy.invoke(SelenideElementProxy.java:82)\n\tat com.sun.proxy.$Proxy30.click(Unknown Source)\n\tat com.itechart.pages.AciertoPage.closeButtonClick(AciertoPage.java:117)\n\tat com.itechart.tests.AcietroCallMeTest.acietroCallMeFirstPage(AcietroCallMeTest.java:27)\n\tat java.base/jdk.internal.reflect.NativeMethodAccessorImpl.invoke0(Native Method)\n\tat java.base/jdk.internal.reflect.NativeMethodAccessorImpl.invoke(NativeMethodAccessorImpl.java:62)\n\tat java.base/jdk.internal.reflect.DelegatingMethodAccessorImpl.invoke(DelegatingMethodAccessorImpl.java:43)\n\tat java.base/java.lang.reflect.Method.invoke(Method.java:566)\n\tat org.testng.internal.invokers.MethodInvocationHelper.invokeMethod(MethodInvocationHelper.java:139)\n\tat org.testng.internal.invokers.TestInvoker.invokeMethod(TestInvoker.java:677)\n\tat org.testng.internal.invokers.TestInvoker.invokeTestMethod(TestInvoker.java:221)\n\tat org.testng.internal.invokers.MethodRunner.runInSequence(MethodRunner.java:50)\n\tat org.testng.internal.invokers.TestInvoker$MethodInvocationAgent.invoke(TestInvoker.java:962)\n\tat org.testng.internal.invokers.TestInvoker.invokeTestMethods(TestInvoker.java:194)\n\tat org.testng.internal.invokers.TestMethodWorker.invokeTestMethods(TestMethodWorker.java:148)\n\tat org.testng.internal.invokers.TestMethodWorker.run(TestMethodWorker.java:128)\n\tat java.base/java.util.ArrayList.forEach(ArrayList.java:1541)\n\tat org.testng.TestRunner.privateRun(TestRunner.java:806)\n\tat org.testng.TestRunner.run(TestRunner.java:601)\n\tat org.testng.SuiteRunner.runTest(SuiteRunner.java:433)\n\tat org.testng.SuiteRunner.runSequentially(SuiteRunner.java:427)\n\tat org.testng.SuiteRunner.privateRun(SuiteRunner.java:387)\n\tat org.testng.SuiteRunner.run(SuiteRunner.java:330)\n\tat org.testng.SuiteRunnerWorker.runSuite(SuiteRunnerWorker.java:52)\n\tat org.testng.SuiteRunnerWorker.run(SuiteRunnerWorker.java:95)\n\tat org.testng.TestNG.runSuitesSequentially(TestNG.java:1256)\n\tat org.testng.TestNG.runSuitesLocally(TestNG.java:1176)\n\tat org.testng.TestNG.runSuites(TestNG.java:1099)\n\tat org.testng.TestNG.run(TestNG.java:1067)\n\tat org.apache.maven.surefire.testng.TestNGExecutor.run(TestNGExecutor.java:151)\n\tat org.apache.maven.surefire.testng.TestNGDirectoryTestSuite.executeMulti(TestNGDirectoryTestSuite.java:192)\n\tat org.apache.maven.surefire.testng.TestNGDirectoryTestSuite.execute(TestNGDirectoryTestSuite.java:93)\n\tat org.apache.maven.surefire.testng.TestNGProvider.invoke(TestNGProvider.java:155)\n\tat org.apache.maven.surefire.booter.ForkedBooter.runSuitesInProcess(ForkedBooter.java:456)\n\tat org.apache.maven.surefire.booter.ForkedBooter.execute(ForkedBooter.java:169)\n\tat org.apache.maven.surefire.booter.ForkedBooter.run(ForkedBooter.java:595)\n\tat org.apache.maven.surefire.booter.ForkedBooter.main(ForkedBooter.java:581)\nCaused by: org.openqa.selenium.ElementClickInterceptedException: element click intercepted: Element <button class=\"it-btn it-btn--button-48 it-btn--primary xs_mr-3 xs_mt-5 xs_mb-5\" disabled=\"\" data-gtm=\"continue\">...</button> is not clickable at point (1161, 744). Other element would receive the click: <div class=\"overlay flex justify-center align-center\">...</div>\n  (Session info: headless chrome=108.0.5359.98)\nBuild info: version: '4.6.0', revision: '79f1c02ae20'\nSystem info: os.name: 'Linux', os.arch: 'amd64', os.version: '5.15.0-1024-azure', java.version: '11.0.17'\nDriver info: org.openqa.selenium.chrome.ChromeDriver\nCommand: [7421d20cfa5a8c398d4a619ed0e2acff, clickElement {id=b126ac02-f849-4139-a8b3-24bbde549e4d}]\nCapabilities {acceptInsecureCerts: true, browserName: chrome, browserVersion: 108.0.5359.98, chrome: {chromedriverVersion: 108.0.5359.71 (1e0e3868ee06..., userDataDir: /tmp/.com.google.Chrome.A2G3Ec}, goog:chromeOptions: {debuggerAddress: localhost:40041}, networkConnectionEnabled: false, pageLoadStrategy: normal, platformName: LINUX, proxy: Proxy(), se:cdp: ws://localhost:40041/devtoo..., se:cdpVersion: 108.0.5359.98, setWindowRect: true, strictFileInteractability: false, timeouts: {implicit: 0, pageLoad: 300000, script: 30000}, unhandledPromptBehavior: accept, webauthn:extension:credBlob: true, webauthn:extension:largeBlob: true, webauthn:virtualAuthenticators: true}\nElement: [[ChromeDriver: chrome on LINUX (7421d20cfa5a8c398d4a619ed0e2acff)] -> xpath: //*[contains(@class, 'it-btn it-btn--button-48 it-btn--primary')]]\nSession ID: 7421d20cfa5a8c398d4a619ed0e2acff\n\tat java.base/jdk.internal.reflect.NativeConstructorAccessorImpl.newInstance0(Native Method)\n\tat java.base/jdk.internal.reflect.NativeConstructorAccessorImpl.newInstance(NativeConstructorAccessorImpl.java:62)\n\tat java.base/jdk.internal.reflect.DelegatingConstructorAccessorImpl.newInstance(DelegatingConstructorAccessorImpl.java:45)\n\tat java.base/java.lang.reflect.Constructor.newInstance(Constructor.java:490)\n\tat org.openqa.selenium.remote.codec.w3c.W3CHttpResponseCodec.createException(W3CHttpResponseCodec.java:200)\n\tat org.openqa.selenium.remote.codec.w3c.W3CHttpResponseCodec.decode(W3CHttpResponseCodec.java:133)\n\tat org.openqa.selenium.remote.codec.w3c.W3CHttpResponseCodec.decode(W3CHttpResponseCodec.java:53)\n\tat org.openqa.selenium.remote.HttpCommandExecutor.execute(HttpCommandExecutor.java:184)\n\tat org.openqa.selenium.remote.service.DriverCommandExecutor.invokeExecute(DriverCommandExecutor.java:167)\n\tat org.openqa.selenium.remote.service.DriverCommandExecutor.execute(DriverCommandExecutor.java:142)\n\tat org.openqa.selenium.remote.RemoteWebDriver.execute(RemoteWebDriver.java:541)\n\tat org.openqa.selenium.remote.RemoteWebElement.execute(RemoteWebElement.java:257)\n\tat org.openqa.selenium.remote.RemoteWebElement.click(RemoteWebElement.java:78)\n\tat com.codeborne.selenide.commands.Click.defaultClick(Click.java:97)\n\tat com.codeborne.selenide.commands.Click.click(Click.java:54)\n\tat com.codeborne.selenide.commands.Click.execute(Click.java:31)\n\tat com.codeborne.selenide.commands.Click.execute(Click.java:21)\n\tat com.codeborne.selenide.commands.Commands.execute(Commands.java:157)\n\tat com.codeborne.selenide.impl.SelenideElementProxy.dispatchAndRetry(SelenideElementProxy.java:130)\n\t... 37 more\n","steps":[],"attachments":[{"uid":"9d46dc4971f1146f","name":"Screenshot","source":"9d46dc4971f1146f.png","type":"image/png","size":88470}],"parameters":[],"stepsCount":0,"attachmentsCount":1,"shouldDisplayMessage":true,"hasContent":true}],"attachments":[],"parameters":[],"stepsCount":6,"attachmentsCount":1,"shouldDisplayMessage":false,"hasContent":true},"afterStages":[{"name":"Close browser","time":{"start":1673266652165,"stop":1673266652267,"duration":102},"description":"Close browser","status":"passed","steps":[],"attachments":[],"parameters":[],"stepsCount":0,"attachmentsCount":0,"shouldDisplayMessage":false,"hasContent":false}],"labels":[{"name":"package","value":"com.itechart.tests.AcietroCallMeTest"},{"name":"testClass","value":"com.itechart.tests.AcietroCallMeTest"},{"name":"testMethod","value":"acietroCallMeFirstPage"},{"name":"parentSuite","value":"Surefire suite"},{"name":"suite","value":"Surefire test"},{"name":"subSuite","value":"com.itechart.tests.AcietroCallMeTest"},{"name":"host","value":"fv-az175-793"},{"name":"thread","value":"2374@fv-az175-793.main(1)"},{"name":"framework","value":"testng"},{"name":"language","value":"java"},{"name":"resultFormat","value":"allure2"}],"parameters":[],"links":[],"hidden":false,"retry":false,"extra":{"severity":"normal","retries":[],"categories":[{"name":"Product defects","matchedStatuses":[],"flaky":false}],"history":{"statistic":{"failed":5,"broken":0,"skipped":0,"passed":4,"unknown":0,"total":9},"items":[{"uid":"d86eef1a9c7428d5","reportUrl":"https://6870064.github.io/AciertoTests/44//#testresult/d86eef1a9c7428d5","status":"failed","statusDetails":"Invalid element state [By.xpath: //*[contains(@class, 'it-btn it-btn--button-48 it-btn--primary')]]: element click intercepted: Element <button class=\"it-btn it-btn--button-48 it-btn--primary xs_mr-3 xs_mt-5 xs_mb-5\" disabled=\"\" data-gtm=\"continue\">...</button> is not clickable at point (1161, 744). Other element would receive the click: <div class=\"overlay flex justify-center align-center\">...</div>\nScreenshot: file:/home/runner/work/AciertoTests/AciertoTests/build/reports/tests/1673265277551.10.png\nPage source: file:/home/runner/work/AciertoTests/AciertoTests/build/reports/tests/1673265277551.10.html\nTimeout: 5 s.\nCaused by: ElementClickInterceptedException: element click intercepted: Element <button class=\"it-btn it-btn--button-48 it-btn--primary xs_mr-3 xs_mt-5 xs_mb-5\" disabled=\"\" data-gtm=\"continue\">...</button> is not clickable at point (1161, 744). Other element would receive the click: <div class=\"overlay flex justify-center align-center\">...</div>","time":{"start":1673265269692,"stop":1673265277872,"duration":8180}},{"uid":"570297e5c26dd462","reportUrl":"https://6870064.github.io/AciertoTests/43//#testresult/570297e5c26dd462","status":"failed","statusDetails":"Element not found {By.xpath: //button//span[text()='Cerrar']}\nExpected: interactable\nScreenshot: file:/home/runner/work/AciertoTests/AciertoTests/build/reports/tests/1673131910351.7.png\nPage source: file:/home/runner/work/AciertoTests/AciertoTests/build/reports/tests/1673131910351.7.html\nTimeout: 5 s.\nCaused by: NoSuchElementException: no such element: Unable to locate element: {\"method\":\"xpath\",\"selector\":\"//button//span[text()='Cerrar']\"}","time":{"start":1673131901902,"stop":1673131910797,"duration":8895}},{"uid":"92a6a8be95ba0ee8","reportUrl":"https://6870064.github.io/AciertoTests/42//#testresult/92a6a8be95ba0ee8","status":"passed","time":{"start":1673129824281,"stop":1673129848555,"duration":24274}},{"uid":"68ecb017c5ad2009","reportUrl":"https://6870064.github.io/AciertoTests/42//#testresult/68ecb017c5ad2009","status":"passed","time":{"start":1673129314139,"stop":1673129338010,"duration":23871}},{"uid":"ad71122bdc08d28b","reportUrl":"https://6870064.github.io/AciertoTests/41//#testresult/ad71122bdc08d28b","status":"failed","statusDetails":"Element should have exact text case sensitive \"\" {By.xpath: //*[contains(@class,'windowViewMode') and contains(@class,'active')]//*[text() = 'Correo electrónico Web']/ancestor::*[contains(@class, 'slds-hint-parent')]//*[contains(@class, 'test-id__field-value')]}\nElement: '<span class=\"test-id__field-value slds-form-element__static slds-grow word-break-ie11\" records-recordlayoutitem_recordlayoutitem>icrawly@gmail.com</span>'\nActual value: text=\"icrawly@gmail.com\"\nScreenshot: file:/home/runner/work/AciertoTests/AciertoTests/build/reports/tests/1673125066752.8.png\nPage source: file:/home/runner/work/AciertoTests/AciertoTests/build/reports/tests/1673125066752.8.html\nTimeout: 5 s.","time":{"start":1673125027618,"stop":1673125067207,"duration":39589}},{"uid":"b6bea7321f18f067","reportUrl":"https://6870064.github.io/AciertoTests/40//#testresult/b6bea7321f18f067","status":"failed","statusDetails":"Element should have text \"921002657\" {By.xpath: //*[contains(@class,'windowViewMode') and contains(@class,'active')]//*[text() = 'Teléfono del cliente']/ancestor::*[contains(@class, 'slds-hint-parent')]//*[contains(@class, 'test-id__field-value')]}\nElement: '<span class=\"test-id__field-value slds-form-element__static slds-grow word-break-ie11 is-read-only\" records-recordlayoutitem_recordlayoutitem>La opción Hacer clic para marcar está desactivada\n+34921002648</span>'\nActual value: text=\"La opción Hacer clic para marcar está desactivada\n+34921002648\"\nScreenshot: file:/home/runner/work/AciertoTests/AciertoTests/build/reports/tests/1673125053701.8.png\nPage source: file:/home/runner/work/AciertoTests/AciertoTests/build/reports/tests/1673125053701.8.html\nTimeout: 5 s.","time":{"start":1673125027346,"stop":1673125054136,"duration":26790}},{"uid":"8dacc2be17beafb1","reportUrl":"https://6870064.github.io/AciertoTests/37//#testresult/8dacc2be17beafb1","status":"passed","time":{"start":1673011237245,"stop":1673011259207,"duration":21962}},{"uid":"cb9cb5a982d22bed","reportUrl":"https://6870064.github.io/AciertoTests/36//#testresult/cb9cb5a982d22bed","status":"passed","time":{"start":1673010395631,"stop":1673010417294,"duration":21663}}]},"tags":[]},"source":"bf337b3cb3086aeb.json","parameterValues":[]}