{"uid":"998db68b192ce0a8","name":"Creation of the insurance record with provider 'FIATC Vida' and validation it in Salesforce","fullName":"com.itechart.tests.AciertoTest.aciertoTestFiatcVidaValidation","historyId":"1bc632220af1f2c563610a01f47c0292","time":{"start":1673011132843,"stop":1673011158344,"duration":25501},"status":"failed","statusMessage":"Invalid element state [By.xpath: (//button//span[text()='Me interesa'])[4]]: element click intercepted: Element <span class=\"it-btn-text\">...</span> is not clickable at point (1216, 757). Other element would receive the click: <div class=\"comparison-bar flex justify-between align-center w-100pct comparison-bar\" data-v-1a13f36b=\"\" data-v-dc543454=\"\">...</div>\nScreenshot: file:/home/runner/work/AciertoTests/AciertoTests/build/reports/tests/1673011158236.4.png\nPage source: file:/home/runner/work/AciertoTests/AciertoTests/build/reports/tests/1673011158236.4.html\nTimeout: 5 s.\nCaused by: ElementClickInterceptedException: element click intercepted: Element <span class=\"it-btn-text\">...</span> is not clickable at point (1216, 757). Other element would receive the click: <div class=\"comparison-bar flex justify-between align-center w-100pct comparison-bar\" data-v-1a13f36b=\"\" data-v-dc543454=\"\">...</div>","statusTrace":"Invalid element state [By.xpath: (//button//span[text()='Me interesa'])[4]]: element click intercepted: Element <span class=\"it-btn-text\">...</span> is not clickable at point (1216, 757). Other element would receive the click: <div class=\"comparison-bar flex justify-between align-center w-100pct comparison-bar\" data-v-1a13f36b=\"\" data-v-dc543454=\"\">...</div>\nScreenshot: file:/home/runner/work/AciertoTests/AciertoTests/build/reports/tests/1673011158236.4.png\nPage source: file:/home/runner/work/AciertoTests/AciertoTests/build/reports/tests/1673011158236.4.html\nTimeout: 5 s.\nCaused by: ElementClickInterceptedException: element click intercepted: Element <span class=\"it-btn-text\">...</span> is not clickable at point (1216, 757). Other element would receive the click: <div class=\"comparison-bar flex justify-between align-center w-100pct comparison-bar\" data-v-1a13f36b=\"\" data-v-dc543454=\"\">...</div>\n\tat com.codeborne.selenide.impl.ExceptionWrapper.wrap(ExceptionWrapper.java:26)\n\tat com.codeborne.selenide.impl.SelenideElementProxy.dispatchAndRetry(SelenideElementProxy.java:152)\n\tat com.codeborne.selenide.impl.SelenideElementProxy.invoke(SelenideElementProxy.java:82)\n\tat com.sun.proxy.$Proxy34.click(Unknown Source)\n\tat com.itechart.pages.AciertoPage.imInterestedButtonClick(AciertoPage.java:69)\n\tat com.itechart.tests.AciertoTest.aciertoTestFiatcVidaValidation(AciertoTest.java:151)\n\tat java.base/jdk.internal.reflect.NativeMethodAccessorImpl.invoke0(Native Method)\n\tat java.base/jdk.internal.reflect.NativeMethodAccessorImpl.invoke(NativeMethodAccessorImpl.java:62)\n\tat java.base/jdk.internal.reflect.DelegatingMethodAccessorImpl.invoke(DelegatingMethodAccessorImpl.java:43)\n\tat java.base/java.lang.reflect.Method.invoke(Method.java:566)\n\tat org.testng.internal.invokers.MethodInvocationHelper.invokeMethod(MethodInvocationHelper.java:139)\n\tat org.testng.internal.invokers.TestInvoker.invokeMethod(TestInvoker.java:677)\n\tat org.testng.internal.invokers.TestInvoker.invokeTestMethod(TestInvoker.java:221)\n\tat org.testng.internal.invokers.MethodRunner.runInSequence(MethodRunner.java:50)\n\tat org.testng.internal.invokers.TestInvoker$MethodInvocationAgent.invoke(TestInvoker.java:962)\n\tat org.testng.internal.invokers.TestInvoker.invokeTestMethods(TestInvoker.java:194)\n\tat org.testng.internal.invokers.TestMethodWorker.invokeTestMethods(TestMethodWorker.java:148)\n\tat org.testng.internal.invokers.TestMethodWorker.run(TestMethodWorker.java:128)\n\tat java.base/java.util.ArrayList.forEach(ArrayList.java:1541)\n\tat org.testng.TestRunner.privateRun(TestRunner.java:806)\n\tat org.testng.TestRunner.run(TestRunner.java:601)\n\tat org.testng.SuiteRunner.runTest(SuiteRunner.java:433)\n\tat org.testng.SuiteRunner.runSequentially(SuiteRunner.java:427)\n\tat org.testng.SuiteRunner.privateRun(SuiteRunner.java:387)\n\tat org.testng.SuiteRunner.run(SuiteRunner.java:330)\n\tat org.testng.SuiteRunnerWorker.runSuite(SuiteRunnerWorker.java:52)\n\tat org.testng.SuiteRunnerWorker.run(SuiteRunnerWorker.java:95)\n\tat org.testng.TestNG.runSuitesSequentially(TestNG.java:1256)\n\tat org.testng.TestNG.runSuitesLocally(TestNG.java:1176)\n\tat org.testng.TestNG.runSuites(TestNG.java:1099)\n\tat org.testng.TestNG.run(TestNG.java:1067)\n\tat org.apache.maven.surefire.testng.TestNGExecutor.run(TestNGExecutor.java:151)\n\tat org.apache.maven.surefire.testng.TestNGDirectoryTestSuite.executeMulti(TestNGDirectoryTestSuite.java:192)\n\tat org.apache.maven.surefire.testng.TestNGDirectoryTestSuite.execute(TestNGDirectoryTestSuite.java:93)\n\tat org.apache.maven.surefire.testng.TestNGProvider.invoke(TestNGProvider.java:155)\n\tat org.apache.maven.surefire.booter.ForkedBooter.runSuitesInProcess(ForkedBooter.java:456)\n\tat org.apache.maven.surefire.booter.ForkedBooter.execute(ForkedBooter.java:169)\n\tat org.apache.maven.surefire.booter.ForkedBooter.run(ForkedBooter.java:595)\n\tat org.apache.maven.surefire.booter.ForkedBooter.main(ForkedBooter.java:581)\nCaused by: org.openqa.selenium.ElementClickInterceptedException: element click intercepted: Element <span class=\"it-btn-text\">...</span> is not clickable at point (1216, 757). Other element would receive the click: <div class=\"comparison-bar flex justify-between align-center w-100pct comparison-bar\" data-v-1a13f36b=\"\" data-v-dc543454=\"\">...</div>\n  (Session info: headless chrome=108.0.5359.98)\nBuild info: version: '4.6.0', revision: '79f1c02ae20'\nSystem info: os.name: 'Linux', os.arch: 'amd64', os.version: '5.15.0-1024-azure', java.version: '11.0.17'\nDriver info: org.openqa.selenium.chrome.ChromeDriver\nCommand: [6bdeb7a4fef472dd050e1e7945b43601, clickElement {id=15e5fb70-73d0-4a02-b1d2-5d43b578a6d8}]\nCapabilities {acceptInsecureCerts: true, browserName: chrome, browserVersion: 108.0.5359.98, chrome: {chromedriverVersion: 108.0.5359.71 (1e0e3868ee06..., userDataDir: /tmp/.com.google.Chrome.iiq7u5}, goog:chromeOptions: {debuggerAddress: localhost:33629}, networkConnectionEnabled: false, pageLoadStrategy: normal, platformName: LINUX, proxy: Proxy(), se:cdp: ws://localhost:33629/devtoo..., se:cdpVersion: 108.0.5359.98, setWindowRect: true, strictFileInteractability: false, timeouts: {implicit: 0, pageLoad: 300000, script: 30000}, unhandledPromptBehavior: accept, webauthn:extension:credBlob: true, webauthn:extension:largeBlob: true, webauthn:virtualAuthenticators: true}\nElement: [[ChromeDriver: chrome on LINUX (6bdeb7a4fef472dd050e1e7945b43601)] -> xpath: (//button//span[text()='Me interesa'])[4]]\nSession ID: 6bdeb7a4fef472dd050e1e7945b43601\n\tat java.base/jdk.internal.reflect.NativeConstructorAccessorImpl.newInstance0(Native Method)\n\tat java.base/jdk.internal.reflect.NativeConstructorAccessorImpl.newInstance(NativeConstructorAccessorImpl.java:62)\n\tat java.base/jdk.internal.reflect.DelegatingConstructorAccessorImpl.newInstance(DelegatingConstructorAccessorImpl.java:45)\n\tat java.base/java.lang.reflect.Constructor.newInstance(Constructor.java:490)\n\tat org.openqa.selenium.remote.codec.w3c.W3CHttpResponseCodec.createException(W3CHttpResponseCodec.java:200)\n\tat org.openqa.selenium.remote.codec.w3c.W3CHttpResponseCodec.decode(W3CHttpResponseCodec.java:133)\n\tat org.openqa.selenium.remote.codec.w3c.W3CHttpResponseCodec.decode(W3CHttpResponseCodec.java:53)\n\tat org.openqa.selenium.remote.HttpCommandExecutor.execute(HttpCommandExecutor.java:184)\n\tat org.openqa.selenium.remote.service.DriverCommandExecutor.invokeExecute(DriverCommandExecutor.java:167)\n\tat org.openqa.selenium.remote.service.DriverCommandExecutor.execute(DriverCommandExecutor.java:142)\n\tat org.openqa.selenium.remote.RemoteWebDriver.execute(RemoteWebDriver.java:541)\n\tat org.openqa.selenium.remote.RemoteWebElement.execute(RemoteWebElement.java:257)\n\tat org.openqa.selenium.remote.RemoteWebElement.click(RemoteWebElement.java:78)\n\tat com.codeborne.selenide.commands.Click.defaultClick(Click.java:97)\n\tat com.codeborne.selenide.commands.Click.click(Click.java:54)\n\tat com.codeborne.selenide.commands.Click.execute(Click.java:31)\n\tat com.codeborne.selenide.commands.Click.execute(Click.java:21)\n\tat com.codeborne.selenide.commands.Commands.execute(Commands.java:157)\n\tat com.codeborne.selenide.impl.SelenideElementProxy.dispatchAndRetry(SelenideElementProxy.java:130)\n\t... 37 more\n","flaky":false,"newFailed":false,"newBroken":false,"newPassed":false,"retriesCount":0,"retriesStatusChange":false,"beforeStages":[{"name":"Open browser","time":{"start":1673011132575,"stop":1673011132840,"duration":265},"description":"Open browser","status":"passed","steps":[],"attachments":[],"parameters":[],"stepsCount":0,"attachmentsCount":0,"shouldDisplayMessage":false,"hasContent":false}],"testStage":{"status":"failed","statusMessage":"Invalid element state [By.xpath: (//button//span[text()='Me interesa'])[4]]: element click intercepted: Element <span class=\"it-btn-text\">...</span> is not clickable at point (1216, 757). Other element would receive the click: <div class=\"comparison-bar flex justify-between align-center w-100pct comparison-bar\" data-v-1a13f36b=\"\" data-v-dc543454=\"\">...</div>\nScreenshot: file:/home/runner/work/AciertoTests/AciertoTests/build/reports/tests/1673011158236.4.png\nPage source: file:/home/runner/work/AciertoTests/AciertoTests/build/reports/tests/1673011158236.4.html\nTimeout: 5 s.\nCaused by: ElementClickInterceptedException: element click intercepted: Element <span class=\"it-btn-text\">...</span> is not clickable at point (1216, 757). Other element would receive the click: <div class=\"comparison-bar flex justify-between align-center w-100pct comparison-bar\" data-v-1a13f36b=\"\" data-v-dc543454=\"\">...</div>","statusTrace":"Invalid element state [By.xpath: (//button//span[text()='Me interesa'])[4]]: element click intercepted: Element <span class=\"it-btn-text\">...</span> is not clickable at point (1216, 757). Other element would receive the click: <div class=\"comparison-bar flex justify-between align-center w-100pct comparison-bar\" data-v-1a13f36b=\"\" data-v-dc543454=\"\">...</div>\nScreenshot: file:/home/runner/work/AciertoTests/AciertoTests/build/reports/tests/1673011158236.4.png\nPage source: file:/home/runner/work/AciertoTests/AciertoTests/build/reports/tests/1673011158236.4.html\nTimeout: 5 s.\nCaused by: ElementClickInterceptedException: element click intercepted: Element <span class=\"it-btn-text\">...</span> is not clickable at point (1216, 757). Other element would receive the click: <div class=\"comparison-bar flex justify-between align-center w-100pct comparison-bar\" data-v-1a13f36b=\"\" data-v-dc543454=\"\">...</div>\n\tat com.codeborne.selenide.impl.ExceptionWrapper.wrap(ExceptionWrapper.java:26)\n\tat com.codeborne.selenide.impl.SelenideElementProxy.dispatchAndRetry(SelenideElementProxy.java:152)\n\tat com.codeborne.selenide.impl.SelenideElementProxy.invoke(SelenideElementProxy.java:82)\n\tat com.sun.proxy.$Proxy34.click(Unknown Source)\n\tat com.itechart.pages.AciertoPage.imInterestedButtonClick(AciertoPage.java:69)\n\tat com.itechart.tests.AciertoTest.aciertoTestFiatcVidaValidation(AciertoTest.java:151)\n\tat java.base/jdk.internal.reflect.NativeMethodAccessorImpl.invoke0(Native Method)\n\tat java.base/jdk.internal.reflect.NativeMethodAccessorImpl.invoke(NativeMethodAccessorImpl.java:62)\n\tat java.base/jdk.internal.reflect.DelegatingMethodAccessorImpl.invoke(DelegatingMethodAccessorImpl.java:43)\n\tat java.base/java.lang.reflect.Method.invoke(Method.java:566)\n\tat org.testng.internal.invokers.MethodInvocationHelper.invokeMethod(MethodInvocationHelper.java:139)\n\tat org.testng.internal.invokers.TestInvoker.invokeMethod(TestInvoker.java:677)\n\tat org.testng.internal.invokers.TestInvoker.invokeTestMethod(TestInvoker.java:221)\n\tat org.testng.internal.invokers.MethodRunner.runInSequence(MethodRunner.java:50)\n\tat org.testng.internal.invokers.TestInvoker$MethodInvocationAgent.invoke(TestInvoker.java:962)\n\tat org.testng.internal.invokers.TestInvoker.invokeTestMethods(TestInvoker.java:194)\n\tat org.testng.internal.invokers.TestMethodWorker.invokeTestMethods(TestMethodWorker.java:148)\n\tat org.testng.internal.invokers.TestMethodWorker.run(TestMethodWorker.java:128)\n\tat java.base/java.util.ArrayList.forEach(ArrayList.java:1541)\n\tat org.testng.TestRunner.privateRun(TestRunner.java:806)\n\tat org.testng.TestRunner.run(TestRunner.java:601)\n\tat org.testng.SuiteRunner.runTest(SuiteRunner.java:433)\n\tat org.testng.SuiteRunner.runSequentially(SuiteRunner.java:427)\n\tat org.testng.SuiteRunner.privateRun(SuiteRunner.java:387)\n\tat org.testng.SuiteRunner.run(SuiteRunner.java:330)\n\tat org.testng.SuiteRunnerWorker.runSuite(SuiteRunnerWorker.java:52)\n\tat org.testng.SuiteRunnerWorker.run(SuiteRunnerWorker.java:95)\n\tat org.testng.TestNG.runSuitesSequentially(TestNG.java:1256)\n\tat org.testng.TestNG.runSuitesLocally(TestNG.java:1176)\n\tat org.testng.TestNG.runSuites(TestNG.java:1099)\n\tat org.testng.TestNG.run(TestNG.java:1067)\n\tat org.apache.maven.surefire.testng.TestNGExecutor.run(TestNGExecutor.java:151)\n\tat org.apache.maven.surefire.testng.TestNGDirectoryTestSuite.executeMulti(TestNGDirectoryTestSuite.java:192)\n\tat org.apache.maven.surefire.testng.TestNGDirectoryTestSuite.execute(TestNGDirectoryTestSuite.java:93)\n\tat org.apache.maven.surefire.testng.TestNGProvider.invoke(TestNGProvider.java:155)\n\tat org.apache.maven.surefire.booter.ForkedBooter.runSuitesInProcess(ForkedBooter.java:456)\n\tat org.apache.maven.surefire.booter.ForkedBooter.execute(ForkedBooter.java:169)\n\tat org.apache.maven.surefire.booter.ForkedBooter.run(ForkedBooter.java:595)\n\tat org.apache.maven.surefire.booter.ForkedBooter.main(ForkedBooter.java:581)\nCaused by: org.openqa.selenium.ElementClickInterceptedException: element click intercepted: Element <span class=\"it-btn-text\">...</span> is not clickable at point (1216, 757). Other element would receive the click: <div class=\"comparison-bar flex justify-between align-center w-100pct comparison-bar\" data-v-1a13f36b=\"\" data-v-dc543454=\"\">...</div>\n  (Session info: headless chrome=108.0.5359.98)\nBuild info: version: '4.6.0', revision: '79f1c02ae20'\nSystem info: os.name: 'Linux', os.arch: 'amd64', os.version: '5.15.0-1024-azure', java.version: '11.0.17'\nDriver info: org.openqa.selenium.chrome.ChromeDriver\nCommand: [6bdeb7a4fef472dd050e1e7945b43601, clickElement {id=15e5fb70-73d0-4a02-b1d2-5d43b578a6d8}]\nCapabilities {acceptInsecureCerts: true, browserName: chrome, browserVersion: 108.0.5359.98, chrome: {chromedriverVersion: 108.0.5359.71 (1e0e3868ee06..., userDataDir: /tmp/.com.google.Chrome.iiq7u5}, goog:chromeOptions: {debuggerAddress: localhost:33629}, networkConnectionEnabled: false, pageLoadStrategy: normal, platformName: LINUX, proxy: Proxy(), se:cdp: ws://localhost:33629/devtoo..., se:cdpVersion: 108.0.5359.98, setWindowRect: true, strictFileInteractability: false, timeouts: {implicit: 0, pageLoad: 300000, script: 30000}, unhandledPromptBehavior: accept, webauthn:extension:credBlob: true, webauthn:extension:largeBlob: true, webauthn:virtualAuthenticators: true}\nElement: [[ChromeDriver: chrome on LINUX (6bdeb7a4fef472dd050e1e7945b43601)] -> xpath: (//button//span[text()='Me interesa'])[4]]\nSession ID: 6bdeb7a4fef472dd050e1e7945b43601\n\tat java.base/jdk.internal.reflect.NativeConstructorAccessorImpl.newInstance0(Native Method)\n\tat java.base/jdk.internal.reflect.NativeConstructorAccessorImpl.newInstance(NativeConstructorAccessorImpl.java:62)\n\tat java.base/jdk.internal.reflect.DelegatingConstructorAccessorImpl.newInstance(DelegatingConstructorAccessorImpl.java:45)\n\tat java.base/java.lang.reflect.Constructor.newInstance(Constructor.java:490)\n\tat org.openqa.selenium.remote.codec.w3c.W3CHttpResponseCodec.createException(W3CHttpResponseCodec.java:200)\n\tat org.openqa.selenium.remote.codec.w3c.W3CHttpResponseCodec.decode(W3CHttpResponseCodec.java:133)\n\tat org.openqa.selenium.remote.codec.w3c.W3CHttpResponseCodec.decode(W3CHttpResponseCodec.java:53)\n\tat org.openqa.selenium.remote.HttpCommandExecutor.execute(HttpCommandExecutor.java:184)\n\tat org.openqa.selenium.remote.service.DriverCommandExecutor.invokeExecute(DriverCommandExecutor.java:167)\n\tat org.openqa.selenium.remote.service.DriverCommandExecutor.execute(DriverCommandExecutor.java:142)\n\tat org.openqa.selenium.remote.RemoteWebDriver.execute(RemoteWebDriver.java:541)\n\tat org.openqa.selenium.remote.RemoteWebElement.execute(RemoteWebElement.java:257)\n\tat org.openqa.selenium.remote.RemoteWebElement.click(RemoteWebElement.java:78)\n\tat com.codeborne.selenide.commands.Click.defaultClick(Click.java:97)\n\tat com.codeborne.selenide.commands.Click.click(Click.java:54)\n\tat com.codeborne.selenide.commands.Click.execute(Click.java:31)\n\tat com.codeborne.selenide.commands.Click.execute(Click.java:21)\n\tat com.codeborne.selenide.commands.Commands.execute(Commands.java:157)\n\tat com.codeborne.selenide.impl.SelenideElementProxy.dispatchAndRetry(SelenideElementProxy.java:130)\n\t... 37 more\n","steps":[{"name":"Setting person's data for creation the record","time":{"start":1673011132843,"stop":1673011137597,"duration":4754},"status":"passed","steps":[{"name":"Open Acierto Main Page","time":{"start":1673011132843,"stop":1673011134420,"duration":1577},"status":"passed","steps":[],"attachments":[],"parameters":[],"stepsCount":0,"attachmentsCount":0,"shouldDisplayMessage":false,"hasContent":false},{"name":"Choose insurance details","time":{"start":1673011134420,"stop":1673011134969,"duration":549},"status":"passed","steps":[],"attachments":[],"parameters":[{"name":"locator","value":"90.000€"}],"stepsCount":0,"attachmentsCount":0,"shouldDisplayMessage":false,"hasContent":true},{"name":"Choose insurance details","time":{"start":1673011134969,"stop":1673011135030,"duration":61},"status":"passed","steps":[],"attachments":[],"parameters":[{"name":"locator","value":"Anual"}],"stepsCount":0,"attachmentsCount":0,"shouldDisplayMessage":false,"hasContent":true},{"name":"Click continue button","time":{"start":1673011135030,"stop":1673011135052,"duration":22},"status":"passed","steps":[],"attachments":[],"parameters":[],"stepsCount":0,"attachmentsCount":0,"shouldDisplayMessage":false,"hasContent":false},{"name":"Filling the field birth-date with data 11/10/1967","time":{"start":1673011135052,"stop":1673011135579,"duration":527},"status":"passed","steps":[],"attachments":[],"parameters":[{"name":"locator","value":"birth-date"},{"name":"data","value":"11/10/1967"}],"stepsCount":0,"attachmentsCount":0,"shouldDisplayMessage":false,"hasContent":true},{"name":"Choose insurance details","time":{"start":1673011135579,"stop":1673011135640,"duration":61},"status":"passed","steps":[],"attachments":[],"parameters":[{"name":"locator","value":"Hombre"}],"stepsCount":0,"attachmentsCount":0,"shouldDisplayMessage":false,"hasContent":true},{"name":"Filling the field zip-code with data 28012","time":{"start":1673011135641,"stop":1673011135779,"duration":138},"status":"passed","steps":[],"attachments":[],"parameters":[{"name":"locator","value":"zip-code"},{"name":"data","value":"28012"}],"stepsCount":0,"attachmentsCount":0,"shouldDisplayMessage":false,"hasContent":true},{"name":"Click continue button","time":{"start":1673011135779,"stop":1673011135792,"duration":13},"status":"passed","steps":[],"attachments":[],"parameters":[],"stepsCount":0,"attachmentsCount":0,"shouldDisplayMessage":false,"hasContent":false},{"name":"Filling the field email with data acierto1@mailinator.com","time":{"start":1673011135792,"stop":1673011136349,"duration":557},"status":"passed","steps":[],"attachments":[],"parameters":[{"name":"locator","value":"email"},{"name":"data","value":"acierto1@mailinator.com"}],"stepsCount":0,"attachmentsCount":0,"shouldDisplayMessage":false,"hasContent":true},{"name":"Filling the field phone with data 921002524","time":{"start":1673011136349,"stop":1673011136473,"duration":124},"status":"passed","steps":[],"attachments":[],"parameters":[{"name":"locator","value":"phone"},{"name":"data","value":"921002524"}],"stepsCount":0,"attachmentsCount":0,"shouldDisplayMessage":false,"hasContent":true},{"name":"Click continue button","time":{"start":1673011136473,"stop":1673011136506,"duration":33},"status":"passed","steps":[],"attachments":[],"parameters":[],"stepsCount":0,"attachmentsCount":0,"shouldDisplayMessage":false,"hasContent":false},{"name":"Check that the Page with options for insurance services is opened","time":{"start":1673011136506,"stop":1673011137597,"duration":1091},"status":"passed","steps":[],"attachments":[],"parameters":[],"stepsCount":0,"attachmentsCount":0,"shouldDisplayMessage":false,"hasContent":false}],"attachments":[],"parameters":[{"name":"amount","value":"90.000€"},{"name":"period","value":"Anual"},{"name":"dateOfBirth","value":"11/10/1967"},{"name":"gender","value":"Hombre"},{"name":"zipcode","value":"28012"},{"name":"email","value":"acierto1@mailinator.com"},{"name":"phone","value":"921002524"}],"stepsCount":12,"attachmentsCount":0,"shouldDisplayMessage":false,"hasContent":true},{"name":"Click on the button [I'm Interested] bith the index 4","time":{"start":1673011137597,"stop":1673011158342,"duration":20745},"status":"failed","statusMessage":"Invalid element state [By.xpath: (//button//span[text()='Me interesa'])[4]]: element click intercepted: Element <span class=\"it-btn-text\">...</span> is not clickable at point (1216, 757). Other element would receive the click: <div class=\"comparison-bar flex justify-between align-center w-100pct comparison-bar\" data-v-1a13f36b=\"\" data-v-dc543454=\"\">...</div>\nScreenshot: file:/home/runner/work/AciertoTests/AciertoTests/build/reports/tests/1673011158236.4.png\nPage source: file:/home/runner/work/AciertoTests/AciertoTests/build/reports/tests/1673011158236.4.html\nTimeout: 5 s.\nCaused by: ElementClickInterceptedException: element click intercepted: Element <span class=\"it-btn-text\">...</span> is not clickable at point (1216, 757). Other element would receive the click: <div class=\"comparison-bar flex justify-between align-center w-100pct comparison-bar\" data-v-1a13f36b=\"\" data-v-dc543454=\"\">...</div>","statusTrace":"Invalid element state [By.xpath: (//button//span[text()='Me interesa'])[4]]: element click intercepted: Element <span class=\"it-btn-text\">...</span> is not clickable at point (1216, 757). Other element would receive the click: <div class=\"comparison-bar flex justify-between align-center w-100pct comparison-bar\" data-v-1a13f36b=\"\" data-v-dc543454=\"\">...</div>\nScreenshot: file:/home/runner/work/AciertoTests/AciertoTests/build/reports/tests/1673011158236.4.png\nPage source: file:/home/runner/work/AciertoTests/AciertoTests/build/reports/tests/1673011158236.4.html\nTimeout: 5 s.\nCaused by: ElementClickInterceptedException: element click intercepted: Element <span class=\"it-btn-text\">...</span> is not clickable at point (1216, 757). Other element would receive the click: <div class=\"comparison-bar flex justify-between align-center w-100pct comparison-bar\" data-v-1a13f36b=\"\" data-v-dc543454=\"\">...</div>\n\tat com.codeborne.selenide.impl.ExceptionWrapper.wrap(ExceptionWrapper.java:26)\n\tat com.codeborne.selenide.impl.SelenideElementProxy.dispatchAndRetry(SelenideElementProxy.java:152)\n\tat com.codeborne.selenide.impl.SelenideElementProxy.invoke(SelenideElementProxy.java:82)\n\tat com.sun.proxy.$Proxy34.click(Unknown Source)\n\tat com.itechart.pages.AciertoPage.imInterestedButtonClick(AciertoPage.java:69)\n\tat com.itechart.tests.AciertoTest.aciertoTestFiatcVidaValidation(AciertoTest.java:151)\n\tat java.base/jdk.internal.reflect.NativeMethodAccessorImpl.invoke0(Native Method)\n\tat java.base/jdk.internal.reflect.NativeMethodAccessorImpl.invoke(NativeMethodAccessorImpl.java:62)\n\tat java.base/jdk.internal.reflect.DelegatingMethodAccessorImpl.invoke(DelegatingMethodAccessorImpl.java:43)\n\tat java.base/java.lang.reflect.Method.invoke(Method.java:566)\n\tat org.testng.internal.invokers.MethodInvocationHelper.invokeMethod(MethodInvocationHelper.java:139)\n\tat org.testng.internal.invokers.TestInvoker.invokeMethod(TestInvoker.java:677)\n\tat org.testng.internal.invokers.TestInvoker.invokeTestMethod(TestInvoker.java:221)\n\tat org.testng.internal.invokers.MethodRunner.runInSequence(MethodRunner.java:50)\n\tat org.testng.internal.invokers.TestInvoker$MethodInvocationAgent.invoke(TestInvoker.java:962)\n\tat org.testng.internal.invokers.TestInvoker.invokeTestMethods(TestInvoker.java:194)\n\tat org.testng.internal.invokers.TestMethodWorker.invokeTestMethods(TestMethodWorker.java:148)\n\tat org.testng.internal.invokers.TestMethodWorker.run(TestMethodWorker.java:128)\n\tat java.base/java.util.ArrayList.forEach(ArrayList.java:1541)\n\tat org.testng.TestRunner.privateRun(TestRunner.java:806)\n\tat org.testng.TestRunner.run(TestRunner.java:601)\n\tat org.testng.SuiteRunner.runTest(SuiteRunner.java:433)\n\tat org.testng.SuiteRunner.runSequentially(SuiteRunner.java:427)\n\tat org.testng.SuiteRunner.privateRun(SuiteRunner.java:387)\n\tat org.testng.SuiteRunner.run(SuiteRunner.java:330)\n\tat org.testng.SuiteRunnerWorker.runSuite(SuiteRunnerWorker.java:52)\n\tat org.testng.SuiteRunnerWorker.run(SuiteRunnerWorker.java:95)\n\tat org.testng.TestNG.runSuitesSequentially(TestNG.java:1256)\n\tat org.testng.TestNG.runSuitesLocally(TestNG.java:1176)\n\tat org.testng.TestNG.runSuites(TestNG.java:1099)\n\tat org.testng.TestNG.run(TestNG.java:1067)\n\tat org.apache.maven.surefire.testng.TestNGExecutor.run(TestNGExecutor.java:151)\n\tat org.apache.maven.surefire.testng.TestNGDirectoryTestSuite.executeMulti(TestNGDirectoryTestSuite.java:192)\n\tat org.apache.maven.surefire.testng.TestNGDirectoryTestSuite.execute(TestNGDirectoryTestSuite.java:93)\n\tat org.apache.maven.surefire.testng.TestNGProvider.invoke(TestNGProvider.java:155)\n\tat org.apache.maven.surefire.booter.ForkedBooter.runSuitesInProcess(ForkedBooter.java:456)\n\tat org.apache.maven.surefire.booter.ForkedBooter.execute(ForkedBooter.java:169)\n\tat org.apache.maven.surefire.booter.ForkedBooter.run(ForkedBooter.java:595)\n\tat org.apache.maven.surefire.booter.ForkedBooter.main(ForkedBooter.java:581)\nCaused by: org.openqa.selenium.ElementClickInterceptedException: element click intercepted: Element <span class=\"it-btn-text\">...</span> is not clickable at point (1216, 757). Other element would receive the click: <div class=\"comparison-bar flex justify-between align-center w-100pct comparison-bar\" data-v-1a13f36b=\"\" data-v-dc543454=\"\">...</div>\n  (Session info: headless chrome=108.0.5359.98)\nBuild info: version: '4.6.0', revision: '79f1c02ae20'\nSystem info: os.name: 'Linux', os.arch: 'amd64', os.version: '5.15.0-1024-azure', java.version: '11.0.17'\nDriver info: org.openqa.selenium.chrome.ChromeDriver\nCommand: [6bdeb7a4fef472dd050e1e7945b43601, clickElement {id=15e5fb70-73d0-4a02-b1d2-5d43b578a6d8}]\nCapabilities {acceptInsecureCerts: true, browserName: chrome, browserVersion: 108.0.5359.98, chrome: {chromedriverVersion: 108.0.5359.71 (1e0e3868ee06..., userDataDir: /tmp/.com.google.Chrome.iiq7u5}, goog:chromeOptions: {debuggerAddress: localhost:33629}, networkConnectionEnabled: false, pageLoadStrategy: normal, platformName: LINUX, proxy: Proxy(), se:cdp: ws://localhost:33629/devtoo..., se:cdpVersion: 108.0.5359.98, setWindowRect: true, strictFileInteractability: false, timeouts: {implicit: 0, pageLoad: 300000, script: 30000}, unhandledPromptBehavior: accept, webauthn:extension:credBlob: true, webauthn:extension:largeBlob: true, webauthn:virtualAuthenticators: true}\nElement: [[ChromeDriver: chrome on LINUX (6bdeb7a4fef472dd050e1e7945b43601)] -> xpath: (//button//span[text()='Me interesa'])[4]]\nSession ID: 6bdeb7a4fef472dd050e1e7945b43601\n\tat java.base/jdk.internal.reflect.NativeConstructorAccessorImpl.newInstance0(Native Method)\n\tat java.base/jdk.internal.reflect.NativeConstructorAccessorImpl.newInstance(NativeConstructorAccessorImpl.java:62)\n\tat java.base/jdk.internal.reflect.DelegatingConstructorAccessorImpl.newInstance(DelegatingConstructorAccessorImpl.java:45)\n\tat java.base/java.lang.reflect.Constructor.newInstance(Constructor.java:490)\n\tat org.openqa.selenium.remote.codec.w3c.W3CHttpResponseCodec.createException(W3CHttpResponseCodec.java:200)\n\tat org.openqa.selenium.remote.codec.w3c.W3CHttpResponseCodec.decode(W3CHttpResponseCodec.java:133)\n\tat org.openqa.selenium.remote.codec.w3c.W3CHttpResponseCodec.decode(W3CHttpResponseCodec.java:53)\n\tat org.openqa.selenium.remote.HttpCommandExecutor.execute(HttpCommandExecutor.java:184)\n\tat org.openqa.selenium.remote.service.DriverCommandExecutor.invokeExecute(DriverCommandExecutor.java:167)\n\tat org.openqa.selenium.remote.service.DriverCommandExecutor.execute(DriverCommandExecutor.java:142)\n\tat org.openqa.selenium.remote.RemoteWebDriver.execute(RemoteWebDriver.java:541)\n\tat org.openqa.selenium.remote.RemoteWebElement.execute(RemoteWebElement.java:257)\n\tat org.openqa.selenium.remote.RemoteWebElement.click(RemoteWebElement.java:78)\n\tat com.codeborne.selenide.commands.Click.defaultClick(Click.java:97)\n\tat com.codeborne.selenide.commands.Click.click(Click.java:54)\n\tat com.codeborne.selenide.commands.Click.execute(Click.java:31)\n\tat com.codeborne.selenide.commands.Click.execute(Click.java:21)\n\tat com.codeborne.selenide.commands.Commands.execute(Commands.java:157)\n\tat com.codeborne.selenide.impl.SelenideElementProxy.dispatchAndRetry(SelenideElementProxy.java:130)\n\t... 37 more\n","steps":[],"attachments":[],"parameters":[{"name":"index","value":"4"}],"stepsCount":0,"attachmentsCount":0,"shouldDisplayMessage":true,"hasContent":true}],"attachments":[],"parameters":[],"stepsCount":14,"attachmentsCount":0,"shouldDisplayMessage":false,"hasContent":true},"afterStages":[{"name":"Close browser","time":{"start":1673011158441,"stop":1673011158546,"duration":105},"description":"Close browser","status":"passed","steps":[],"attachments":[],"parameters":[],"stepsCount":0,"attachmentsCount":0,"shouldDisplayMessage":false,"hasContent":false}],"labels":[{"name":"package","value":"com.itechart.tests.AciertoTest"},{"name":"testClass","value":"com.itechart.tests.AciertoTest"},{"name":"testMethod","value":"aciertoTestFiatcVidaValidation"},{"name":"parentSuite","value":"Surefire suite"},{"name":"suite","value":"Surefire test"},{"name":"subSuite","value":"com.itechart.tests.AciertoTest"},{"name":"host","value":"fv-az180-229"},{"name":"thread","value":"2375@fv-az180-229.main(1)"},{"name":"framework","value":"testng"},{"name":"language","value":"java"},{"name":"resultFormat","value":"allure2"}],"parameters":[],"links":[],"hidden":false,"retry":false,"extra":{"severity":"normal","retries":[],"categories":[{"name":"Product defects","matchedStatuses":[],"flaky":false}],"history":{"statistic":{"failed":2,"broken":0,"skipped":0,"passed":0,"unknown":0,"total":2},"items":[{"uid":"5989bf831271a3bd","reportUrl":"https://6870064.github.io/AciertoTests/36//#testresult/5989bf831271a3bd","status":"failed","statusDetails":"Invalid element state [By.xpath: (//button//span[text()='Me interesa'])[4]]: element click intercepted: Element <span class=\"it-btn-text\">...</span> is not clickable at point (1216, 757). Other element would receive the click: <div class=\"comparison-bar flex justify-between align-center w-100pct comparison-bar\" data-v-1a13f36b=\"\" data-v-dc543454=\"\">...</div>\nScreenshot: file:/home/runner/work/AciertoTests/AciertoTests/build/reports/tests/1673010314842.4.png\nPage source: file:/home/runner/work/AciertoTests/AciertoTests/build/reports/tests/1673010314842.4.html\nTimeout: 5 s.\nCaused by: ElementClickInterceptedException: element click intercepted: Element <span class=\"it-btn-text\">...</span> is not clickable at point (1216, 757). Other element would receive the click: <div class=\"comparison-bar flex justify-between align-center w-100pct comparison-bar\" data-v-1a13f36b=\"\" data-v-dc543454=\"\">...</div>","time":{"start":1673010288062,"stop":1673010314971,"duration":26909}}]},"tags":[]},"source":"998db68b192ce0a8.json","parameterValues":[]}