{"uid":"c8dac2303d009f81","name":"Click Call Me on comparison detail page","fullName":"com.itechart.tests.AciertoCallMeTest.acietroCallMeComparisonPage","historyId":"14845b1c4e1efb5a7502e0030d52bba0","time":{"start":1677840248368,"stop":1677840276320,"duration":27952},"status":"skipped","statusMessage":"Element not found {By.xpath: //*[contains(@class, 'slds-page-header')]//ancestor::lightning-primitive-icon/*[@data-key='home']}\nExpected: visible\nScreenshot: file:/home/runner/work/AciertoTests/AciertoTests/build/reports/tests/1677840275756.31.png\nPage source: file:/home/runner/work/AciertoTests/AciertoTests/build/reports/tests/1677840275756.31.html\nTimeout: 10 s.\nCaused by: NoSuchElementException: no such element: Unable to locate element: {\"method\":\"xpath\",\"selector\":\"//*[contains(@class, 'slds-page-header')]//ancestor::lightning-primitive-icon/*[@data-key='home']\"}","statusTrace":"Element not found {By.xpath: //*[contains(@class, 'slds-page-header')]//ancestor::lightning-primitive-icon/*[@data-key='home']}\nExpected: visible\nScreenshot: file:/home/runner/work/AciertoTests/AciertoTests/build/reports/tests/1677840275756.31.png\nPage source: file:/home/runner/work/AciertoTests/AciertoTests/build/reports/tests/1677840275756.31.html\nTimeout: 10 s.\nCaused by: NoSuchElementException: no such element: Unable to locate element: {\"method\":\"xpath\",\"selector\":\"//*[contains(@class, 'slds-page-header')]//ancestor::lightning-primitive-icon/*[@data-key='home']\"}\n\tat com.codeborne.selenide.impl.WebElementSource.createElementNotFoundError(WebElementSource.java:87)\n\tat com.codeborne.selenide.impl.ElementFinder.createElementNotFoundError(ElementFinder.java:138)\n\tat com.codeborne.selenide.impl.WebElementSource.checkConditionAndReturnElement(WebElementSource.java:129)\n\tat com.codeborne.selenide.impl.WebElementSource.checkCondition(WebElementSource.java:98)\n\tat com.codeborne.selenide.commands.Should.execute(Should.java:30)\n\tat com.codeborne.selenide.commands.Should.execute(Should.java:14)\n\tat com.codeborne.selenide.commands.Commands.execute(Commands.java:157)\n\tat com.codeborne.selenide.impl.SelenideElementProxy.dispatchAndRetry(SelenideElementProxy.java:130)\n\tat com.codeborne.selenide.impl.SelenideElementProxy.invoke(SelenideElementProxy.java:82)\n\tat com.sun.proxy.$Proxy30.shouldBe(Unknown Source)\n\tat io.github.dzmitryrak.pages.HomePage.waitTillOpened(HomePage.java:29)\n\tat io.github.dzmitryrak.pages.LoginPage.login(LoginPage.java:54)\n\tat com.itechart.tests.AciertoCallMeTest.acietroCallMeComparisonPage(AciertoCallMeTest.java:256)\n\tat java.base/jdk.internal.reflect.NativeMethodAccessorImpl.invoke0(Native Method)\n\tat java.base/jdk.internal.reflect.NativeMethodAccessorImpl.invoke(NativeMethodAccessorImpl.java:62)\n\tat java.base/jdk.internal.reflect.DelegatingMethodAccessorImpl.invoke(DelegatingMethodAccessorImpl.java:43)\n\tat java.base/java.lang.reflect.Method.invoke(Method.java:566)\n\tat org.testng.internal.invokers.MethodInvocationHelper.invokeMethod(MethodInvocationHelper.java:139)\n\tat org.testng.internal.invokers.TestInvoker.invokeMethod(TestInvoker.java:677)\n\tat org.testng.internal.invokers.TestInvoker.retryFailed(TestInvoker.java:263)\n\tat org.testng.internal.invokers.MethodRunner.runInSequence(MethodRunner.java:62)\n\tat org.testng.internal.invokers.TestInvoker$MethodInvocationAgent.invoke(TestInvoker.java:962)\n\tat org.testng.internal.invokers.TestInvoker.invokeTestMethods(TestInvoker.java:194)\n\tat org.testng.internal.invokers.TestMethodWorker.invokeTestMethods(TestMethodWorker.java:148)\n\tat org.testng.internal.invokers.TestMethodWorker.run(TestMethodWorker.java:128)\n\tat java.base/java.util.ArrayList.forEach(ArrayList.java:1541)\n\tat org.testng.TestRunner.privateRun(TestRunner.java:806)\n\tat org.testng.TestRunner.run(TestRunner.java:601)\n\tat org.testng.SuiteRunner.runTest(SuiteRunner.java:433)\n\tat org.testng.SuiteRunner.runSequentially(SuiteRunner.java:427)\n\tat org.testng.SuiteRunner.privateRun(SuiteRunner.java:387)\n\tat org.testng.SuiteRunner.run(SuiteRunner.java:330)\n\tat org.testng.SuiteRunnerWorker.runSuite(SuiteRunnerWorker.java:52)\n\tat org.testng.SuiteRunnerWorker.run(SuiteRunnerWorker.java:95)\n\tat org.testng.TestNG.runSuitesSequentially(TestNG.java:1256)\n\tat org.testng.TestNG.runSuitesLocally(TestNG.java:1176)\n\tat org.testng.TestNG.runSuites(TestNG.java:1099)\n\tat org.testng.TestNG.run(TestNG.java:1067)\n\tat org.apache.maven.surefire.testng.TestNGExecutor.run(TestNGExecutor.java:324)\n\tat org.apache.maven.surefire.testng.TestNGXmlTestSuite.execute(TestNGXmlTestSuite.java:74)\n\tat org.apache.maven.surefire.testng.TestNGProvider.invoke(TestNGProvider.java:123)\n\tat org.apache.maven.surefire.booter.ForkedBooter.runSuitesInProcess(ForkedBooter.java:456)\n\tat org.apache.maven.surefire.booter.ForkedBooter.execute(ForkedBooter.java:169)\n\tat org.apache.maven.surefire.booter.ForkedBooter.run(ForkedBooter.java:595)\n\tat org.apache.maven.surefire.booter.ForkedBooter.main(ForkedBooter.java:581)\nCaused by: org.openqa.selenium.NoSuchElementException: no such element: Unable to locate element: {\"method\":\"xpath\",\"selector\":\"//*[contains(@class, 'slds-page-header')]//ancestor::lightning-primitive-icon/*[@data-key='home']\"}\n  (Session info: headless chrome=110.0.5481.177)\nFor documentation on this error, please visit: https://selenium.dev/exceptions/#no_such_element\nBuild info: version: '4.6.0', revision: '79f1c02ae20'\nSystem info: os.name: 'Linux', os.arch: 'amd64', os.version: '5.15.0-1033-azure', java.version: '11.0.18'\nDriver info: org.openqa.selenium.chrome.ChromeDriver\nCommand: [ab24cb312cbfc4980b2119b5ddeda6a9, findElement {using=xpath, value=//*[contains(@class, 'slds-page-header')]//ancestor::lightning-primitive-icon/*[@data-key='home']}]\nCapabilities {acceptInsecureCerts: true, browserName: chrome, browserVersion: 110.0.5481.177, chrome: {chromedriverVersion: 110.0.5481.77 (65ed616c6e8e..., userDataDir: /tmp/.com.google.Chrome.hPlof8}, goog:chromeOptions: {debuggerAddress: localhost:36137}, networkConnectionEnabled: false, pageLoadStrategy: normal, platformName: LINUX, proxy: Proxy(), se:cdp: ws://localhost:36137/devtoo..., se:cdpVersion: 110.0.5481.177, setWindowRect: true, strictFileInteractability: false, timeouts: {implicit: 0, pageLoad: 300000, script: 30000}, unhandledPromptBehavior: accept, webauthn:extension:credBlob: true, webauthn:extension:largeBlob: true, webauthn:virtualAuthenticators: true}\nSession ID: ab24cb312cbfc4980b2119b5ddeda6a9\n\tat jdk.internal.reflect.GeneratedConstructorAccessor23.newInstance(Unknown Source)\n\tat java.base/jdk.internal.reflect.DelegatingConstructorAccessorImpl.newInstance(DelegatingConstructorAccessorImpl.java:45)\n\tat java.base/java.lang.reflect.Constructor.newInstance(Constructor.java:490)\n\tat org.openqa.selenium.remote.codec.w3c.W3CHttpResponseCodec.createException(W3CHttpResponseCodec.java:200)\n\tat org.openqa.selenium.remote.codec.w3c.W3CHttpResponseCodec.decode(W3CHttpResponseCodec.java:133)\n\tat org.openqa.selenium.remote.codec.w3c.W3CHttpResponseCodec.decode(W3CHttpResponseCodec.java:53)\n\tat org.openqa.selenium.remote.HttpCommandExecutor.execute(HttpCommandExecutor.java:184)\n\tat org.openqa.selenium.remote.service.DriverCommandExecutor.invokeExecute(DriverCommandExecutor.java:167)\n\tat org.openqa.selenium.remote.service.DriverCommandExecutor.execute(DriverCommandExecutor.java:142)\n\tat org.openqa.selenium.remote.RemoteWebDriver.execute(RemoteWebDriver.java:541)\n\tat org.openqa.selenium.remote.ElementLocation$ElementFinder$2.findElement(ElementLocation.java:162)\n\tat org.openqa.selenium.remote.ElementLocation.findElement(ElementLocation.java:60)\n\tat org.openqa.selenium.remote.RemoteWebDriver.findElement(RemoteWebDriver.java:365)\n\tat org.openqa.selenium.remote.RemoteWebDriver.findElement(RemoteWebDriver.java:357)\n\tat com.codeborne.selenide.impl.WebElementSelector.findElement(WebElementSelector.java:70)\n\tat com.codeborne.selenide.impl.WebElementSelector.findElement(WebElementSelector.java:44)\n\tat com.codeborne.selenide.impl.WebElementSelector.findElement(WebElementSelector.java:33)\n\tat com.codeborne.selenide.impl.ElementFinder.getWebElement(ElementFinder.java:118)\n\tat com.codeborne.selenide.impl.WebElementSource.checkConditionAndReturnElement(WebElementSource.java:110)\n\t... 42 more\n","flaky":false,"newFailed":false,"newBroken":false,"newPassed":false,"retriesCount":0,"retriesStatusChange":false,"beforeStages":[{"name":"Open browser","time":{"start":1677840248098,"stop":1677840248367,"duration":269},"description":"Open browser","status":"passed","steps":[],"attachments":[],"parameters":[],"stepsCount":0,"attachmentsCount":0,"shouldDisplayMessage":false,"hasContent":false}],"testStage":{"status":"skipped","statusMessage":"Element not found {By.xpath: //*[contains(@class, 'slds-page-header')]//ancestor::lightning-primitive-icon/*[@data-key='home']}\nExpected: visible\nScreenshot: file:/home/runner/work/AciertoTests/AciertoTests/build/reports/tests/1677840275756.31.png\nPage source: file:/home/runner/work/AciertoTests/AciertoTests/build/reports/tests/1677840275756.31.html\nTimeout: 10 s.\nCaused by: NoSuchElementException: no such element: Unable to locate element: {\"method\":\"xpath\",\"selector\":\"//*[contains(@class, 'slds-page-header')]//ancestor::lightning-primitive-icon/*[@data-key='home']\"}","statusTrace":"Element not found {By.xpath: //*[contains(@class, 'slds-page-header')]//ancestor::lightning-primitive-icon/*[@data-key='home']}\nExpected: visible\nScreenshot: file:/home/runner/work/AciertoTests/AciertoTests/build/reports/tests/1677840275756.31.png\nPage source: file:/home/runner/work/AciertoTests/AciertoTests/build/reports/tests/1677840275756.31.html\nTimeout: 10 s.\nCaused by: NoSuchElementException: no such element: Unable to locate element: {\"method\":\"xpath\",\"selector\":\"//*[contains(@class, 'slds-page-header')]//ancestor::lightning-primitive-icon/*[@data-key='home']\"}\n\tat com.codeborne.selenide.impl.WebElementSource.createElementNotFoundError(WebElementSource.java:87)\n\tat com.codeborne.selenide.impl.ElementFinder.createElementNotFoundError(ElementFinder.java:138)\n\tat com.codeborne.selenide.impl.WebElementSource.checkConditionAndReturnElement(WebElementSource.java:129)\n\tat com.codeborne.selenide.impl.WebElementSource.checkCondition(WebElementSource.java:98)\n\tat com.codeborne.selenide.commands.Should.execute(Should.java:30)\n\tat com.codeborne.selenide.commands.Should.execute(Should.java:14)\n\tat com.codeborne.selenide.commands.Commands.execute(Commands.java:157)\n\tat com.codeborne.selenide.impl.SelenideElementProxy.dispatchAndRetry(SelenideElementProxy.java:130)\n\tat com.codeborne.selenide.impl.SelenideElementProxy.invoke(SelenideElementProxy.java:82)\n\tat com.sun.proxy.$Proxy30.shouldBe(Unknown Source)\n\tat io.github.dzmitryrak.pages.HomePage.waitTillOpened(HomePage.java:29)\n\tat io.github.dzmitryrak.pages.LoginPage.login(LoginPage.java:54)\n\tat com.itechart.tests.AciertoCallMeTest.acietroCallMeComparisonPage(AciertoCallMeTest.java:256)\n\tat java.base/jdk.internal.reflect.NativeMethodAccessorImpl.invoke0(Native Method)\n\tat java.base/jdk.internal.reflect.NativeMethodAccessorImpl.invoke(NativeMethodAccessorImpl.java:62)\n\tat java.base/jdk.internal.reflect.DelegatingMethodAccessorImpl.invoke(DelegatingMethodAccessorImpl.java:43)\n\tat java.base/java.lang.reflect.Method.invoke(Method.java:566)\n\tat org.testng.internal.invokers.MethodInvocationHelper.invokeMethod(MethodInvocationHelper.java:139)\n\tat org.testng.internal.invokers.TestInvoker.invokeMethod(TestInvoker.java:677)\n\tat org.testng.internal.invokers.TestInvoker.retryFailed(TestInvoker.java:263)\n\tat org.testng.internal.invokers.MethodRunner.runInSequence(MethodRunner.java:62)\n\tat org.testng.internal.invokers.TestInvoker$MethodInvocationAgent.invoke(TestInvoker.java:962)\n\tat org.testng.internal.invokers.TestInvoker.invokeTestMethods(TestInvoker.java:194)\n\tat org.testng.internal.invokers.TestMethodWorker.invokeTestMethods(TestMethodWorker.java:148)\n\tat org.testng.internal.invokers.TestMethodWorker.run(TestMethodWorker.java:128)\n\tat java.base/java.util.ArrayList.forEach(ArrayList.java:1541)\n\tat org.testng.TestRunner.privateRun(TestRunner.java:806)\n\tat org.testng.TestRunner.run(TestRunner.java:601)\n\tat org.testng.SuiteRunner.runTest(SuiteRunner.java:433)\n\tat org.testng.SuiteRunner.runSequentially(SuiteRunner.java:427)\n\tat org.testng.SuiteRunner.privateRun(SuiteRunner.java:387)\n\tat org.testng.SuiteRunner.run(SuiteRunner.java:330)\n\tat org.testng.SuiteRunnerWorker.runSuite(SuiteRunnerWorker.java:52)\n\tat org.testng.SuiteRunnerWorker.run(SuiteRunnerWorker.java:95)\n\tat org.testng.TestNG.runSuitesSequentially(TestNG.java:1256)\n\tat org.testng.TestNG.runSuitesLocally(TestNG.java:1176)\n\tat org.testng.TestNG.runSuites(TestNG.java:1099)\n\tat org.testng.TestNG.run(TestNG.java:1067)\n\tat org.apache.maven.surefire.testng.TestNGExecutor.run(TestNGExecutor.java:324)\n\tat org.apache.maven.surefire.testng.TestNGXmlTestSuite.execute(TestNGXmlTestSuite.java:74)\n\tat org.apache.maven.surefire.testng.TestNGProvider.invoke(TestNGProvider.java:123)\n\tat org.apache.maven.surefire.booter.ForkedBooter.runSuitesInProcess(ForkedBooter.java:456)\n\tat org.apache.maven.surefire.booter.ForkedBooter.execute(ForkedBooter.java:169)\n\tat org.apache.maven.surefire.booter.ForkedBooter.run(ForkedBooter.java:595)\n\tat org.apache.maven.surefire.booter.ForkedBooter.main(ForkedBooter.java:581)\nCaused by: org.openqa.selenium.NoSuchElementException: no such element: Unable to locate element: {\"method\":\"xpath\",\"selector\":\"//*[contains(@class, 'slds-page-header')]//ancestor::lightning-primitive-icon/*[@data-key='home']\"}\n  (Session info: headless chrome=110.0.5481.177)\nFor documentation on this error, please visit: https://selenium.dev/exceptions/#no_such_element\nBuild info: version: '4.6.0', revision: '79f1c02ae20'\nSystem info: os.name: 'Linux', os.arch: 'amd64', os.version: '5.15.0-1033-azure', java.version: '11.0.18'\nDriver info: org.openqa.selenium.chrome.ChromeDriver\nCommand: [ab24cb312cbfc4980b2119b5ddeda6a9, findElement {using=xpath, value=//*[contains(@class, 'slds-page-header')]//ancestor::lightning-primitive-icon/*[@data-key='home']}]\nCapabilities {acceptInsecureCerts: true, browserName: chrome, browserVersion: 110.0.5481.177, chrome: {chromedriverVersion: 110.0.5481.77 (65ed616c6e8e..., userDataDir: /tmp/.com.google.Chrome.hPlof8}, goog:chromeOptions: {debuggerAddress: localhost:36137}, networkConnectionEnabled: false, pageLoadStrategy: normal, platformName: LINUX, proxy: Proxy(), se:cdp: ws://localhost:36137/devtoo..., se:cdpVersion: 110.0.5481.177, setWindowRect: true, strictFileInteractability: false, timeouts: {implicit: 0, pageLoad: 300000, script: 30000}, unhandledPromptBehavior: accept, webauthn:extension:credBlob: true, webauthn:extension:largeBlob: true, webauthn:virtualAuthenticators: true}\nSession ID: ab24cb312cbfc4980b2119b5ddeda6a9\n\tat jdk.internal.reflect.GeneratedConstructorAccessor23.newInstance(Unknown Source)\n\tat java.base/jdk.internal.reflect.DelegatingConstructorAccessorImpl.newInstance(DelegatingConstructorAccessorImpl.java:45)\n\tat java.base/java.lang.reflect.Constructor.newInstance(Constructor.java:490)\n\tat org.openqa.selenium.remote.codec.w3c.W3CHttpResponseCodec.createException(W3CHttpResponseCodec.java:200)\n\tat org.openqa.selenium.remote.codec.w3c.W3CHttpResponseCodec.decode(W3CHttpResponseCodec.java:133)\n\tat org.openqa.selenium.remote.codec.w3c.W3CHttpResponseCodec.decode(W3CHttpResponseCodec.java:53)\n\tat org.openqa.selenium.remote.HttpCommandExecutor.execute(HttpCommandExecutor.java:184)\n\tat org.openqa.selenium.remote.service.DriverCommandExecutor.invokeExecute(DriverCommandExecutor.java:167)\n\tat org.openqa.selenium.remote.service.DriverCommandExecutor.execute(DriverCommandExecutor.java:142)\n\tat org.openqa.selenium.remote.RemoteWebDriver.execute(RemoteWebDriver.java:541)\n\tat org.openqa.selenium.remote.ElementLocation$ElementFinder$2.findElement(ElementLocation.java:162)\n\tat org.openqa.selenium.remote.ElementLocation.findElement(ElementLocation.java:60)\n\tat org.openqa.selenium.remote.RemoteWebDriver.findElement(RemoteWebDriver.java:365)\n\tat org.openqa.selenium.remote.RemoteWebDriver.findElement(RemoteWebDriver.java:357)\n\tat com.codeborne.selenide.impl.WebElementSelector.findElement(WebElementSelector.java:70)\n\tat com.codeborne.selenide.impl.WebElementSelector.findElement(WebElementSelector.java:44)\n\tat com.codeborne.selenide.impl.WebElementSelector.findElement(WebElementSelector.java:33)\n\tat com.codeborne.selenide.impl.ElementFinder.getWebElement(ElementFinder.java:118)\n\tat com.codeborne.selenide.impl.WebElementSource.checkConditionAndReturnElement(WebElementSource.java:110)\n\t... 42 more\n","steps":[{"name":"Setting person's data for creation the record","time":{"start":1677840248386,"stop":1677840252841,"duration":4455},"status":"passed","steps":[{"name":"Open Acierto Main Page","time":{"start":1677840248386,"stop":1677840249958,"duration":1572},"status":"passed","steps":[],"attachments":[],"parameters":[],"stepsCount":0,"attachmentsCount":0,"shouldDisplayMessage":false,"hasContent":false},{"name":"Choose insurance details","time":{"start":1677840249958,"stop":1677840250431,"duration":473},"status":"passed","steps":[],"attachments":[],"parameters":[{"name":"locator","value":"90.000€"}],"stepsCount":0,"attachmentsCount":0,"shouldDisplayMessage":false,"hasContent":true},{"name":"Choose insurance details","time":{"start":1677840250431,"stop":1677840250466,"duration":35},"status":"passed","steps":[],"attachments":[],"parameters":[{"name":"locator","value":"Anual"}],"stepsCount":0,"attachmentsCount":0,"shouldDisplayMessage":false,"hasContent":true},{"name":"Click continue button","time":{"start":1677840250466,"stop":1677840250487,"duration":21},"status":"passed","steps":[],"attachments":[],"parameters":[],"stepsCount":0,"attachmentsCount":0,"shouldDisplayMessage":false,"hasContent":false},{"name":"Check that the page with the text Fecha de nacimiento is opened","time":{"start":1677840250487,"stop":1677840250926,"duration":439},"status":"passed","steps":[],"attachments":[],"parameters":[{"name":"data","value":"Fecha de nacimiento"}],"stepsCount":0,"attachmentsCount":0,"shouldDisplayMessage":false,"hasContent":true},{"name":"Filling the field birth-date with data 11/10/1967","time":{"start":1677840250926,"stop":1677840251025,"duration":99},"status":"passed","steps":[],"attachments":[],"parameters":[{"name":"locator","value":"birth-date"},{"name":"data","value":"11/10/1967"}],"stepsCount":0,"attachmentsCount":0,"shouldDisplayMessage":false,"hasContent":true},{"name":"Choose insurance details","time":{"start":1677840251025,"stop":1677840251060,"duration":35},"status":"passed","steps":[],"attachments":[],"parameters":[{"name":"locator","value":"Hombre"}],"stepsCount":0,"attachmentsCount":0,"shouldDisplayMessage":false,"hasContent":true},{"name":"Filling the field zip-code with data 28012","time":{"start":1677840251060,"stop":1677840251197,"duration":137},"status":"passed","steps":[],"attachments":[],"parameters":[{"name":"locator","value":"zip-code"},{"name":"data","value":"28012"}],"stepsCount":0,"attachmentsCount":0,"shouldDisplayMessage":false,"hasContent":true},{"name":"Click continue button","time":{"start":1677840251197,"stop":1677840251211,"duration":14},"status":"passed","steps":[],"attachments":[],"parameters":[],"stepsCount":0,"attachmentsCount":0,"shouldDisplayMessage":false,"hasContent":false},{"name":"Filling the field email with data madelyn.schneider@gmail.com","time":{"start":1677840251211,"stop":1677840251787,"duration":576},"status":"passed","steps":[],"attachments":[],"parameters":[{"name":"locator","value":"email"},{"name":"data","value":"madelyn.schneider@gmail.com"}],"stepsCount":0,"attachmentsCount":0,"shouldDisplayMessage":false,"hasContent":true},{"name":"Filling the field phone with data 929975797","time":{"start":1677840251787,"stop":1677840251902,"duration":115},"status":"passed","steps":[],"attachments":[],"parameters":[{"name":"locator","value":"phone"},{"name":"data","value":"929975797"}],"stepsCount":0,"attachmentsCount":0,"shouldDisplayMessage":false,"hasContent":true},{"name":"Click continue button","time":{"start":1677840251902,"stop":1677840251919,"duration":17},"status":"passed","steps":[],"attachments":[],"parameters":[],"stepsCount":0,"attachmentsCount":0,"shouldDisplayMessage":false,"hasContent":false},{"name":"Check that the Page with options for insurance services is opened","time":{"start":1677840251919,"stop":1677840252841,"duration":922},"status":"passed","steps":[],"attachments":[],"parameters":[],"stepsCount":0,"attachmentsCount":0,"shouldDisplayMessage":false,"hasContent":false}],"attachments":[],"parameters":[{"name":"amount","value":"90.000€"},{"name":"period","value":"Anual"},{"name":"personalData","value":"Fecha de nacimiento"},{"name":"dateOfBirth","value":"11/10/1967"},{"name":"gender","value":"Hombre"},{"name":"zipcode","value":"28012"},{"name":"email","value":"madelyn.schneider@gmail.com"},{"name":"phone","value":"929975797"}],"stepsCount":13,"attachmentsCount":0,"shouldDisplayMessage":false,"hasContent":true},{"name":"Select 2 record","time":{"start":1677840252841,"stop":1677840263170,"duration":10329},"status":"passed","steps":[],"attachments":[],"parameters":[{"name":"index","value":"2"}],"stepsCount":0,"attachmentsCount":0,"shouldDisplayMessage":false,"hasContent":true},{"name":"Click [Comparar] button","time":{"start":1677840263170,"stop":1677840263224,"duration":54},"status":"passed","steps":[],"attachments":[],"parameters":[],"stepsCount":0,"attachmentsCount":0,"shouldDisplayMessage":false,"hasContent":false},{"name":"callMeOnThisPhoneButtonClick","time":{"start":1677840263224,"stop":1677840263305,"duration":81},"status":"passed","steps":[],"attachments":[],"parameters":[{"name":"indexButton","value":"1"}],"stepsCount":0,"attachmentsCount":0,"shouldDisplayMessage":false,"hasContent":true},{"name":"isFunnelCallModalDisplayed","time":{"start":1677840263305,"stop":1677840263326,"duration":21},"status":"passed","steps":[],"attachments":[],"parameters":[],"stepsCount":0,"attachmentsCount":0,"shouldDisplayMessage":false,"hasContent":false},{"name":"callMeOnThisPhoneButtonClick","time":{"start":1677840263326,"stop":1677840263425,"duration":99},"status":"passed","steps":[],"attachments":[],"parameters":[{"name":"indexButton","value":"2"}],"stepsCount":0,"attachmentsCount":0,"shouldDisplayMessage":false,"hasContent":true},{"name":"Click on [Close] button on Grateful modal","time":{"start":1677840263425,"stop":1677840263688,"duration":263},"status":"passed","steps":[],"attachments":[],"parameters":[],"stepsCount":0,"attachmentsCount":0,"shouldDisplayMessage":false,"hasContent":false},{"name":"Closing window acierto to avoid displaying pop up 'Leave the page'","time":{"start":1677840263688,"stop":1677840263748,"duration":60},"status":"passed","steps":[],"attachments":[],"parameters":[],"stepsCount":0,"attachmentsCount":0,"shouldDisplayMessage":false,"hasContent":false},{"name":"Open Login Page","time":{"start":1677840263748,"stop":1677840265111,"duration":1363},"status":"passed","steps":[],"attachments":[],"parameters":[],"stepsCount":0,"attachmentsCount":0,"shouldDisplayMessage":false,"hasContent":false},{"name":"Login by user: testfoagent1@gmail.com.acierto.staging","time":{"start":1677840265111,"stop":1677840276319,"duration":11208},"status":"failed","statusMessage":"Element not found {By.xpath: //*[contains(@class, 'slds-page-header')]//ancestor::lightning-primitive-icon/*[@data-key='home']}\nExpected: visible\nScreenshot: file:/home/runner/work/AciertoTests/AciertoTests/build/reports/tests/1677840275756.31.png\nPage source: file:/home/runner/work/AciertoTests/AciertoTests/build/reports/tests/1677840275756.31.html\nTimeout: 10 s.\nCaused by: NoSuchElementException: no such element: Unable to locate element: {\"method\":\"xpath\",\"selector\":\"//*[contains(@class, 'slds-page-header')]//ancestor::lightning-primitive-icon/*[@data-key='home']\"}","statusTrace":"Element not found {By.xpath: //*[contains(@class, 'slds-page-header')]//ancestor::lightning-primitive-icon/*[@data-key='home']}\nExpected: visible\nScreenshot: file:/home/runner/work/AciertoTests/AciertoTests/build/reports/tests/1677840275756.31.png\nPage source: file:/home/runner/work/AciertoTests/AciertoTests/build/reports/tests/1677840275756.31.html\nTimeout: 10 s.\nCaused by: NoSuchElementException: no such element: Unable to locate element: {\"method\":\"xpath\",\"selector\":\"//*[contains(@class, 'slds-page-header')]//ancestor::lightning-primitive-icon/*[@data-key='home']\"}\n\tat com.codeborne.selenide.impl.WebElementSource.createElementNotFoundError(WebElementSource.java:87)\n\tat com.codeborne.selenide.impl.ElementFinder.createElementNotFoundError(ElementFinder.java:138)\n\tat com.codeborne.selenide.impl.WebElementSource.checkConditionAndReturnElement(WebElementSource.java:129)\n\tat com.codeborne.selenide.impl.WebElementSource.checkCondition(WebElementSource.java:98)\n\tat com.codeborne.selenide.commands.Should.execute(Should.java:30)\n\tat com.codeborne.selenide.commands.Should.execute(Should.java:14)\n\tat com.codeborne.selenide.commands.Commands.execute(Commands.java:157)\n\tat com.codeborne.selenide.impl.SelenideElementProxy.dispatchAndRetry(SelenideElementProxy.java:130)\n\tat com.codeborne.selenide.impl.SelenideElementProxy.invoke(SelenideElementProxy.java:82)\n\tat com.sun.proxy.$Proxy30.shouldBe(Unknown Source)\n\tat io.github.dzmitryrak.pages.HomePage.waitTillOpened(HomePage.java:29)\n\tat io.github.dzmitryrak.pages.LoginPage.login(LoginPage.java:54)\n\tat com.itechart.tests.AciertoCallMeTest.acietroCallMeComparisonPage(AciertoCallMeTest.java:256)\n\tat java.base/jdk.internal.reflect.NativeMethodAccessorImpl.invoke0(Native Method)\n\tat java.base/jdk.internal.reflect.NativeMethodAccessorImpl.invoke(NativeMethodAccessorImpl.java:62)\n\tat java.base/jdk.internal.reflect.DelegatingMethodAccessorImpl.invoke(DelegatingMethodAccessorImpl.java:43)\n\tat java.base/java.lang.reflect.Method.invoke(Method.java:566)\n\tat org.testng.internal.invokers.MethodInvocationHelper.invokeMethod(MethodInvocationHelper.java:139)\n\tat org.testng.internal.invokers.TestInvoker.invokeMethod(TestInvoker.java:677)\n\tat org.testng.internal.invokers.TestInvoker.retryFailed(TestInvoker.java:263)\n\tat org.testng.internal.invokers.MethodRunner.runInSequence(MethodRunner.java:62)\n\tat org.testng.internal.invokers.TestInvoker$MethodInvocationAgent.invoke(TestInvoker.java:962)\n\tat org.testng.internal.invokers.TestInvoker.invokeTestMethods(TestInvoker.java:194)\n\tat org.testng.internal.invokers.TestMethodWorker.invokeTestMethods(TestMethodWorker.java:148)\n\tat org.testng.internal.invokers.TestMethodWorker.run(TestMethodWorker.java:128)\n\tat java.base/java.util.ArrayList.forEach(ArrayList.java:1541)\n\tat org.testng.TestRunner.privateRun(TestRunner.java:806)\n\tat org.testng.TestRunner.run(TestRunner.java:601)\n\tat org.testng.SuiteRunner.runTest(SuiteRunner.java:433)\n\tat org.testng.SuiteRunner.runSequentially(SuiteRunner.java:427)\n\tat org.testng.SuiteRunner.privateRun(SuiteRunner.java:387)\n\tat org.testng.SuiteRunner.run(SuiteRunner.java:330)\n\tat org.testng.SuiteRunnerWorker.runSuite(SuiteRunnerWorker.java:52)\n\tat org.testng.SuiteRunnerWorker.run(SuiteRunnerWorker.java:95)\n\tat org.testng.TestNG.runSuitesSequentially(TestNG.java:1256)\n\tat org.testng.TestNG.runSuitesLocally(TestNG.java:1176)\n\tat org.testng.TestNG.runSuites(TestNG.java:1099)\n\tat org.testng.TestNG.run(TestNG.java:1067)\n\tat org.apache.maven.surefire.testng.TestNGExecutor.run(TestNGExecutor.java:324)\n\tat org.apache.maven.surefire.testng.TestNGXmlTestSuite.execute(TestNGXmlTestSuite.java:74)\n\tat org.apache.maven.surefire.testng.TestNGProvider.invoke(TestNGProvider.java:123)\n\tat org.apache.maven.surefire.booter.ForkedBooter.runSuitesInProcess(ForkedBooter.java:456)\n\tat org.apache.maven.surefire.booter.ForkedBooter.execute(ForkedBooter.java:169)\n\tat org.apache.maven.surefire.booter.ForkedBooter.run(ForkedBooter.java:595)\n\tat org.apache.maven.surefire.booter.ForkedBooter.main(ForkedBooter.java:581)\nCaused by: org.openqa.selenium.NoSuchElementException: no such element: Unable to locate element: {\"method\":\"xpath\",\"selector\":\"//*[contains(@class, 'slds-page-header')]//ancestor::lightning-primitive-icon/*[@data-key='home']\"}\n  (Session info: headless chrome=110.0.5481.177)\nFor documentation on this error, please visit: https://selenium.dev/exceptions/#no_such_element\nBuild info: version: '4.6.0', revision: '79f1c02ae20'\nSystem info: os.name: 'Linux', os.arch: 'amd64', os.version: '5.15.0-1033-azure', java.version: '11.0.18'\nDriver info: org.openqa.selenium.chrome.ChromeDriver\nCommand: [ab24cb312cbfc4980b2119b5ddeda6a9, findElement {using=xpath, value=//*[contains(@class, 'slds-page-header')]//ancestor::lightning-primitive-icon/*[@data-key='home']}]\nCapabilities {acceptInsecureCerts: true, browserName: chrome, browserVersion: 110.0.5481.177, chrome: {chromedriverVersion: 110.0.5481.77 (65ed616c6e8e..., userDataDir: /tmp/.com.google.Chrome.hPlof8}, goog:chromeOptions: {debuggerAddress: localhost:36137}, networkConnectionEnabled: false, pageLoadStrategy: normal, platformName: LINUX, proxy: Proxy(), se:cdp: ws://localhost:36137/devtoo..., se:cdpVersion: 110.0.5481.177, setWindowRect: true, strictFileInteractability: false, timeouts: {implicit: 0, pageLoad: 300000, script: 30000}, unhandledPromptBehavior: accept, webauthn:extension:credBlob: true, webauthn:extension:largeBlob: true, webauthn:virtualAuthenticators: true}\nSession ID: ab24cb312cbfc4980b2119b5ddeda6a9\n\tat jdk.internal.reflect.GeneratedConstructorAccessor23.newInstance(Unknown Source)\n\tat java.base/jdk.internal.reflect.DelegatingConstructorAccessorImpl.newInstance(DelegatingConstructorAccessorImpl.java:45)\n\tat java.base/java.lang.reflect.Constructor.newInstance(Constructor.java:490)\n\tat org.openqa.selenium.remote.codec.w3c.W3CHttpResponseCodec.createException(W3CHttpResponseCodec.java:200)\n\tat org.openqa.selenium.remote.codec.w3c.W3CHttpResponseCodec.decode(W3CHttpResponseCodec.java:133)\n\tat org.openqa.selenium.remote.codec.w3c.W3CHttpResponseCodec.decode(W3CHttpResponseCodec.java:53)\n\tat org.openqa.selenium.remote.HttpCommandExecutor.execute(HttpCommandExecutor.java:184)\n\tat org.openqa.selenium.remote.service.DriverCommandExecutor.invokeExecute(DriverCommandExecutor.java:167)\n\tat org.openqa.selenium.remote.service.DriverCommandExecutor.execute(DriverCommandExecutor.java:142)\n\tat org.openqa.selenium.remote.RemoteWebDriver.execute(RemoteWebDriver.java:541)\n\tat org.openqa.selenium.remote.ElementLocation$ElementFinder$2.findElement(ElementLocation.java:162)\n\tat org.openqa.selenium.remote.ElementLocation.findElement(ElementLocation.java:60)\n\tat org.openqa.selenium.remote.RemoteWebDriver.findElement(RemoteWebDriver.java:365)\n\tat org.openqa.selenium.remote.RemoteWebDriver.findElement(RemoteWebDriver.java:357)\n\tat com.codeborne.selenide.impl.WebElementSelector.findElement(WebElementSelector.java:70)\n\tat com.codeborne.selenide.impl.WebElementSelector.findElement(WebElementSelector.java:44)\n\tat com.codeborne.selenide.impl.WebElementSelector.findElement(WebElementSelector.java:33)\n\tat com.codeborne.selenide.impl.ElementFinder.getWebElement(ElementFinder.java:118)\n\tat com.codeborne.selenide.impl.WebElementSource.checkConditionAndReturnElement(WebElementSource.java:110)\n\t... 42 more\n","steps":[],"attachments":[{"uid":"efe9c31107e4a7d6","name":"Screenshot","source":"efe9c31107e4a7d6.png","type":"image/png","size":171772}],"parameters":[{"name":"username","value":"testfoagent1@gmail.com.acierto.staging"},{"name":"password","value":"URyd457&w"}],"stepsCount":0,"attachmentsCount":1,"shouldDisplayMessage":true,"hasContent":true}],"attachments":[],"parameters":[],"stepsCount":23,"attachmentsCount":1,"shouldDisplayMessage":false,"hasContent":true},"afterStages":[{"name":"Close browser","time":{"start":1677840276439,"stop":1677840276540,"duration":101},"description":"Close browser","status":"passed","steps":[],"attachments":[],"parameters":[],"stepsCount":0,"attachmentsCount":0,"shouldDisplayMessage":false,"hasContent":false}],"labels":[{"name":"package","value":"com.itechart.tests.AciertoCallMeTest"},{"name":"testClass","value":"com.itechart.tests.AciertoCallMeTest"},{"name":"testMethod","value":"acietroCallMeComparisonPage"},{"name":"parentSuite","value":"Build Verification Test"},{"name":"suite","value":"Validate the test creation throw CallMe form"},{"name":"subSuite","value":"com.itechart.tests.AciertoCallMeTest"},{"name":"host","value":"fv-az309-15"},{"name":"thread","value":"2353@fv-az309-15.main(1)"},{"name":"framework","value":"testng"},{"name":"language","value":"java"},{"name":"resultFormat","value":"allure2"}],"parameters":[],"links":[],"hidden":true,"retry":true,"extra":{"categories":[],"tags":[]},"source":"c8dac2303d009f81.json","parameterValues":[]}